Dataset S2022Sap.xlsx temp 1/10: lambda=3.162e-06, total CV=1.057416e+05, mean resid=1.607459e+02, peaks=4
  lambda index 6 of 21
Dataset S2022Sap.xlsx temp 2/10: lambda=1.000e-08, total CV=1.304344e+06, mean resid=3.683855e+02, peaks=7
  lambda index 1 of 21
Dataset S2022Sap.xlsx temp 3/10: lambda=1.000e-02, total CV=3.608116e+05, mean resid=2.345395e+02, peaks=2
  lambda index 13 of 21
Dataset S2022Sap.xlsx temp 4/10: lambda=3.162e-03, total CV=4.338583e+05, mean resid=2.360612e+02, peaks=3
  lambda index 12 of 21
Dataset S2022Sap.xlsx temp 5/10: lambda=3.162e-03, total CV=7.776813e+04, mean resid=1.224939e+02, peaks=3
  lambda index 12 of 21
Dataset S2022Sap.xlsx temp 6/10: lambda=3.162e-03, total CV=6.606183e+04, mean resid=1.145851e+02, peaks=2
  lambda index 12 of 21
Dataset S2022Sap.xlsx temp 7/10: lambda=3.162e-03, total CV=6.247159e+04, mean resid=1.111558e+02, peaks=2
  lambda index 12 of 21
Dataset S2022Sap.xlsx temp 8/10: lambda=1.000e-03, total CV=5.744321e+04, mean resid=1.046924e+02, peaks=2
  lambda index 11 of 21
Dataset S2022Sap.xlsx temp 9/10: lambda=3.162e-03, total CV=5.142419e+04, mean resid=1.011840e+02, peaks=2
  lambda index 12 of 21
Dataset S2022Sap.xlsx temp 10/10: lambda=3.162e-03, total CV=5.125132e+04, mean resid=9.960464e+01, peaks=2
  lambda index 12 of 21
Wrote Bayes-DRT workflow report: C:\Users\mitra\Downloads\matlab analysis\s2022sap_bayes_drt_matlab2011_10temp.txt

ans = 

  struct with fields:

                         dataset: 'S2022Sap.xlsx'
                     output_file: 'C:\Users\mitra\Downloads\matlab analysis\s2022sap_bayes_drt_matlab2011_10temp.txt'
    total_available_temperatures: 69
              total_temperatures: 10
                     lambda_grid: [21x1 double]
                 selected_lambda: [10x1 double]
                         real_cv: [10x1 double]
                         imag_cv: [10x1 double]
                        total_cv: [10x1 double]
                   mean_residual: [10x1 double]
                      peak_count: [10x1 double]

