S2022 near 280 K lambda sweep with refined peak counting
Selected temperature: 280.34 K
  lambda= 1.0e-04 | mean residual=67.083029 | refined peaks=3 (base=3 hidden=0)
  lambda= 1.0e-03 | mean residual=67.953007 | refined peaks=3 (base=3 hidden=0)
  lambda= 5.0e-03 | mean residual=69.608904 | refined peaks=2 (base=2 hidden=0)
  lambda= 1.0e-02 | mean residual=70.619698 | refined peaks=2 (base=2 hidden=0)
  lambda= 1.0e-01 | mean residual=84.956768 | refined peaks=4 (base=1 hidden=3)

Lambda choice for CV:
  Residual difference between 1e-4 and 1e-3: 1.297 %
  Small-difference threshold                : 2.000 %
  Selected CV lambda                        : 1.0e-03
  CV run 1/5 | train resid=64.600762 | holdout resid=82.378500 | peaks=9
  CV run 2/5 | train resid=69.565325 | holdout resid=58.606566 | peaks=10
  CV run 3/5 | train resid=74.233451 | holdout resid=37.235578 | peaks=9
  CV run 4/5 | train resid=57.246977 | holdout resid=122.920264 | peaks=8
  CV run 5/5 | train resid=75.953603 | holdout resid=24.558530 | peaks=7

15% holdout CV summary at lambda 1.0e-03:
  Mean train residual   : 68.320024
  Mean holdout residual : 65.139888
  Std holdout residual  : 39.063803
  Peak count mode       : 9

Saved: C:\Users\mitra\Downloads\matlab analysis\s2022_280k_lambda_sweep_cv.xlsx
Saved: C:\Users\mitra\Downloads\matlab analysis\s2022_280k_lambda_sweep_refined_peaks.png
Saved: C:\Users\mitra\Downloads\matlab analysis\s2022_280k_cv_resampling.png
