Dataset S2302Sap.xlsx temp 1/10: lambda=3.162e-06, total CV=4.495024e+04, mean resid=6.474813e+01, peaks=3
  lambda index 6 of 21
Dataset S2302Sap.xlsx temp 2/10: lambda=3.162e-07, total CV=4.328524e+04, mean resid=6.523090e+01, peaks=4
  lambda index 4 of 21
Dataset S2302Sap.xlsx temp 3/10: lambda=3.162e-08, total CV=1.431936e+05, mean resid=1.367846e+02, peaks=5
  lambda index 2 of 21
Dataset S2302Sap.xlsx temp 4/10: lambda=3.162e-01, total CV=1.066706e+10, mean resid=4.694719e+04, peaks=1
  lambda index 16 of 21
Dataset S2302Sap.xlsx temp 5/10: lambda=1.000e-04, total CV=4.958354e+04, mean resid=7.503116e+01, peaks=2
  lambda index 9 of 21
Dataset S2302Sap.xlsx temp 6/10: lambda=1.000e-08, total CV=4.364767e+04, mean resid=7.100220e+01, peaks=3
  lambda index 1 of 21
Dataset S2302Sap.xlsx temp 7/10: lambda=1.000e-06, total CV=4.987418e+04, mean resid=1.057110e+02, peaks=3
  lambda index 5 of 21
Dataset S2302Sap.xlsx temp 8/10: lambda=1.000e-08, total CV=7.828783e+04, mean resid=1.425632e+02, peaks=2
  lambda index 1 of 21
Dataset S2302Sap.xlsx temp 9/10: lambda=1.000e-05, total CV=9.114917e+05, mean resid=4.574654e+02, peaks=2
  lambda index 7 of 21
Dataset S2302Sap.xlsx temp 10/10: lambda=3.162e-03, total CV=9.159024e+08, mean resid=1.129799e+04, peaks=1
  lambda index 12 of 21
Wrote Bayes-DRT workflow report: C:\Users\mitra\Downloads\matlab analysis\s2302sap_bayes_drt_matlab2011_10temp.txt

ans = 

  struct with fields:

                         dataset: 'S2302Sap.xlsx'
                     output_file: 'C:\Users\mitra\Downloads\matlab analysis\s2302sap_bayes_drt_matlab2011_10temp.txt'
    total_available_temperatures: 86
              total_temperatures: 10
                     lambda_grid: [21x1 double]
                 selected_lambda: [10x1 double]
                         real_cv: [10x1 double]
                         imag_cv: [10x1 double]
                        total_cv: [10x1 double]
                   mean_residual: [10x1 double]
                      peak_count: [10x1 double]

