Dataset S2322Sap.xlsx temp 1/10: lambda=1.000e-03, total CV=8.905308e+10, mean resid=9.075534e+04, peaks=2
  lambda index 11 of 21
Dataset S2322Sap.xlsx temp 2/10: lambda=1.000e-02, total CV=1.487641e+12, mean resid=2.034740e+05, peaks=1
  lambda index 13 of 21
Dataset S2322Sap.xlsx temp 3/10: lambda=3.162e-03, total CV=6.515419e+10, mean resid=6.623764e+04, peaks=2
  lambda index 12 of 21
Dataset S2322Sap.xlsx temp 4/10: lambda=3.162e-03, total CV=2.258655e+09, mean resid=1.688666e+04, peaks=1
  lambda index 12 of 21
Dataset S2322Sap.xlsx temp 5/10: lambda=1.000e-02, total CV=3.038026e+09, mean resid=1.783105e+04, peaks=2
  lambda index 13 of 21
Dataset S2322Sap.xlsx temp 6/10: lambda=1.000e-03, total CV=6.197161e+08, mean resid=8.852546e+03, peaks=2
  lambda index 11 of 21
Dataset S2322Sap.xlsx temp 7/10: lambda=1.000e-02, total CV=4.765939e+08, mean resid=8.520474e+03, peaks=1
  lambda index 13 of 21
Dataset S2322Sap.xlsx temp 8/10: lambda=1.000e-02, total CV=3.321785e+08, mean resid=7.401370e+03, peaks=1
  lambda index 13 of 21
Dataset S2322Sap.xlsx temp 9/10: lambda=3.162e-05, total CV=1.428443e+08, mean resid=4.568376e+03, peaks=3
  lambda index 8 of 21
Dataset S2322Sap.xlsx temp 10/10: lambda=3.162e-06, total CV=2.216879e+08, mean resid=4.911170e+03, peaks=3
  lambda index 6 of 21
Wrote Bayes-DRT workflow report: C:\Users\mitra\Downloads\matlab analysis\s2322sap_bayes_drt_matlab2011_10temp.txt

ans = 

  struct with fields:

                         dataset: 'S2322Sap.xlsx'
                     output_file: 'C:\Users\mitra\Downloads\matlab analysis\s2322sap_bayes_drt_matlab2011_10temp.txt'
    total_available_temperatures: 69
              total_temperatures: 10
                     lambda_grid: [21x1 double]
                 selected_lambda: [10x1 double]
                         real_cv: [10x1 double]
                         imag_cv: [10x1 double]
                        total_cv: [10x1 double]
                   mean_residual: [10x1 double]
                      peak_count: [10x1 double]

