Dataset S2422Sap.xlsx temp 1/10: lambda=1.000e-03, total CV=5.275593e+04, mean resid=7.352069e+01, peaks=2
  lambda index 11 of 21
Dataset S2422Sap.xlsx temp 2/10: lambda=1.000e-03, total CV=5.281621e+04, mean resid=7.341518e+01, peaks=2
  lambda index 11 of 21
Dataset S2422Sap.xlsx temp 3/10: lambda=1.000e-03, total CV=5.250345e+04, mean resid=7.313291e+01, peaks=2
  lambda index 11 of 21
Dataset S2422Sap.xlsx temp 4/10: lambda=1.000e-03, total CV=5.257712e+04, mean resid=7.352798e+01, peaks=2
  lambda index 11 of 21
Dataset S2422Sap.xlsx temp 5/10: lambda=1.000e-03, total CV=5.255090e+04, mean resid=7.353623e+01, peaks=2
  lambda index 11 of 21
Dataset S2422Sap.xlsx temp 6/10: lambda=1.000e-03, total CV=5.211231e+04, mean resid=7.214831e+01, peaks=2
  lambda index 11 of 21
Dataset S2422Sap.xlsx temp 7/10: lambda=1.000e-03, total CV=5.224779e+04, mean resid=7.307193e+01, peaks=2
  lambda index 11 of 21
Dataset S2422Sap.xlsx temp 8/10: lambda=1.000e-03, total CV=5.289316e+04, mean resid=7.352008e+01, peaks=2
  lambda index 11 of 21
Dataset S2422Sap.xlsx temp 9/10: lambda=1.000e-03, total CV=5.232641e+04, mean resid=7.269795e+01, peaks=2
  lambda index 11 of 21
Dataset S2422Sap.xlsx temp 10/10: lambda=3.162e-04, total CV=5.406875e+04, mean resid=7.294910e+01, peaks=2
  lambda index 10 of 21
Wrote Bayes-DRT workflow report: C:\Users\mitra\Downloads\matlab analysis\s2422sap_bayes_drt_matlab2011_10temp.txt

ans = 

  struct with fields:

                         dataset: 'S2422Sap.xlsx'
                     output_file: 'C:\Users\mitra\Downloads\matlab analysis\s2422sap_bayes_drt_matlab2011_10temp.txt'
    total_available_temperatures: 114
              total_temperatures: 10
                     lambda_grid: [21x1 double]
                 selected_lambda: [10x1 double]
                         real_cv: [10x1 double]
                         imag_cv: [10x1 double]
                        total_cv: [10x1 double]
                   mean_residual: [10x1 double]
                      peak_count: [10x1 double]

