Dataset S2422Al.xlsx temp 1/10: lambda=1.000e-03, total CV=5.214136e+13, mean resid=1.456909e+06, peaks=2
  lambda index 11 of 21
Dataset S2422Al.xlsx temp 2/10: lambda=3.162e-01, total CV=4.955006e+10, mean resid=6.662801e+04, peaks=1
  lambda index 16 of 21
Dataset S2422Al.xlsx temp 3/10: lambda=3.162e-01, total CV=1.238100e+10, mean resid=5.285070e+04, peaks=2
  lambda index 16 of 21
Dataset S2422Al.xlsx temp 4/10: lambda=1.000e-08, total CV=7.187393e+09, mean resid=2.846304e+04, peaks=3
  lambda index 1 of 21
Dataset S2422Al.xlsx temp 5/10: lambda=1.000e-02, total CV=1.495748e+10, mean resid=3.801605e+04, peaks=2
  lambda index 13 of 21
Dataset S2422Al.xlsx temp 6/10: lambda=1.000e-02, total CV=1.509040e+09, mean resid=1.313051e+04, peaks=2
  lambda index 13 of 21
Dataset S2422Al.xlsx temp 7/10: lambda=1.000e-08, total CV=2.485057e+13, mean resid=1.108732e+06, peaks=2
  lambda index 1 of 21
Dataset S2422Al.xlsx temp 8/10: lambda=1.000e-03, total CV=1.494038e+09, mean resid=1.307005e+04, peaks=2
  lambda index 11 of 21
Dataset S2422Al.xlsx temp 9/10: lambda=1.000e-02, total CV=1.070769e+09, mean resid=1.093283e+04, peaks=2
  lambda index 13 of 21
Dataset S2422Al.xlsx temp 10/10: lambda=3.162e-03, total CV=9.296427e+08, mean resid=9.974568e+03, peaks=2
  lambda index 12 of 21
Wrote Bayes-DRT workflow report: C:\Users\mitra\Downloads\matlab analysis\s2422al_bayes_drt_matlab2011_10temp.txt

ans = 

  struct with fields:

                         dataset: 'S2422Al.xlsx'
                     output_file: 'C:\Users\mitra\Downloads\matlab analysis\s2422al_bayes_drt_matlab2011_10temp.txt'
    total_available_temperatures: 100
              total_temperatures: 10
                     lambda_grid: [21x1 double]
                 selected_lambda: [10x1 double]
                         real_cv: [10x1 double]
                         imag_cv: [10x1 double]
                        total_cv: [10x1 double]
                   mean_residual: [10x1 double]
                      peak_count: [10x1 double]

