Dataset S2022Al.xlsx temp 1/10: lambda=1.000e-04, total CV=3.651717e+06, mean resid=7.017858e+02, peaks=2
  lambda index 9 of 21
Dataset S2022Al.xlsx temp 2/10: lambda=1.000e-08, total CV=1.692991e+06, mean resid=4.774335e+02, peaks=5
  lambda index 1 of 21
Dataset S2022Al.xlsx temp 3/10: lambda=3.162e-07, total CV=1.594271e+06, mean resid=4.876735e+02, peaks=4
  lambda index 4 of 21
Dataset S2022Al.xlsx temp 4/10: lambda=1.000e-08, total CV=1.568391e+06, mean resid=4.764678e+02, peaks=5
  lambda index 1 of 21
Dataset S2022Al.xlsx temp 5/10: lambda=1.000e-05, total CV=1.441375e+06, mean resid=4.691773e+02, peaks=4
  lambda index 7 of 21
Dataset S2022Al.xlsx temp 6/10: lambda=3.162e-04, total CV=1.779417e+06, mean resid=5.138071e+02, peaks=3
  lambda index 10 of 21
Dataset S2022Al.xlsx temp 7/10: lambda=3.162e-04, total CV=1.845129e+06, mean resid=5.283995e+02, peaks=2
  lambda index 10 of 21
Dataset S2022Al.xlsx temp 8/10: lambda=3.162e-05, total CV=1.178850e+06, mean resid=3.931445e+02, peaks=2
  lambda index 8 of 21
Dataset S2022Al.xlsx temp 9/10: lambda=3.162e-04, total CV=5.835440e+05, mean resid=2.781400e+02, peaks=3
  lambda index 10 of 21
Dataset S2022Al.xlsx temp 10/10: lambda=1.000e-04, total CV=1.306376e+05, mean resid=1.698937e+02, peaks=2
  lambda index 9 of 21
Wrote Bayes-DRT workflow report: C:\Users\mitra\Downloads\matlab analysis\s2022al_bayes_drt_matlab2011_b1_10.txt

ans = 

  struct with fields:

                         dataset: 'S2022Al.xlsx'
                     output_file: 'C:\Users\mitra\Downloads\matlab analysis\s2022al_bayes_drt_matlab2011_b1_10.txt'
    total_available_temperatures: 77
               batch_start_index: 1
                 batch_end_index: 10
              total_temperatures: 10
                     lambda_grid: [21x1 double]
                 selected_lambda: [10x1 double]
                         real_cv: [10x1 double]
                         imag_cv: [10x1 double]
                        total_cv: [10x1 double]
                   mean_residual: [10x1 double]
                      peak_count: [10x1 double]

