Dataset S2022Al.xlsx temp 1/10: lambda=1.000e-08, total CV=3.063257e+12, mean resid=3.985622e+05, peaks=2
  lambda index 1 of 21
Dataset S2022Al.xlsx temp 2/10: lambda=1.000e-01, total CV=1.830510e+12, mean resid=3.371276e+05, peaks=1
  lambda index 15 of 21
Dataset S2022Al.xlsx temp 3/10: lambda=3.162e-05, total CV=4.464176e+04, mean resid=1.204236e+02, peaks=3
  lambda index 8 of 21
Dataset S2022Al.xlsx temp 4/10: lambda=1.000e-01, total CV=2.105897e+12, mean resid=4.150920e+05, peaks=1
  lambda index 15 of 21
Dataset S2022Al.xlsx temp 5/10: lambda=3.162e-01, total CV=8.721833e+05, mean resid=4.486377e+02, peaks=1
  lambda index 16 of 21
Dataset S2022Al.xlsx temp 6/10: lambda=3.162e+00, total CV=4.206382e+08, mean resid=1.184392e+04, peaks=2
  lambda index 18 of 21
Dataset S2022Al.xlsx temp 7/10: lambda=1.000e+00, total CV=1.729999e+07, mean resid=2.037876e+03, peaks=2
  lambda index 17 of 21
Dataset S2022Al.xlsx temp 8/10: lambda=1.000e+00, total CV=2.191991e+07, mean resid=2.900537e+03, peaks=1
  lambda index 17 of 21
Dataset S2022Al.xlsx temp 9/10: lambda=1.000e-04, total CV=8.275068e+03, mean resid=4.885659e+01, peaks=2
  lambda index 9 of 21
Dataset S2022Al.xlsx temp 10/10: lambda=3.162e-06, total CV=2.036692e+06, mean resid=6.593034e+02, peaks=4
  lambda index 6 of 21
Wrote Bayes-DRT workflow report: C:\Users\mitra\Downloads\matlab analysis\s2022al_bayes_drt_matlab2011_b51_60.txt

ans = 

  struct with fields:

                         dataset: 'S2022Al.xlsx'
                     output_file: 'C:\Users\mitra\Downloads\matlab analysis\s2022al_bayes_drt_matlab2011_b51_60.txt'
    total_available_temperatures: 77
               batch_start_index: 51
                 batch_end_index: 60
              total_temperatures: 10
                     lambda_grid: [21x1 double]
                 selected_lambda: [10x1 double]
                         real_cv: [10x1 double]
                         imag_cv: [10x1 double]
                        total_cv: [10x1 double]
                   mean_residual: [10x1 double]
                      peak_count: [10x1 double]

