Dataset S2022Sap.xlsx temp 1/10: lambda=3.162e-03, total CV=6.056148e+04, mean resid=1.082505e+02, peaks=3
  lambda index 12 of 21
Dataset S2022Sap.xlsx temp 2/10: lambda=3.162e-03, total CV=5.367695e+04, mean resid=9.723809e+01, peaks=2
  lambda index 12 of 21
Dataset S2022Sap.xlsx temp 3/10: lambda=3.162e-03, total CV=7.047467e+04, mean resid=1.298067e+02, peaks=2
  lambda index 12 of 21
Dataset S2022Sap.xlsx temp 4/10: lambda=3.162e-03, total CV=5.633567e+04, mean resid=1.144664e+02, peaks=2
  lambda index 12 of 21
Dataset S2022Sap.xlsx temp 5/10: lambda=3.162e-03, total CV=5.061954e+04, mean resid=7.172557e+01, peaks=3
  lambda index 12 of 21
Dataset S2022Sap.xlsx temp 6/10: lambda=1.000e-02, total CV=4.967072e+04, mean resid=7.744966e+01, peaks=2
  lambda index 13 of 21
Dataset S2022Sap.xlsx temp 7/10: lambda=3.162e-03, total CV=5.028722e+04, mean resid=7.177021e+01, peaks=2
  lambda index 12 of 21
Dataset S2022Sap.xlsx temp 8/10: lambda=3.162e-03, total CV=5.036782e+04, mean resid=7.092732e+01, peaks=2
  lambda index 12 of 21
Dataset S2022Sap.xlsx temp 9/10: lambda=3.162e-03, total CV=4.984273e+04, mean resid=7.015369e+01, peaks=2
  lambda index 12 of 21
Dataset S2022Sap.xlsx temp 10/10: lambda=3.162e-03, total CV=4.997876e+04, mean resid=7.106489e+01, peaks=2
  lambda index 12 of 21
Wrote Bayes-DRT workflow report: C:\Users\mitra\Downloads\matlab analysis\s2022sap_bayes_drt_matlab2011_b51_60.txt

ans = 

  struct with fields:

                         dataset: 'S2022Sap.xlsx'
                     output_file: 'C:\Users\mitra\Downloads\matlab analysis\s2022sap_bayes_drt_matlab2011_b51_60.txt'
    total_available_temperatures: 69
               batch_start_index: 51
                 batch_end_index: 60
              total_temperatures: 10
                     lambda_grid: [21x1 double]
                 selected_lambda: [10x1 double]
                         real_cv: [10x1 double]
                         imag_cv: [10x1 double]
                        total_cv: [10x1 double]
                   mean_residual: [10x1 double]
                      peak_count: [10x1 double]

