Dataset S2022Al.xlsx temp 1/10: lambda=1.000e-05, total CV=1.316514e+04, mean resid=6.161551e+01, peaks=4
  lambda index 7 of 21
Dataset S2022Al.xlsx temp 2/10: lambda=3.162e-07, total CV=1.110911e+04, mean resid=5.948035e+01, peaks=5
  lambda index 4 of 21
Dataset S2022Al.xlsx temp 3/10: lambda=3.162e-04, total CV=1.161975e+04, mean resid=6.052325e+01, peaks=2
  lambda index 10 of 21
Dataset S2022Al.xlsx temp 4/10: lambda=3.162e-04, total CV=1.136114e+04, mean resid=5.832703e+01, peaks=2
  lambda index 10 of 21
Dataset S2022Al.xlsx temp 5/10: lambda=1.000e-08, total CV=1.136935e+04, mean resid=5.620472e+01, peaks=6
  lambda index 1 of 21
Dataset S2022Al.xlsx temp 6/10: lambda=1.000e-05, total CV=1.182761e+04, mean resid=5.880611e+01, peaks=2
  lambda index 7 of 21
Dataset S2022Al.xlsx temp 7/10: lambda=1.000e-08, total CV=1.071088e+04, mean resid=5.441578e+01, peaks=6
  lambda index 1 of 21
Dataset S2022Al.xlsx temp 8/10: lambda=1.000e-07, total CV=9.210441e+03, mean resid=5.398253e+01, peaks=5
  lambda index 3 of 21
Dataset S2022Al.xlsx temp 9/10: lambda=1.000e-08, total CV=8.221857e+03, mean resid=5.193223e+01, peaks=6
  lambda index 1 of 21
Dataset S2022Al.xlsx temp 10/10: lambda=3.162e-01, total CV=1.076325e+11, mean resid=1.128267e+05, peaks=1
  lambda index 16 of 21
Wrote Bayes-DRT workflow report: C:\Users\mitra\Downloads\matlab analysis\s2022al_bayes_drt_matlab2011_b41_50.txt

ans = 

  struct with fields:

                         dataset: 'S2022Al.xlsx'
                     output_file: 'C:\Users\mitra\Downloads\matlab analysis\s2022al_bayes_drt_matlab2011_b41_50.txt'
    total_available_temperatures: 77
               batch_start_index: 41
                 batch_end_index: 50
              total_temperatures: 10
                     lambda_grid: [21x1 double]
                 selected_lambda: [10x1 double]
                         real_cv: [10x1 double]
                         imag_cv: [10x1 double]
                        total_cv: [10x1 double]
                   mean_residual: [10x1 double]
                      peak_count: [10x1 double]

