Dataset S2022Sap.xlsx temp 1/10: lambda=1.000e-03, total CV=4.957403e+04, mean resid=9.278045e+01, peaks=2
  lambda index 11 of 21
Dataset S2022Sap.xlsx temp 2/10: lambda=3.162e-04, total CV=4.844164e+04, mean resid=8.984428e+01, peaks=3
  lambda index 10 of 21
Dataset S2022Sap.xlsx temp 3/10: lambda=1.000e-03, total CV=4.978599e+04, mean resid=8.871383e+01, peaks=2
  lambda index 11 of 21
Dataset S2022Sap.xlsx temp 4/10: lambda=3.162e-03, total CV=4.899762e+04, mean resid=9.137794e+01, peaks=2
  lambda index 12 of 21
Dataset S2022Sap.xlsx temp 5/10: lambda=3.162e-03, total CV=4.989644e+04, mean resid=9.027337e+01, peaks=2
  lambda index 12 of 21
Dataset S2022Sap.xlsx temp 6/10: lambda=3.162e-03, total CV=4.882190e+04, mean resid=8.754629e+01, peaks=2
  lambda index 12 of 21
Dataset S2022Sap.xlsx temp 7/10: lambda=3.162e-03, total CV=4.845949e+04, mean resid=8.610917e+01, peaks=2
  lambda index 12 of 21
Dataset S2022Sap.xlsx temp 8/10: lambda=3.162e-03, total CV=4.874763e+04, mean resid=8.302578e+01, peaks=2
  lambda index 12 of 21
Dataset S2022Sap.xlsx temp 9/10: lambda=3.162e-03, total CV=4.882993e+04, mean resid=8.153406e+01, peaks=2
  lambda index 12 of 21
Dataset S2022Sap.xlsx temp 10/10: lambda=3.162e-03, total CV=4.903994e+04, mean resid=8.131565e+01, peaks=2
  lambda index 12 of 21
Wrote Bayes-DRT workflow report: C:\Users\mitra\Downloads\matlab analysis\s2022sap_bayes_drt_matlab2011_b11_20.txt

ans = 

  struct with fields:

                         dataset: 'S2022Sap.xlsx'
                     output_file: 'C:\Users\mitra\Downloads\matlab analysis\s2022sap_bayes_drt_matlab2011_b11_20.txt'
    total_available_temperatures: 69
               batch_start_index: 11
                 batch_end_index: 20
              total_temperatures: 10
                     lambda_grid: [21x1 double]
                 selected_lambda: [10x1 double]
                         real_cv: [10x1 double]
                         imag_cv: [10x1 double]
                        total_cv: [10x1 double]
                   mean_residual: [10x1 double]
                      peak_count: [10x1 double]

