Dataset S2022Al.xlsx temp 1/10: lambda=3.162e-04, total CV=9.336509e+04, mean resid=1.335282e+02, peaks=2
  lambda index 10 of 21
Dataset S2022Al.xlsx temp 2/10: lambda=3.162e-04, total CV=1.034977e+05, mean resid=1.538271e+02, peaks=2
  lambda index 10 of 21
Dataset S2022Al.xlsx temp 3/10: lambda=1.000e-04, total CV=5.671449e+04, mean resid=1.113539e+02, peaks=3
  lambda index 9 of 21
Dataset S2022Al.xlsx temp 4/10: lambda=3.162e-04, total CV=4.273581e+12, mean resid=5.267244e+05, peaks=1
  lambda index 10 of 21
Dataset S2022Al.xlsx temp 5/10: lambda=3.162e-03, total CV=3.230434e+12, mean resid=4.153693e+05, peaks=2
  lambda index 12 of 21
Dataset S2022Al.xlsx temp 6/10: lambda=3.162e-05, total CV=2.816271e+08, mean resid=7.000987e+03, peaks=2
  lambda index 8 of 21
Dataset S2022Al.xlsx temp 7/10: lambda=3.162e-03, total CV=1.838951e+08, mean resid=6.602448e+03, peaks=1
  lambda index 12 of 21
Dataset S2022Al.xlsx temp 8/10: lambda=1.000e-05, total CV=1.000379e+05, mean resid=1.454237e+02, peaks=4
  lambda index 7 of 21
Dataset S2022Al.xlsx temp 9/10: lambda=1.000e-01, total CV=3.456560e+06, mean resid=5.123275e+02, peaks=2
  lambda index 15 of 21
Dataset S2022Al.xlsx temp 10/10: lambda=1.000e-03, total CV=2.496129e+04, mean resid=8.082427e+01, peaks=2
  lambda index 11 of 21
Wrote Bayes-DRT workflow report: C:\Users\mitra\Downloads\matlab analysis\s2022al_bayes_drt_matlab2011_b21_30.txt

ans = 

  struct with fields:

                         dataset: 'S2022Al.xlsx'
                     output_file: 'C:\Users\mitra\Downloads\matlab analysis\s2022al_bayes_drt_matlab2011_b21_30.txt'
    total_available_temperatures: 77
               batch_start_index: 21
                 batch_end_index: 30
              total_temperatures: 10
                     lambda_grid: [21x1 double]
                 selected_lambda: [10x1 double]
                         real_cv: [10x1 double]
                         imag_cv: [10x1 double]
                        total_cv: [10x1 double]
                   mean_residual: [10x1 double]
                      peak_count: [10x1 double]

