Dataset S2022Al.xlsx temp 1/7: lambda=3.162e-05, total CV=1.766674e+05, mean resid=1.374311e+02, peaks=5
  lambda index 8 of 21
Dataset S2022Al.xlsx temp 2/7: lambda=3.162e-04, total CV=7.732864e+04, mean resid=1.064441e+02, peaks=3
  lambda index 10 of 21
Dataset S2022Al.xlsx temp 3/7: lambda=3.162e-05, total CV=5.321721e+03, mean resid=3.660976e+01, peaks=3
  lambda index 8 of 21
Dataset S2022Al.xlsx temp 4/7: lambda=3.162e-05, total CV=5.511468e+03, mean resid=3.754311e+01, peaks=3
  lambda index 8 of 21
Dataset S2022Al.xlsx temp 5/7: lambda=1.000e-05, total CV=5.120941e+03, mean resid=3.580269e+01, peaks=4
  lambda index 7 of 21
Dataset S2022Al.xlsx temp 6/7: lambda=1.000e-06, total CV=9.966791e+03, mean resid=4.256963e+01, peaks=6
  lambda index 5 of 21
Dataset S2022Al.xlsx temp 7/7: lambda=3.162e-05, total CV=5.611413e+03, mean resid=3.592212e+01, peaks=2
  lambda index 8 of 21
Wrote Bayes-DRT workflow report: C:\Users\mitra\Downloads\matlab analysis\s2022al_bayes_drt_matlab2011_b71_77.txt

ans = 

  struct with fields:

                         dataset: 'S2022Al.xlsx'
                     output_file: 'C:\Users\mitra\Downloads\matlab analysis\s2022al_bayes_drt_matlab2011_b71_77.txt'
    total_available_temperatures: 77
               batch_start_index: 71
                 batch_end_index: 77
              total_temperatures: 7
                     lambda_grid: [21x1 double]
                 selected_lambda: [7x1 double]
                         real_cv: [7x1 double]
                         imag_cv: [7x1 double]
                        total_cv: [7x1 double]
                   mean_residual: [7x1 double]
                      peak_count: [7x1 double]

