Dataset S2022Sap.xlsx temp 1/10: lambda=3.162e-03, total CV=5.000534e+04, mean resid=7.493099e+01, peaks=2
  lambda index 12 of 21
Dataset S2022Sap.xlsx temp 2/10: lambda=3.162e-03, total CV=5.060400e+04, mean resid=7.650028e+01, peaks=2
  lambda index 12 of 21
Dataset S2022Sap.xlsx temp 3/10: lambda=3.162e-03, total CV=5.016668e+04, mean resid=7.378198e+01, peaks=3
  lambda index 12 of 21
Dataset S2022Sap.xlsx temp 4/10: lambda=3.162e-03, total CV=4.979194e+04, mean resid=7.370017e+01, peaks=2
  lambda index 12 of 21
Dataset S2022Sap.xlsx temp 5/10: lambda=3.162e-03, total CV=5.393210e+04, mean resid=8.329249e+01, peaks=3
  lambda index 12 of 21
Dataset S2022Sap.xlsx temp 6/10: lambda=3.162e-03, total CV=5.302374e+04, mean resid=7.831786e+01, peaks=2
  lambda index 12 of 21
Dataset S2022Sap.xlsx temp 7/10: lambda=3.162e-03, total CV=5.018239e+04, mean resid=7.368781e+01, peaks=2
  lambda index 12 of 21
Dataset S2022Sap.xlsx temp 8/10: lambda=3.162e-03, total CV=5.360068e+04, mean resid=8.863816e+01, peaks=2
  lambda index 12 of 21
Dataset S2022Sap.xlsx temp 9/10: lambda=1.000e-03, total CV=1.010620e+05, mean resid=1.803507e+02, peaks=2
  lambda index 11 of 21
Dataset S2022Sap.xlsx temp 10/10: lambda=3.162e-03, total CV=1.362606e+05, mean resid=1.834469e+02, peaks=3
  lambda index 12 of 21
Wrote Bayes-DRT workflow report: C:\Users\mitra\Downloads\matlab analysis\s2022sap_bayes_drt_matlab2011_b41_50.txt

ans = 

  struct with fields:

                         dataset: 'S2022Sap.xlsx'
                     output_file: 'C:\Users\mitra\Downloads\matlab analysis\s2022sap_bayes_drt_matlab2011_b41_50.txt'
    total_available_temperatures: 69
               batch_start_index: 41
                 batch_end_index: 50
              total_temperatures: 10
                     lambda_grid: [21x1 double]
                 selected_lambda: [10x1 double]
                         real_cv: [10x1 double]
                         imag_cv: [10x1 double]
                        total_cv: [10x1 double]
                   mean_residual: [10x1 double]
                      peak_count: [10x1 double]

