Dataset S2222Al.xlsx temp 1/10: lambda=3.162e-04, total CV=4.652616e+06, mean resid=7.228559e+02, peaks=2
  lambda index 10 of 21
Dataset S2222Al.xlsx temp 2/10: lambda=3.162e-04, total CV=4.652616e+06, mean resid=7.228559e+02, peaks=2
  lambda index 10 of 21
Dataset S2222Al.xlsx temp 3/10: lambda=3.162e-04, total CV=3.459574e+06, mean resid=6.443197e+02, peaks=2
  lambda index 10 of 21
Dataset S2222Al.xlsx temp 4/10: lambda=3.162e-04, total CV=3.459574e+06, mean resid=6.443197e+02, peaks=2
  lambda index 10 of 21
Dataset S2222Al.xlsx temp 5/10: lambda=1.000e-04, total CV=3.032124e+06, mean resid=6.410755e+02, peaks=3
  lambda index 9 of 21
Dataset S2222Al.xlsx temp 6/10: lambda=1.000e-04, total CV=3.032124e+06, mean resid=6.410755e+02, peaks=3
  lambda index 9 of 21
Dataset S2222Al.xlsx temp 7/10: lambda=1.000e-04, total CV=2.364831e+06, mean resid=5.558832e+02, peaks=4
  lambda index 9 of 21
Dataset S2222Al.xlsx temp 8/10: lambda=1.000e-04, total CV=2.364831e+06, mean resid=5.558832e+02, peaks=4
  lambda index 9 of 21
Dataset S2222Al.xlsx temp 9/10: lambda=1.000e-04, total CV=1.741482e+06, mean resid=4.808737e+02, peaks=4
  lambda index 9 of 21
Dataset S2222Al.xlsx temp 10/10: lambda=1.000e-04, total CV=1.741482e+06, mean resid=4.808737e+02, peaks=4
  lambda index 9 of 21
Wrote Bayes-DRT workflow report: C:\Users\mitra\Downloads\matlab analysis\s2222al_bayes_drt_matlab2011_b71_80.txt

ans = 

  struct with fields:

                         dataset: 'S2222Al.xlsx'
                     output_file: 'C:\Users\mitra\Downloads\matlab analysis\s2222al_bayes_drt_matlab2011_b71_80.txt'
    total_available_temperatures: 112
               batch_start_index: 71
                 batch_end_index: 80
              total_temperatures: 10
                     lambda_grid: [21x1 double]
                 selected_lambda: [10x1 double]
                         real_cv: [10x1 double]
                         imag_cv: [10x1 double]
                        total_cv: [10x1 double]
                   mean_residual: [10x1 double]
                      peak_count: [10x1 double]

