Dataset S2222Sap.xlsx temp 1/10: lambda=3.162e-05, total CV=1.837520e+06, mean resid=5.843556e+02, peaks=3
  lambda index 8 of 21
Dataset S2222Sap.xlsx temp 2/10: lambda=3.162e-05, total CV=1.530653e+06, mean resid=5.399323e+02, peaks=3
  lambda index 8 of 21
Dataset S2222Sap.xlsx temp 3/10: lambda=3.162e-05, total CV=1.450652e+06, mean resid=5.276007e+02, peaks=2
  lambda index 8 of 21
Dataset S2222Sap.xlsx temp 4/10: lambda=3.162e-05, total CV=1.363987e+06, mean resid=5.220594e+02, peaks=2
  lambda index 8 of 21
Dataset S2222Sap.xlsx temp 5/10: lambda=3.162e-05, total CV=1.176888e+06, mean resid=4.803266e+02, peaks=4
  lambda index 8 of 21
Dataset S2222Sap.xlsx temp 6/10: lambda=1.000e-05, total CV=1.139214e+06, mean resid=4.850585e+02, peaks=4
  lambda index 7 of 21
Dataset S2222Sap.xlsx temp 7/10: lambda=1.000e-04, total CV=1.035641e+06, mean resid=4.735958e+02, peaks=2
  lambda index 9 of 21
Dataset S2222Sap.xlsx temp 8/10: lambda=1.000e-04, total CV=1.047013e+06, mean resid=4.627461e+02, peaks=2
  lambda index 9 of 21
Dataset S2222Sap.xlsx temp 9/10: lambda=3.162e-05, total CV=1.019533e+06, mean resid=4.586045e+02, peaks=3
  lambda index 8 of 21
Dataset S2222Sap.xlsx temp 10/10: lambda=3.162e-05, total CV=1.034822e+06, mean resid=4.448144e+02, peaks=3
  lambda index 8 of 21
Wrote Bayes-DRT workflow report: C:\Users\mitra\Downloads\matlab analysis\s2222sap_bayes_drt_matlab2011_b21_30.txt

ans = 

  struct with fields:

                         dataset: 'S2222Sap.xlsx'
                     output_file: 'C:\Users\mitra\Downloads\matlab analysis\s2222sap_bayes_drt_matlab2011_b21_30.txt'
    total_available_temperatures: 61
               batch_start_index: 21
                 batch_end_index: 30
              total_temperatures: 10
                     lambda_grid: [21x1 double]
                 selected_lambda: [10x1 double]
                         real_cv: [10x1 double]
                         imag_cv: [10x1 double]
                        total_cv: [10x1 double]
                   mean_residual: [10x1 double]
                      peak_count: [10x1 double]

