Dataset S2222Al.xlsx temp 1/10: lambda=1.000e-08, total CV=1.452046e+06, mean resid=4.373538e+02, peaks=5
  lambda index 1 of 21
Dataset S2222Al.xlsx temp 2/10: lambda=1.000e-08, total CV=1.452046e+06, mean resid=4.373538e+02, peaks=5
  lambda index 1 of 21
Dataset S2222Al.xlsx temp 3/10: lambda=3.162e-04, total CV=1.165077e+06, mean resid=4.067575e+02, peaks=2
  lambda index 10 of 21
Dataset S2222Al.xlsx temp 4/10: lambda=3.162e-04, total CV=1.165077e+06, mean resid=4.067575e+02, peaks=2
  lambda index 10 of 21
Dataset S2222Al.xlsx temp 5/10: lambda=3.162e-01, total CV=7.619368e+08, mean resid=1.353912e+04, peaks=1
  lambda index 16 of 21
Dataset S2222Al.xlsx temp 6/10: lambda=3.162e-01, total CV=7.619368e+08, mean resid=1.353912e+04, peaks=1
  lambda index 16 of 21
Dataset S2222Al.xlsx temp 7/10: lambda=1.000e-04, total CV=9.473667e+05, mean resid=3.731490e+02, peaks=3
  lambda index 9 of 21
Dataset S2222Al.xlsx temp 8/10: lambda=1.000e-04, total CV=9.473667e+05, mean resid=3.731490e+02, peaks=3
  lambda index 9 of 21
Dataset S2222Al.xlsx temp 9/10: lambda=1.000e-03, total CV=1.956951e+07, mean resid=1.319158e+03, peaks=3
  lambda index 11 of 21
Dataset S2222Al.xlsx temp 10/10: lambda=1.000e-03, total CV=1.956951e+07, mean resid=1.319158e+03, peaks=3
  lambda index 11 of 21
Wrote Bayes-DRT workflow report: C:\Users\mitra\Downloads\matlab analysis\s2222al_bayes_drt_matlab2011_b81_90.txt

ans = 

  struct with fields:

                         dataset: 'S2222Al.xlsx'
                     output_file: 'C:\Users\mitra\Downloads\matlab analysis\s2222al_bayes_drt_matlab2011_b81_90.txt'
    total_available_temperatures: 112
               batch_start_index: 81
                 batch_end_index: 90
              total_temperatures: 10
                     lambda_grid: [21x1 double]
                 selected_lambda: [10x1 double]
                         real_cv: [10x1 double]
                         imag_cv: [10x1 double]
                        total_cv: [10x1 double]
                   mean_residual: [10x1 double]
                      peak_count: [10x1 double]

