Dataset S2222Al.xlsx temp 1/10: lambda=1.000e-02, total CV=1.393358e+11, mean resid=1.074869e+05, peaks=2
  lambda index 13 of 21
Dataset S2222Al.xlsx temp 2/10: lambda=1.000e-02, total CV=1.393358e+11, mean resid=1.074869e+05, peaks=2
  lambda index 13 of 21
Dataset S2222Al.xlsx temp 3/10: lambda=1.000e-01, total CV=3.437279e+11, mean resid=1.418643e+05, peaks=1
  lambda index 15 of 21
Dataset S2222Al.xlsx temp 4/10: lambda=1.000e-01, total CV=3.437279e+11, mean resid=1.418643e+05, peaks=1
  lambda index 15 of 21
Dataset S2222Al.xlsx temp 5/10: lambda=3.162e-03, total CV=2.330348e+11, mean resid=1.180591e+05, peaks=2
  lambda index 12 of 21
Dataset S2222Al.xlsx temp 6/10: lambda=3.162e-03, total CV=2.330348e+11, mean resid=1.180591e+05, peaks=2
  lambda index 12 of 21
Dataset S2222Al.xlsx temp 7/10: lambda=1.000e-02, total CV=8.394160e+10, mean resid=8.461842e+04, peaks=2
  lambda index 13 of 21
Dataset S2222Al.xlsx temp 8/10: lambda=1.000e-02, total CV=8.394160e+10, mean resid=8.461842e+04, peaks=2
  lambda index 13 of 21
Dataset S2222Al.xlsx temp 9/10: lambda=1.000e-01, total CV=1.170241e+10, mean resid=3.585453e+04, peaks=1
  lambda index 15 of 21
Dataset S2222Al.xlsx temp 10/10: lambda=1.000e-01, total CV=1.170241e+10, mean resid=3.585453e+04, peaks=1
  lambda index 15 of 21
Wrote Bayes-DRT workflow report: C:\Users\mitra\Downloads\matlab analysis\s2222al_bayes_drt_matlab2011_b11_20.txt

ans = 

  struct with fields:

                         dataset: 'S2222Al.xlsx'
                     output_file: 'C:\Users\mitra\Downloads\matlab analysis\s2222al_bayes_drt_matlab2011_b11_20.txt'
    total_available_temperatures: 112
               batch_start_index: 11
                 batch_end_index: 20
              total_temperatures: 10
                     lambda_grid: [21x1 double]
                 selected_lambda: [10x1 double]
                         real_cv: [10x1 double]
                         imag_cv: [10x1 double]
                        total_cv: [10x1 double]
                   mean_residual: [10x1 double]
                      peak_count: [10x1 double]

