Dataset S2222Al.xlsx temp 1/10: lambda=1.000e-02, total CV=6.925848e+11, mean resid=2.030709e+05, peaks=2
  lambda index 13 of 21
Dataset S2222Al.xlsx temp 2/10: lambda=1.000e-02, total CV=6.925848e+11, mean resid=2.030709e+05, peaks=2
  lambda index 13 of 21
Dataset S2222Al.xlsx temp 3/10: lambda=3.162e-02, total CV=4.684748e+11, mean resid=1.691696e+05, peaks=1
  lambda index 14 of 21
Dataset S2222Al.xlsx temp 4/10: lambda=3.162e-02, total CV=4.684748e+11, mean resid=1.691696e+05, peaks=1
  lambda index 14 of 21
Dataset S2222Al.xlsx temp 5/10: lambda=3.162e-01, total CV=7.003839e+11, mean resid=2.219833e+05, peaks=1
  lambda index 16 of 21
Dataset S2222Al.xlsx temp 6/10: lambda=3.162e-01, total CV=7.003839e+11, mean resid=2.219833e+05, peaks=1
  lambda index 16 of 21
Dataset S2222Al.xlsx temp 7/10: lambda=1.000e-02, total CV=5.195771e+11, mean resid=1.827231e+05, peaks=2
  lambda index 13 of 21
Dataset S2222Al.xlsx temp 8/10: lambda=1.000e-02, total CV=5.195771e+11, mean resid=1.827231e+05, peaks=2
  lambda index 13 of 21
Dataset S2222Al.xlsx temp 9/10: lambda=1.000e-02, total CV=3.928141e+11, mean resid=1.553053e+05, peaks=2
  lambda index 13 of 21
Dataset S2222Al.xlsx temp 10/10: lambda=1.000e-02, total CV=3.928141e+11, mean resid=1.553053e+05, peaks=2
  lambda index 13 of 21
Wrote Bayes-DRT workflow report: C:\Users\mitra\Downloads\matlab analysis\s2222al_bayes_drt_matlab2011_b1_10.txt

ans = 

  struct with fields:

                         dataset: 'S2222Al.xlsx'
                     output_file: 'C:\Users\mitra\Downloads\matlab analysis\s2222al_bayes_drt_matlab2011_b1_10.txt'
    total_available_temperatures: 112
               batch_start_index: 1
                 batch_end_index: 10
              total_temperatures: 10
                     lambda_grid: [21x1 double]
                 selected_lambda: [10x1 double]
                         real_cv: [10x1 double]
                         imag_cv: [10x1 double]
                        total_cv: [10x1 double]
                   mean_residual: [10x1 double]
                      peak_count: [10x1 double]

