Dataset S2222Al.xlsx temp 1/10: lambda=1.000e-04, total CV=3.953643e+05, mean resid=2.435740e+02, peaks=3
  lambda index 9 of 21
Dataset S2222Al.xlsx temp 2/10: lambda=1.000e-04, total CV=3.953643e+05, mean resid=2.435740e+02, peaks=3
  lambda index 9 of 21
Dataset S2222Al.xlsx temp 3/10: lambda=3.162e-05, total CV=3.173034e+05, mean resid=2.330350e+02, peaks=2
  lambda index 8 of 21
Dataset S2222Al.xlsx temp 4/10: lambda=3.162e-05, total CV=3.173034e+05, mean resid=2.330350e+02, peaks=2
  lambda index 8 of 21
Dataset S2222Al.xlsx temp 5/10: lambda=1.000e-08, total CV=2.470697e+05, mean resid=2.083002e+02, peaks=5
  lambda index 1 of 21
Dataset S2222Al.xlsx temp 6/10: lambda=1.000e-08, total CV=2.470697e+05, mean resid=2.083002e+02, peaks=5
  lambda index 1 of 21
Dataset S2222Al.xlsx temp 7/10: lambda=1.000e-04, total CV=5.871302e+05, mean resid=2.797153e+02, peaks=3
  lambda index 9 of 21
Dataset S2222Al.xlsx temp 8/10: lambda=1.000e-04, total CV=5.871302e+05, mean resid=2.797153e+02, peaks=3
  lambda index 9 of 21
Dataset S2222Al.xlsx temp 9/10: lambda=1.000e-03, total CV=4.823792e+05, mean resid=2.726819e+02, peaks=2
  lambda index 11 of 21
Dataset S2222Al.xlsx temp 10/10: lambda=1.000e-03, total CV=4.823792e+05, mean resid=2.726819e+02, peaks=2
  lambda index 11 of 21
Wrote Bayes-DRT workflow report: C:\Users\mitra\Downloads\matlab analysis\s2222al_bayes_drt_matlab2011_b101_110.txt

ans = 

  struct with fields:

                         dataset: 'S2222Al.xlsx'
                     output_file: 'C:\Users\mitra\Downloads\matlab analysis\s2222al_bayes_drt_matlab2011_b101_110.txt'
    total_available_temperatures: 112
               batch_start_index: 101
                 batch_end_index: 110
              total_temperatures: 10
                     lambda_grid: [21x1 double]
                 selected_lambda: [10x1 double]
                         real_cv: [10x1 double]
                         imag_cv: [10x1 double]
                        total_cv: [10x1 double]
                   mean_residual: [10x1 double]
                      peak_count: [10x1 double]

