Dataset S2222Sap.xlsx temp 1/10: lambda=1.000e-04, total CV=1.065968e+05, mean resid=1.744377e+02, peaks=3
  lambda index 9 of 21
Dataset S2222Sap.xlsx temp 2/10: lambda=3.162e-06, total CV=1.003769e+05, mean resid=1.747763e+02, peaks=4
  lambda index 6 of 21
Dataset S2222Sap.xlsx temp 3/10: lambda=1.000e-05, total CV=1.120166e+05, mean resid=1.714566e+02, peaks=3
  lambda index 7 of 21
Dataset S2222Sap.xlsx temp 4/10: lambda=1.000e-08, total CV=8.920661e+04, mean resid=1.647238e+02, peaks=6
  lambda index 1 of 21
Dataset S2222Sap.xlsx temp 5/10: lambda=3.162e-05, total CV=8.623326e+04, mean resid=1.625024e+02, peaks=4
  lambda index 8 of 21
Dataset S2222Sap.xlsx temp 6/10: lambda=3.162e-06, total CV=7.913569e+04, mean resid=1.544128e+02, peaks=3
  lambda index 6 of 21
Dataset S2222Sap.xlsx temp 7/10: lambda=3.162e-05, total CV=7.958113e+04, mean resid=1.571975e+02, peaks=3
  lambda index 8 of 21
Dataset S2222Sap.xlsx temp 8/10: lambda=3.162e-04, total CV=1.828084e+05, mean resid=1.931050e+02, peaks=3
  lambda index 10 of 21
Dataset S2222Sap.xlsx temp 9/10: lambda=1.000e-08, total CV=6.750815e+04, mean resid=1.439440e+02, peaks=6
  lambda index 1 of 21
Dataset S2222Sap.xlsx temp 10/10: lambda=3.162e-06, total CV=6.783136e+04, mean resid=1.395484e+02, peaks=4
  lambda index 6 of 21
Wrote Bayes-DRT workflow report: C:\Users\mitra\Downloads\matlab analysis\s2222sap_bayes_drt_matlab2011_b51_60.txt

ans = 

  struct with fields:

                         dataset: 'S2222Sap.xlsx'
                     output_file: 'C:\Users\mitra\Downloads\matlab analysis\s2222sap_bayes_drt_matlab2011_b51_60.txt'
    total_available_temperatures: 61
               batch_start_index: 51
                 batch_end_index: 60
              total_temperatures: 10
                     lambda_grid: [21x1 double]
                 selected_lambda: [10x1 double]
                         real_cv: [10x1 double]
                         imag_cv: [10x1 double]
                        total_cv: [10x1 double]
                   mean_residual: [10x1 double]
                      peak_count: [10x1 double]

