Dataset S2222Al.xlsx temp 1/10: lambda=1.000e-01, total CV=1.432622e+10, mean resid=3.633620e+04, peaks=1
  lambda index 15 of 21
Dataset S2222Al.xlsx temp 2/10: lambda=1.000e-01, total CV=1.432622e+10, mean resid=3.633620e+04, peaks=1
  lambda index 15 of 21
Dataset S2222Al.xlsx temp 3/10: lambda=1.000e-03, total CV=1.356209e+10, mean resid=3.135577e+04, peaks=2
  lambda index 11 of 21
Dataset S2222Al.xlsx temp 4/10: lambda=1.000e-03, total CV=1.356209e+10, mean resid=3.135577e+04, peaks=2
  lambda index 11 of 21
Dataset S2222Al.xlsx temp 5/10: lambda=3.162e-04, total CV=1.929462e+10, mean resid=3.653402e+04, peaks=2
  lambda index 10 of 21
Dataset S2222Al.xlsx temp 6/10: lambda=3.162e-04, total CV=1.929462e+10, mean resid=3.653402e+04, peaks=2
  lambda index 10 of 21
Dataset S2222Al.xlsx temp 7/10: lambda=1.000e-03, total CV=3.883620e+09, mean resid=1.774073e+04, peaks=4
  lambda index 11 of 21
Dataset S2222Al.xlsx temp 8/10: lambda=1.000e-03, total CV=3.883620e+09, mean resid=1.774073e+04, peaks=4
  lambda index 11 of 21
Dataset S2222Al.xlsx temp 9/10: lambda=1.000e-01, total CV=2.972356e+09, mean resid=1.877001e+04, peaks=1
  lambda index 15 of 21
Dataset S2222Al.xlsx temp 10/10: lambda=1.000e-01, total CV=2.972356e+09, mean resid=1.877001e+04, peaks=1
  lambda index 15 of 21
Wrote Bayes-DRT workflow report: C:\Users\mitra\Downloads\matlab analysis\s2222al_bayes_drt_matlab2011_b21_30.txt

ans = 

  struct with fields:

                         dataset: 'S2222Al.xlsx'
                     output_file: 'C:\Users\mitra\Downloads\matlab analysis\s2222al_bayes_drt_matlab2011_b21_30.txt'
    total_available_temperatures: 112
               batch_start_index: 21
                 batch_end_index: 30
              total_temperatures: 10
                     lambda_grid: [21x1 double]
                 selected_lambda: [10x1 double]
                         real_cv: [10x1 double]
                         imag_cv: [10x1 double]
                        total_cv: [10x1 double]
                   mean_residual: [10x1 double]
                      peak_count: [10x1 double]

