Dataset S2222Al.xlsx temp 1/10: lambda=3.162e-04, total CV=1.217781e+07, mean resid=1.165936e+03, peaks=2
  lambda index 10 of 21
Dataset S2222Al.xlsx temp 2/10: lambda=3.162e-04, total CV=1.217781e+07, mean resid=1.165936e+03, peaks=2
  lambda index 10 of 21
Dataset S2222Al.xlsx temp 3/10: lambda=1.000e-08, total CV=9.109259e+06, mean resid=1.035785e+03, peaks=5
  lambda index 1 of 21
Dataset S2222Al.xlsx temp 4/10: lambda=1.000e-08, total CV=9.109259e+06, mean resid=1.035785e+03, peaks=5
  lambda index 1 of 21
Dataset S2222Al.xlsx temp 5/10: lambda=1.000e-05, total CV=8.179421e+06, mean resid=9.856049e+02, peaks=3
  lambda index 7 of 21
Dataset S2222Al.xlsx temp 6/10: lambda=1.000e-05, total CV=8.179421e+06, mean resid=9.856049e+02, peaks=3
  lambda index 7 of 21
Dataset S2222Al.xlsx temp 7/10: lambda=1.000e-03, total CV=8.000957e+06, mean resid=1.004640e+03, peaks=2
  lambda index 11 of 21
Dataset S2222Al.xlsx temp 8/10: lambda=1.000e-03, total CV=8.000957e+06, mean resid=1.004640e+03, peaks=2
  lambda index 11 of 21
Dataset S2222Al.xlsx temp 9/10: lambda=3.162e-05, total CV=6.898012e+06, mean resid=9.102812e+02, peaks=3
  lambda index 8 of 21
Dataset S2222Al.xlsx temp 10/10: lambda=3.162e-05, total CV=6.898012e+06, mean resid=9.102812e+02, peaks=3
  lambda index 8 of 21
Wrote Bayes-DRT workflow report: C:\Users\mitra\Downloads\matlab analysis\s2222al_bayes_drt_matlab2011_b51_60.txt

ans = 

  struct with fields:

                         dataset: 'S2222Al.xlsx'
                     output_file: 'C:\Users\mitra\Downloads\matlab analysis\s2222al_bayes_drt_matlab2011_b51_60.txt'
    total_available_temperatures: 112
               batch_start_index: 51
                 batch_end_index: 60
              total_temperatures: 10
                     lambda_grid: [21x1 double]
                 selected_lambda: [10x1 double]
                         real_cv: [10x1 double]
                         imag_cv: [10x1 double]
                        total_cv: [10x1 double]
                   mean_residual: [10x1 double]
                      peak_count: [10x1 double]

