Dataset S2222Sap.xlsx temp 1/10: lambda=3.162e-02, total CV=2.940073e+12, mean resid=5.339348e+05, peaks=2
  lambda index 14 of 21
Dataset S2222Sap.xlsx temp 2/10: lambda=3.162e-01, total CV=8.092876e+10, mean resid=8.489026e+04, peaks=1
  lambda index 16 of 21
Dataset S2222Sap.xlsx temp 3/10: lambda=1.000e-04, total CV=2.317045e+09, mean resid=1.995465e+04, peaks=2
  lambda index 9 of 21
Dataset S2222Sap.xlsx temp 4/10: lambda=1.000e-01, total CV=6.916662e+07, mean resid=4.293119e+03, peaks=1
  lambda index 15 of 21
Dataset S2222Sap.xlsx temp 5/10: lambda=3.162e-03, total CV=2.846089e+07, mean resid=2.205667e+03, peaks=3
  lambda index 12 of 21
Dataset S2222Sap.xlsx temp 6/10: lambda=3.162e-05, total CV=1.166639e+07, mean resid=1.653138e+03, peaks=2
  lambda index 8 of 21
Dataset S2222Sap.xlsx temp 7/10: lambda=3.162e-01, total CV=5.644516e+09, mean resid=2.469070e+04, peaks=3
  lambda index 16 of 21
Dataset S2222Sap.xlsx temp 8/10: lambda=1.000e+00, total CV=2.550362e+08, mean resid=8.616556e+03, peaks=1
  lambda index 17 of 21
Dataset S2222Sap.xlsx temp 9/10: lambda=1.000e-01, total CV=1.609213e+07, mean resid=1.893041e+03, peaks=1
  lambda index 15 of 21
Dataset S2222Sap.xlsx temp 10/10: lambda=3.162e-07, total CV=1.157245e+05, mean resid=1.813728e+02, peaks=4
  lambda index 4 of 21
Wrote Bayes-DRT workflow report: C:\Users\mitra\Downloads\matlab analysis\s2222sap_bayes_drt_matlab2011_b41_50.txt

ans = 

  struct with fields:

                         dataset: 'S2222Sap.xlsx'
                     output_file: 'C:\Users\mitra\Downloads\matlab analysis\s2222sap_bayes_drt_matlab2011_b41_50.txt'
    total_available_temperatures: 61
               batch_start_index: 41
                 batch_end_index: 50
              total_temperatures: 10
                     lambda_grid: [21x1 double]
                 selected_lambda: [10x1 double]
                         real_cv: [10x1 double]
                         imag_cv: [10x1 double]
                        total_cv: [10x1 double]
                   mean_residual: [10x1 double]
                      peak_count: [10x1 double]

