Dataset S2222Al.xlsx temp 1/10: lambda=1.000e-04, total CV=1.792459e+08, mean resid=3.987936e+03, peaks=2
  lambda index 9 of 21
Dataset S2222Al.xlsx temp 2/10: lambda=1.000e-04, total CV=1.792459e+08, mean resid=3.987936e+03, peaks=2
  lambda index 9 of 21
Dataset S2222Al.xlsx temp 3/10: lambda=3.162e-04, total CV=8.231427e+07, mean resid=2.743291e+03, peaks=2
  lambda index 10 of 21
Dataset S2222Al.xlsx temp 4/10: lambda=3.162e-04, total CV=8.231427e+07, mean resid=2.743291e+03, peaks=2
  lambda index 10 of 21
Dataset S2222Al.xlsx temp 5/10: lambda=1.000e-08, total CV=4.565104e+07, mean resid=2.202981e+03, peaks=5
  lambda index 1 of 21
Dataset S2222Al.xlsx temp 6/10: lambda=1.000e-08, total CV=4.565104e+07, mean resid=2.202981e+03, peaks=5
  lambda index 1 of 21
Dataset S2222Al.xlsx temp 7/10: lambda=1.000e-04, total CV=2.633716e+07, mean resid=1.689507e+03, peaks=2
  lambda index 9 of 21
Dataset S2222Al.xlsx temp 8/10: lambda=1.000e-04, total CV=2.633716e+07, mean resid=1.689507e+03, peaks=2
  lambda index 9 of 21
Dataset S2222Al.xlsx temp 9/10: lambda=3.162e-06, total CV=1.676729e+07, mean resid=1.407715e+03, peaks=3
  lambda index 6 of 21
Dataset S2222Al.xlsx temp 10/10: lambda=3.162e-06, total CV=1.676729e+07, mean resid=1.407715e+03, peaks=3
  lambda index 6 of 21
Wrote Bayes-DRT workflow report: C:\Users\mitra\Downloads\matlab analysis\s2222al_bayes_drt_matlab2011_b41_50.txt

ans = 

  struct with fields:

                         dataset: 'S2222Al.xlsx'
                     output_file: 'C:\Users\mitra\Downloads\matlab analysis\s2222al_bayes_drt_matlab2011_b41_50.txt'
    total_available_temperatures: 112
               batch_start_index: 41
                 batch_end_index: 50
              total_temperatures: 10
                     lambda_grid: [21x1 double]
                 selected_lambda: [10x1 double]
                         real_cv: [10x1 double]
                         imag_cv: [10x1 double]
                        total_cv: [10x1 double]
                   mean_residual: [10x1 double]
                      peak_count: [10x1 double]

