Dataset S2222Al.xlsx temp 1/10: lambda=1.000e-08, total CV=4.173044e+09, mean resid=1.752714e+04, peaks=3
  lambda index 1 of 21
Dataset S2222Al.xlsx temp 2/10: lambda=1.000e-08, total CV=4.173044e+09, mean resid=1.752714e+04, peaks=3
  lambda index 1 of 21
Dataset S2222Al.xlsx temp 3/10: lambda=1.000e-02, total CV=2.014301e+09, mean resid=1.372033e+04, peaks=2
  lambda index 13 of 21
Dataset S2222Al.xlsx temp 4/10: lambda=1.000e-02, total CV=2.014301e+09, mean resid=1.372033e+04, peaks=2
  lambda index 13 of 21
Dataset S2222Al.xlsx temp 5/10: lambda=3.162e-06, total CV=9.051531e+08, mean resid=8.589550e+03, peaks=3
  lambda index 6 of 21
Dataset S2222Al.xlsx temp 6/10: lambda=3.162e-06, total CV=9.051531e+08, mean resid=8.589550e+03, peaks=3
  lambda index 6 of 21
Dataset S2222Al.xlsx temp 7/10: lambda=1.000e-03, total CV=8.111688e+08, mean resid=8.761408e+03, peaks=2
  lambda index 11 of 21
Dataset S2222Al.xlsx temp 8/10: lambda=1.000e-03, total CV=8.111688e+08, mean resid=8.761408e+03, peaks=2
  lambda index 11 of 21
Dataset S2222Al.xlsx temp 9/10: lambda=1.000e-05, total CV=4.621741e+08, mean resid=6.120928e+03, peaks=3
  lambda index 7 of 21
Dataset S2222Al.xlsx temp 10/10: lambda=1.000e-05, total CV=4.621741e+08, mean resid=6.120928e+03, peaks=3
  lambda index 7 of 21
Wrote Bayes-DRT workflow report: C:\Users\mitra\Downloads\matlab analysis\s2222al_bayes_drt_matlab2011_b31_40.txt

ans = 

  struct with fields:

                         dataset: 'S2222Al.xlsx'
                     output_file: 'C:\Users\mitra\Downloads\matlab analysis\s2222al_bayes_drt_matlab2011_b31_40.txt'
    total_available_temperatures: 112
               batch_start_index: 31
                 batch_end_index: 40
              total_temperatures: 10
                     lambda_grid: [21x1 double]
                 selected_lambda: [10x1 double]
                         real_cv: [10x1 double]
                         imag_cv: [10x1 double]
                        total_cv: [10x1 double]
                   mean_residual: [10x1 double]
                      peak_count: [10x1 double]

