Dataset S2222Sap.xlsx temp 1/10: lambda=3.162e-05, total CV=9.273216e+05, mean resid=4.318774e+02, peaks=3
  lambda index 8 of 21
Dataset S2222Sap.xlsx temp 2/10: lambda=1.000e-07, total CV=1.095973e+06, mean resid=4.580733e+02, peaks=4
  lambda index 3 of 21
Dataset S2222Sap.xlsx temp 3/10: lambda=1.000e-04, total CV=1.035348e+06, mean resid=4.362070e+02, peaks=2
  lambda index 9 of 21
Dataset S2222Sap.xlsx temp 4/10: lambda=3.162e-06, total CV=1.018041e+06, mean resid=4.263719e+02, peaks=4
  lambda index 6 of 21
Dataset S2222Sap.xlsx temp 5/10: lambda=1.000e-05, total CV=8.197538e+05, mean resid=4.004130e+02, peaks=3
  lambda index 7 of 21
Dataset S2222Sap.xlsx temp 6/10: lambda=1.000e-05, total CV=7.830342e+05, mean resid=3.944141e+02, peaks=4
  lambda index 7 of 21
Dataset S2222Sap.xlsx temp 7/10: lambda=3.162e-06, total CV=5.532211e+05, mean resid=3.544765e+02, peaks=5
  lambda index 6 of 21
Dataset S2222Sap.xlsx temp 8/10: lambda=1.000e-05, total CV=4.941718e+05, mean resid=3.304328e+02, peaks=5
  lambda index 7 of 21
Dataset S2222Sap.xlsx temp 9/10: lambda=3.162e-05, total CV=5.132908e+05, mean resid=3.385968e+02, peaks=2
  lambda index 8 of 21
Dataset S2222Sap.xlsx temp 10/10: lambda=3.162e-02, total CV=2.649443e+12, mean resid=5.193895e+05, peaks=2
  lambda index 14 of 21
Wrote Bayes-DRT workflow report: C:\Users\mitra\Downloads\matlab analysis\s2222sap_bayes_drt_matlab2011_b31_40.txt

ans = 

  struct with fields:

                         dataset: 'S2222Sap.xlsx'
                     output_file: 'C:\Users\mitra\Downloads\matlab analysis\s2222sap_bayes_drt_matlab2011_b31_40.txt'
    total_available_temperatures: 61
               batch_start_index: 31
                 batch_end_index: 40
              total_temperatures: 10
                     lambda_grid: [21x1 double]
                 selected_lambda: [10x1 double]
                         real_cv: [10x1 double]
                         imag_cv: [10x1 double]
                        total_cv: [10x1 double]
                   mean_residual: [10x1 double]
                      peak_count: [10x1 double]

