Dataset S2302Al.xlsx temp 1/10: lambda=1.000e-08, total CV=2.485057e+13, mean resid=1.108732e+06, peaks=2
  lambda index 1 of 21
Dataset S2302Al.xlsx temp 2/10: lambda=1.000e-03, total CV=1.494038e+09, mean resid=1.307005e+04, peaks=2
  lambda index 11 of 21
Dataset S2302Al.xlsx temp 3/10: lambda=1.000e-02, total CV=1.070769e+09, mean resid=1.093283e+04, peaks=2
  lambda index 13 of 21
Dataset S2302Al.xlsx temp 4/10: lambda=3.162e-03, total CV=9.296427e+08, mean resid=9.974568e+03, peaks=2
  lambda index 12 of 21
Dataset S2302Al.xlsx temp 5/10: lambda=3.162e-02, total CV=7.426362e+12, mean resid=8.485968e+05, peaks=2
  lambda index 14 of 21
Dataset S2302Al.xlsx temp 6/10: lambda=1.000e-08, total CV=8.720480e+08, mean resid=1.074113e+04, peaks=3
  lambda index 1 of 21
Dataset S2302Al.xlsx temp 7/10: lambda=3.162e-08, total CV=6.770909e+08, mean resid=8.438109e+03, peaks=6
  lambda index 2 of 21
Dataset S2302Al.xlsx temp 8/10: lambda=3.162e-04, total CV=3.915962e+08, mean resid=6.034608e+03, peaks=2
  lambda index 10 of 21
Dataset S2302Al.xlsx temp 9/10: lambda=1.000e+00, total CV=2.140970e+13, mean resid=1.064993e+06, peaks=1
  lambda index 17 of 21
Dataset S2302Al.xlsx temp 10/10: lambda=1.000e-01, total CV=6.592263e+08, mean resid=1.107956e+04, peaks=2
  lambda index 15 of 21
Wrote Bayes-DRT workflow report: C:\Users\mitra\Downloads\matlab analysis\s2302al_bayes_drt_matlab2011_b11_20.txt

ans = 

  struct with fields:

                         dataset: 'S2302Al.xlsx'
                     output_file: 'C:\Users\mitra\Downloads\matlab analysis\s2302al_bayes_drt_matlab2011_b11_20.txt'
    total_available_temperatures: 104
               batch_start_index: 11
                 batch_end_index: 20
              total_temperatures: 10
                     lambda_grid: [21x1 double]
                 selected_lambda: [10x1 double]
                         real_cv: [10x1 double]
                         imag_cv: [10x1 double]
                        total_cv: [10x1 double]
                   mean_residual: [10x1 double]
                      peak_count: [10x1 double]

