Dataset S2302Al.xlsx temp 1/10: lambda=1.000e-01, total CV=4.219283e+06, mean resid=1.100887e+03, peaks=2
  lambda index 15 of 21
Dataset S2302Al.xlsx temp 2/10: lambda=3.162e-03, total CV=1.542165e+06, mean resid=4.952678e+02, peaks=3
  lambda index 12 of 21
Dataset S2302Al.xlsx temp 3/10: lambda=3.162e-05, total CV=8.872448e+05, mean resid=4.838185e+02, peaks=5
  lambda index 8 of 21
Dataset S2302Al.xlsx temp 4/10: lambda=3.162e-01, total CV=7.776706e+06, mean resid=1.743805e+03, peaks=2
  lambda index 16 of 21
Dataset S2302Al.xlsx temp 5/10: lambda=3.162e-02, total CV=4.672043e+06, mean resid=7.577588e+02, peaks=3
  lambda index 14 of 21
Dataset S2302Al.xlsx temp 6/10: lambda=1.000e-02, total CV=1.214000e+07, mean resid=2.212947e+03, peaks=4
  lambda index 13 of 21
Dataset S2302Al.xlsx temp 7/10: lambda=3.162e-02, total CV=4.814159e+05, mean resid=3.787937e+02, peaks=2
  lambda index 14 of 21
Dataset S2302Al.xlsx temp 8/10: lambda=1.000e-01, total CV=3.679258e+06, mean resid=8.850267e+02, peaks=3
  lambda index 15 of 21
Dataset S2302Al.xlsx temp 9/10: lambda=3.162e-02, total CV=1.051011e+06, mean resid=4.960344e+02, peaks=2
  lambda index 14 of 21
Dataset S2302Al.xlsx temp 10/10: lambda=1.000e-08, total CV=3.088180e+05, mean resid=3.004345e+02, peaks=6
  lambda index 1 of 21
Wrote Bayes-DRT workflow report: C:\Users\mitra\Downloads\matlab analysis\s2302al_bayes_drt_matlab2011_b91_100.txt

ans = 

  struct with fields:

                         dataset: 'S2302Al.xlsx'
                     output_file: 'C:\Users\mitra\Downloads\matlab analysis\s2302al_bayes_drt_matlab2011_b91_100.txt'
    total_available_temperatures: 104
               batch_start_index: 91
                 batch_end_index: 100
              total_temperatures: 10
                     lambda_grid: [21x1 double]
                 selected_lambda: [10x1 double]
                         real_cv: [10x1 double]
                         imag_cv: [10x1 double]
                        total_cv: [10x1 double]
                   mean_residual: [10x1 double]
                      peak_count: [10x1 double]

