Dataset S2302Al.xlsx temp 1/10: lambda=1.000e-04, total CV=3.241290e+08, mean resid=5.606621e+03, peaks=3
  lambda index 9 of 21
Dataset S2302Al.xlsx temp 2/10: lambda=3.162e-07, total CV=1.406251e+08, mean resid=3.989149e+03, peaks=4
  lambda index 4 of 21
Dataset S2302Al.xlsx temp 3/10: lambda=1.000e-01, total CV=4.451083e+08, mean resid=1.066479e+04, peaks=2
  lambda index 15 of 21
Dataset S2302Al.xlsx temp 4/10: lambda=3.162e-03, total CV=1.256045e+08, mean resid=3.926176e+03, peaks=3
  lambda index 12 of 21
Dataset S2302Al.xlsx temp 5/10: lambda=1.000e-04, total CV=5.236187e+07, mean resid=2.578502e+03, peaks=4
  lambda index 9 of 21
Dataset S2302Al.xlsx temp 6/10: lambda=1.000e+00, total CV=2.407165e+12, mean resid=4.462912e+05, peaks=1
  lambda index 17 of 21
Dataset S2302Al.xlsx temp 7/10: lambda=3.162e-07, total CV=6.006714e+07, mean resid=3.110692e+03, peaks=5
  lambda index 4 of 21
Dataset S2302Al.xlsx temp 8/10: lambda=1.000e-08, total CV=2.999952e+07, mean resid=2.060685e+03, peaks=6
  lambda index 1 of 21
Dataset S2302Al.xlsx temp 9/10: lambda=1.000e-02, total CV=7.020096e+11, mean resid=1.783901e+05, peaks=2
  lambda index 13 of 21
Dataset S2302Al.xlsx temp 10/10: lambda=1.000e-07, total CV=3.512736e+07, mean resid=2.562486e+03, peaks=3
  lambda index 3 of 21
Wrote Bayes-DRT workflow report: C:\Users\mitra\Downloads\matlab analysis\s2302al_bayes_drt_matlab2011_b21_30.txt

ans = 

  struct with fields:

                         dataset: 'S2302Al.xlsx'
                     output_file: 'C:\Users\mitra\Downloads\matlab analysis\s2302al_bayes_drt_matlab2011_b21_30.txt'
    total_available_temperatures: 104
               batch_start_index: 21
                 batch_end_index: 30
              total_temperatures: 10
                     lambda_grid: [21x1 double]
                 selected_lambda: [10x1 double]
                         real_cv: [10x1 double]
                         imag_cv: [10x1 double]
                        total_cv: [10x1 double]
                   mean_residual: [10x1 double]
                      peak_count: [10x1 double]

