Dataset S2302Sap.xlsx temp 1/10: lambda=1.000e-01, total CV=4.715135e+10, mean resid=7.402176e+04, peaks=1
  lambda index 15 of 21
Dataset S2302Sap.xlsx temp 2/10: lambda=1.000e-04, total CV=4.439659e+04, mean resid=6.342743e+01, peaks=3
  lambda index 9 of 21
Dataset S2302Sap.xlsx temp 3/10: lambda=3.162e-04, total CV=4.394481e+04, mean resid=7.044044e+01, peaks=2
  lambda index 10 of 21
Dataset S2302Sap.xlsx temp 4/10: lambda=3.162e-04, total CV=4.635134e+04, mean resid=7.576635e+01, peaks=4
  lambda index 10 of 21
Dataset S2302Sap.xlsx temp 5/10: lambda=3.162e-03, total CV=1.369373e+12, mean resid=2.659247e+05, peaks=1
  lambda index 12 of 21
Dataset S2302Sap.xlsx temp 6/10: lambda=3.162e-04, total CV=4.409365e+04, mean resid=6.299715e+01, peaks=3
  lambda index 10 of 21
Dataset S2302Sap.xlsx temp 7/10: lambda=3.162e-03, total CV=1.591706e+11, mean resid=9.883891e+04, peaks=2
  lambda index 12 of 21
Dataset S2302Sap.xlsx temp 8/10: lambda=1.000e-02, total CV=1.989263e+11, mean resid=1.312108e+05, peaks=2
  lambda index 13 of 21
Dataset S2302Sap.xlsx temp 9/10: lambda=3.162e-02, total CV=6.133654e+11, mean resid=2.063159e+05, peaks=1
  lambda index 14 of 21
Dataset S2302Sap.xlsx temp 10/10: lambda=1.000e+00, total CV=7.373208e+12, mean resid=6.571024e+05, peaks=1
  lambda index 17 of 21
Wrote Bayes-DRT workflow report: C:\Users\mitra\Downloads\matlab analysis\s2302sap_bayes_drt_matlab2011_b61_70.txt

ans = 

  struct with fields:

                         dataset: 'S2302Sap.xlsx'
                     output_file: 'C:\Users\mitra\Downloads\matlab analysis\s2302sap_bayes_drt_matlab2011_b61_70.txt'
    total_available_temperatures: 86
               batch_start_index: 61
                 batch_end_index: 70
              total_temperatures: 10
                     lambda_grid: [21x1 double]
                 selected_lambda: [10x1 double]
                         real_cv: [10x1 double]
                         imag_cv: [10x1 double]
                        total_cv: [10x1 double]
                   mean_residual: [10x1 double]
                      peak_count: [10x1 double]

