Dataset S2302Sap.xlsx temp 1/10: lambda=1.000e-04, total CV=4.409254e+04, mean resid=7.002605e+01, peaks=3
  lambda index 9 of 21
Dataset S2302Sap.xlsx temp 2/10: lambda=3.162e-05, total CV=4.495120e+04, mean resid=6.330002e+01, peaks=3
  lambda index 8 of 21
Dataset S2302Sap.xlsx temp 3/10: lambda=3.162e-05, total CV=4.497291e+04, mean resid=6.304624e+01, peaks=3
  lambda index 8 of 21
Dataset S2302Sap.xlsx temp 4/10: lambda=3.162e-05, total CV=4.481626e+04, mean resid=6.290945e+01, peaks=3
  lambda index 8 of 21
Dataset S2302Sap.xlsx temp 5/10: lambda=1.000e-03, total CV=5.470228e+04, mean resid=8.928851e+01, peaks=4
  lambda index 11 of 21
Dataset S2302Sap.xlsx temp 6/10: lambda=1.000e-08, total CV=4.512060e+04, mean resid=6.498945e+01, peaks=3
  lambda index 1 of 21
Dataset S2302Sap.xlsx temp 7/10: lambda=3.162e-06, total CV=4.488178e+04, mean resid=7.657868e+01, peaks=3
  lambda index 6 of 21
Dataset S2302Sap.xlsx temp 8/10: lambda=1.000e-05, total CV=4.472215e+04, mean resid=6.288259e+01, peaks=3
  lambda index 7 of 21
Dataset S2302Sap.xlsx temp 9/10: lambda=3.162e-05, total CV=4.473021e+04, mean resid=6.256480e+01, peaks=3
  lambda index 8 of 21
Dataset S2302Sap.xlsx temp 10/10: lambda=1.000e-05, total CV=4.430768e+04, mean resid=6.249501e+01, peaks=3
  lambda index 7 of 21
Wrote Bayes-DRT workflow report: C:\Users\mitra\Downloads\matlab analysis\s2302sap_bayes_drt_matlab2011_b21_30.txt

ans = 

  struct with fields:

                         dataset: 'S2302Sap.xlsx'
                     output_file: 'C:\Users\mitra\Downloads\matlab analysis\s2302sap_bayes_drt_matlab2011_b21_30.txt'
    total_available_temperatures: 86
               batch_start_index: 21
                 batch_end_index: 30
              total_temperatures: 10
                     lambda_grid: [21x1 double]
                 selected_lambda: [10x1 double]
                         real_cv: [10x1 double]
                         imag_cv: [10x1 double]
                        total_cv: [10x1 double]
                   mean_residual: [10x1 double]
                      peak_count: [10x1 double]

