Dataset S2302Sap.xlsx temp 1/10: lambda=3.162e-05, total CV=4.206271e+04, mean resid=6.272534e+01, peaks=3
  lambda index 8 of 21
Dataset S2302Sap.xlsx temp 2/10: lambda=3.162e-05, total CV=4.119209e+04, mean resid=6.208411e+01, peaks=3
  lambda index 8 of 21
Dataset S2302Sap.xlsx temp 3/10: lambda=1.000e-06, total CV=4.094635e+04, mean resid=6.211690e+01, peaks=3
  lambda index 5 of 21
Dataset S2302Sap.xlsx temp 4/10: lambda=1.000e-05, total CV=4.054645e+04, mean resid=6.152018e+01, peaks=3
  lambda index 7 of 21
Dataset S2302Sap.xlsx temp 5/10: lambda=1.000e-05, total CV=4.042390e+04, mean resid=6.140228e+01, peaks=3
  lambda index 7 of 21
Dataset S2302Sap.xlsx temp 6/10: lambda=1.000e-08, total CV=4.048325e+04, mean resid=6.107795e+01, peaks=3
  lambda index 1 of 21
Dataset S2302Sap.xlsx temp 7/10: lambda=1.000e-05, total CV=4.042608e+04, mean resid=6.086185e+01, peaks=3
  lambda index 7 of 21
Dataset S2302Sap.xlsx temp 8/10: lambda=3.162e-01, total CV=8.006583e+07, mean resid=4.324779e+03, peaks=1
  lambda index 16 of 21
Dataset S2302Sap.xlsx temp 9/10: lambda=1.000e-04, total CV=5.679281e+09, mean resid=2.693179e+04, peaks=1
  lambda index 9 of 21
Dataset S2302Sap.xlsx temp 10/10: lambda=3.162e-04, total CV=6.086027e+10, mean resid=7.995332e+04, peaks=2
  lambda index 10 of 21
Wrote Bayes-DRT workflow report: C:\Users\mitra\Downloads\matlab analysis\s2302sap_bayes_drt_matlab2011_b51_60.txt

ans = 

  struct with fields:

                         dataset: 'S2302Sap.xlsx'
                     output_file: 'C:\Users\mitra\Downloads\matlab analysis\s2302sap_bayes_drt_matlab2011_b51_60.txt'
    total_available_temperatures: 86
               batch_start_index: 51
                 batch_end_index: 60
              total_temperatures: 10
                     lambda_grid: [21x1 double]
                 selected_lambda: [10x1 double]
                         real_cv: [10x1 double]
                         imag_cv: [10x1 double]
                        total_cv: [10x1 double]
                   mean_residual: [10x1 double]
                      peak_count: [10x1 double]

