Dataset S2302Sap.xlsx temp 1/10: lambda=3.162e-05, total CV=4.546326e+04, mean resid=6.369921e+01, peaks=3
  lambda index 8 of 21
Dataset S2302Sap.xlsx temp 2/10: lambda=1.000e-05, total CV=4.542802e+04, mean resid=6.345123e+01, peaks=3
  lambda index 7 of 21
Dataset S2302Sap.xlsx temp 3/10: lambda=3.162e-05, total CV=4.493043e+04, mean resid=6.299383e+01, peaks=3
  lambda index 8 of 21
Dataset S2302Sap.xlsx temp 4/10: lambda=3.162e-05, total CV=4.490014e+04, mean resid=6.318122e+01, peaks=3
  lambda index 8 of 21
Dataset S2302Sap.xlsx temp 5/10: lambda=3.162e-05, total CV=4.950229e+04, mean resid=7.155694e+01, peaks=3
  lambda index 8 of 21
Dataset S2302Sap.xlsx temp 6/10: lambda=1.000e-05, total CV=4.547585e+04, mean resid=6.357828e+01, peaks=3
  lambda index 7 of 21
Dataset S2302Sap.xlsx temp 7/10: lambda=1.000e-04, total CV=4.453668e+04, mean resid=6.373349e+01, peaks=3
  lambda index 9 of 21
Dataset S2302Sap.xlsx temp 8/10: lambda=3.162e-05, total CV=4.492995e+04, mean resid=6.319207e+01, peaks=3
  lambda index 8 of 21
Dataset S2302Sap.xlsx temp 9/10: lambda=3.162e-05, total CV=4.471156e+04, mean resid=6.295488e+01, peaks=3
  lambda index 8 of 21
Dataset S2302Sap.xlsx temp 10/10: lambda=3.162e-06, total CV=4.524213e+04, mean resid=6.343305e+01, peaks=3
  lambda index 6 of 21
Wrote Bayes-DRT workflow report: C:\Users\mitra\Downloads\matlab analysis\s2302sap_bayes_drt_matlab2011_b11_20.txt

ans = 

  struct with fields:

                         dataset: 'S2302Sap.xlsx'
                     output_file: 'C:\Users\mitra\Downloads\matlab analysis\s2302sap_bayes_drt_matlab2011_b11_20.txt'
    total_available_temperatures: 86
               batch_start_index: 11
                 batch_end_index: 20
              total_temperatures: 10
                     lambda_grid: [21x1 double]
                 selected_lambda: [10x1 double]
                         real_cv: [10x1 double]
                         imag_cv: [10x1 double]
                        total_cv: [10x1 double]
                   mean_residual: [10x1 double]
                      peak_count: [10x1 double]

