Dataset S2302Al.xlsx temp 1/10: lambda=1.000e-06, total CV=1.004235e+07, mean resid=1.435287e+03, peaks=4
  lambda index 5 of 21
Dataset S2302Al.xlsx temp 2/10: lambda=1.000e-03, total CV=1.695644e+07, mean resid=2.145251e+03, peaks=3
  lambda index 11 of 21
Dataset S2302Al.xlsx temp 3/10: lambda=3.162e-04, total CV=1.017963e+07, mean resid=1.646157e+03, peaks=4
  lambda index 10 of 21
Dataset S2302Al.xlsx temp 4/10: lambda=1.000e-08, total CV=8.984704e+06, mean resid=1.350209e+03, peaks=4
  lambda index 1 of 21
Dataset S2302Al.xlsx temp 5/10: lambda=3.162e-04, total CV=1.398978e+08, mean resid=3.634538e+03, peaks=4
  lambda index 10 of 21
Dataset S2302Al.xlsx temp 6/10: lambda=3.162e-07, total CV=2.312756e+08, mean resid=6.677555e+03, peaks=3
  lambda index 4 of 21
Dataset S2302Al.xlsx temp 7/10: lambda=3.162e-01, total CV=6.094208e+08, mean resid=7.281279e+03, peaks=2
  lambda index 16 of 21
Dataset S2302Al.xlsx temp 8/10: lambda=1.000e-03, total CV=8.511513e+06, mean resid=1.072877e+03, peaks=3
  lambda index 11 of 21
Dataset S2302Al.xlsx temp 9/10: lambda=1.000e-03, total CV=4.340800e+06, mean resid=1.080659e+03, peaks=4
  lambda index 11 of 21
Dataset S2302Al.xlsx temp 10/10: lambda=3.162e-03, total CV=1.053016e+06, mean resid=4.404574e+02, peaks=2
  lambda index 12 of 21
Wrote Bayes-DRT workflow report: C:\Users\mitra\Downloads\matlab analysis\s2302al_bayes_drt_matlab2011_b61_70.txt

ans = 

  struct with fields:

                         dataset: 'S2302Al.xlsx'
                     output_file: 'C:\Users\mitra\Downloads\matlab analysis\s2302al_bayes_drt_matlab2011_b61_70.txt'
    total_available_temperatures: 104
               batch_start_index: 61
                 batch_end_index: 70
              total_temperatures: 10
                     lambda_grid: [21x1 double]
                 selected_lambda: [10x1 double]
                         real_cv: [10x1 double]
                         imag_cv: [10x1 double]
                        total_cv: [10x1 double]
                   mean_residual: [10x1 double]
                      peak_count: [10x1 double]

