Dataset S2302Sap.xlsx temp 1/10: lambda=3.162e-07, total CV=4.346331e+04, mean resid=6.352772e+01, peaks=3
  lambda index 4 of 21
Dataset S2302Sap.xlsx temp 2/10: lambda=3.162e-07, total CV=4.264940e+04, mean resid=6.328732e+01, peaks=3
  lambda index 4 of 21
Dataset S2302Sap.xlsx temp 3/10: lambda=1.000e-06, total CV=4.407488e+04, mean resid=6.315026e+01, peaks=3
  lambda index 5 of 21
Dataset S2302Sap.xlsx temp 4/10: lambda=3.162e-03, total CV=4.321636e+04, mean resid=9.458268e+01, peaks=2
  lambda index 12 of 21
Dataset S2302Sap.xlsx temp 5/10: lambda=3.162e-03, total CV=4.457489e+04, mean resid=6.315011e+01, peaks=2
  lambda index 12 of 21
Dataset S2302Sap.xlsx temp 6/10: lambda=3.162e-03, total CV=4.423314e+04, mean resid=6.285977e+01, peaks=2
  lambda index 12 of 21
Dataset S2302Sap.xlsx temp 7/10: lambda=3.162e-03, total CV=4.438552e+04, mean resid=6.301848e+01, peaks=2
  lambda index 12 of 21
Dataset S2302Sap.xlsx temp 8/10: lambda=3.162e-03, total CV=4.451336e+04, mean resid=6.292650e+01, peaks=2
  lambda index 12 of 21
Dataset S2302Sap.xlsx temp 9/10: lambda=3.162e-03, total CV=4.414303e+04, mean resid=6.262657e+01, peaks=2
  lambda index 12 of 21
Dataset S2302Sap.xlsx temp 10/10: lambda=3.162e-03, total CV=4.429397e+04, mean resid=6.280268e+01, peaks=2
  lambda index 12 of 21
Wrote Bayes-DRT workflow report: C:\Users\mitra\Downloads\matlab analysis\s2302sap_bayes_drt_matlab2011_b31_40.txt

ans = 

  struct with fields:

                         dataset: 'S2302Sap.xlsx'
                     output_file: 'C:\Users\mitra\Downloads\matlab analysis\s2302sap_bayes_drt_matlab2011_b31_40.txt'
    total_available_temperatures: 86
               batch_start_index: 31
                 batch_end_index: 40
              total_temperatures: 10
                     lambda_grid: [21x1 double]
                 selected_lambda: [10x1 double]
                         real_cv: [10x1 double]
                         imag_cv: [10x1 double]
                        total_cv: [10x1 double]
                   mean_residual: [10x1 double]
                      peak_count: [10x1 double]

