Dataset S2302Sap.xlsx temp 1/10: lambda=3.162e-01, total CV=8.855355e+12, mean resid=6.241624e+05, peaks=1
  lambda index 16 of 21
Dataset S2302Sap.xlsx temp 2/10: lambda=1.000e-02, total CV=8.744171e+10, mean resid=9.287784e+04, peaks=2
  lambda index 13 of 21
Dataset S2302Sap.xlsx temp 3/10: lambda=3.162e-02, total CV=2.903171e+10, mean resid=5.910346e+04, peaks=1
  lambda index 14 of 21
Dataset S2302Sap.xlsx temp 4/10: lambda=1.000e-03, total CV=4.420217e+04, mean resid=6.299638e+01, peaks=2
  lambda index 11 of 21
Dataset S2302Sap.xlsx temp 5/10: lambda=3.162e-05, total CV=4.267226e+04, mean resid=6.709334e+01, peaks=3
  lambda index 8 of 21
Dataset S2302Sap.xlsx temp 6/10: lambda=1.000e-03, total CV=4.835090e+04, mean resid=8.176175e+01, peaks=2
  lambda index 11 of 21
Dataset S2302Sap.xlsx temp 7/10: lambda=1.000e-03, total CV=4.646644e+04, mean resid=6.955785e+01, peaks=2
  lambda index 11 of 21
Dataset S2302Sap.xlsx temp 8/10: lambda=1.000e-03, total CV=4.413725e+04, mean resid=6.246706e+01, peaks=2
  lambda index 11 of 21
Dataset S2302Sap.xlsx temp 9/10: lambda=1.000e-03, total CV=6.481658e+04, mean resid=1.069282e+02, peaks=2
  lambda index 11 of 21
Dataset S2302Sap.xlsx temp 10/10: lambda=1.000e-03, total CV=4.405504e+04, mean resid=6.328484e+01, peaks=2
  lambda index 11 of 21
Wrote Bayes-DRT workflow report: C:\Users\mitra\Downloads\matlab analysis\s2302sap_bayes_drt_matlab2011_b71_80.txt

ans = 

  struct with fields:

                         dataset: 'S2302Sap.xlsx'
                     output_file: 'C:\Users\mitra\Downloads\matlab analysis\s2302sap_bayes_drt_matlab2011_b71_80.txt'
    total_available_temperatures: 86
               batch_start_index: 71
                 batch_end_index: 80
              total_temperatures: 10
                     lambda_grid: [21x1 double]
                 selected_lambda: [10x1 double]
                         real_cv: [10x1 double]
                         imag_cv: [10x1 double]
                        total_cv: [10x1 double]
                   mean_residual: [10x1 double]
                      peak_count: [10x1 double]

