Dataset S2302Al.xlsx temp 1/10: lambda=3.162e-04, total CV=3.539730e+07, mean resid=1.993126e+03, peaks=3
  lambda index 10 of 21
Dataset S2302Al.xlsx temp 2/10: lambda=1.000e-03, total CV=2.089356e+07, mean resid=1.731933e+03, peaks=2
  lambda index 11 of 21
Dataset S2302Al.xlsx temp 3/10: lambda=3.162e-01, total CV=8.127418e+08, mean resid=1.210541e+04, peaks=2
  lambda index 16 of 21
Dataset S2302Al.xlsx temp 4/10: lambda=3.162e-03, total CV=1.151255e+11, mean resid=9.601949e+04, peaks=2
  lambda index 12 of 21
Dataset S2302Al.xlsx temp 5/10: lambda=3.162e-02, total CV=4.550515e+08, mean resid=1.034725e+04, peaks=3
  lambda index 14 of 21
Dataset S2302Al.xlsx temp 6/10: lambda=3.162e-05, total CV=1.626106e+07, mean resid=1.545487e+03, peaks=6
  lambda index 8 of 21
Dataset S2302Al.xlsx temp 7/10: lambda=1.000e-08, total CV=1.299945e+07, mean resid=1.838954e+03, peaks=3
  lambda index 1 of 21
Dataset S2302Al.xlsx temp 8/10: lambda=3.162e-05, total CV=1.117365e+11, mean resid=9.797594e+04, peaks=3
  lambda index 8 of 21
Dataset S2302Al.xlsx temp 9/10: lambda=3.162e-05, total CV=1.034691e+07, mean resid=1.272579e+03, peaks=3
  lambda index 8 of 21
Dataset S2302Al.xlsx temp 10/10: lambda=1.000e+00, total CV=1.912566e+08, mean resid=8.217357e+03, peaks=1
  lambda index 17 of 21
Wrote Bayes-DRT workflow report: C:\Users\mitra\Downloads\matlab analysis\s2302al_bayes_drt_matlab2011_b31_40.txt

ans = 

  struct with fields:

                         dataset: 'S2302Al.xlsx'
                     output_file: 'C:\Users\mitra\Downloads\matlab analysis\s2302al_bayes_drt_matlab2011_b31_40.txt'
    total_available_temperatures: 104
               batch_start_index: 31
                 batch_end_index: 40
              total_temperatures: 10
                     lambda_grid: [21x1 double]
                 selected_lambda: [10x1 double]
                         real_cv: [10x1 double]
                         imag_cv: [10x1 double]
                        total_cv: [10x1 double]
                   mean_residual: [10x1 double]
                      peak_count: [10x1 double]

