Dataset S2322Al.xlsx temp 1/10: lambda=3.162e-05, total CV=4.711683e+03, mean resid=2.510923e+01, peaks=2
  lambda index 8 of 21
Dataset S2322Al.xlsx temp 2/10: lambda=3.162e-05, total CV=4.667627e+03, mean resid=2.502614e+01, peaks=2
  lambda index 8 of 21
Dataset S2322Al.xlsx temp 3/10: lambda=3.162e-05, total CV=4.631242e+03, mean resid=2.508421e+01, peaks=2
  lambda index 8 of 21
Dataset S2322Al.xlsx temp 4/10: lambda=3.162e-05, total CV=4.660249e+03, mean resid=2.487162e+01, peaks=2
  lambda index 8 of 21
Dataset S2322Al.xlsx temp 5/10: lambda=3.162e-05, total CV=4.661889e+03, mean resid=2.476169e+01, peaks=2
  lambda index 8 of 21
Dataset S2322Al.xlsx temp 6/10: lambda=1.000e-04, total CV=4.708597e+03, mean resid=2.520388e+01, peaks=2
  lambda index 9 of 21
Dataset S2322Al.xlsx temp 7/10: lambda=3.162e-02, total CV=6.543066e+04, mean resid=9.244617e+01, peaks=2
  lambda index 14 of 21
Dataset S2322Al.xlsx temp 8/10: lambda=1.000e-04, total CV=4.562654e+03, mean resid=2.631163e+01, peaks=2
  lambda index 9 of 21
Dataset S2322Al.xlsx temp 9/10: lambda=1.000e-04, total CV=4.472357e+03, mean resid=2.628327e+01, peaks=2
  lambda index 9 of 21
Dataset S2322Al.xlsx temp 10/10: lambda=1.000e-04, total CV=4.514681e+03, mean resid=2.654757e+01, peaks=2
  lambda index 9 of 21
Wrote Bayes-DRT workflow report: C:\Users\mitra\Downloads\matlab analysis\s2322al_bayes_drt_matlab2011_b41_50.txt

ans = 

  struct with fields:

                         dataset: 'S2322Al.xlsx'
                     output_file: 'C:\Users\mitra\Downloads\matlab analysis\s2322al_bayes_drt_matlab2011_b41_50.txt'
    total_available_temperatures: 63
               batch_start_index: 41
                 batch_end_index: 50
              total_temperatures: 10
                     lambda_grid: [21x1 double]
                 selected_lambda: [10x1 double]
                         real_cv: [10x1 double]
                         imag_cv: [10x1 double]
                        total_cv: [10x1 double]
                   mean_residual: [10x1 double]
                      peak_count: [10x1 double]

