Dataset S2322Al.xlsx temp 1/3: lambda=3.162e-05, total CV=5.928797e+03, mean resid=3.697978e+01, peaks=2
  lambda index 8 of 21
Dataset S2322Al.xlsx temp 2/3: lambda=1.000e-05, total CV=5.120941e+03, mean resid=3.580269e+01, peaks=4
  lambda index 7 of 21
Dataset S2322Al.xlsx temp 3/3: lambda=1.000e-06, total CV=9.966791e+03, mean resid=4.256963e+01, peaks=6
  lambda index 5 of 21
Wrote Bayes-DRT workflow report: C:\Users\mitra\Downloads\matlab analysis\s2322al_bayes_drt_matlab2011_b61_63.txt

ans = 

  struct with fields:

                         dataset: 'S2322Al.xlsx'
                     output_file: 'C:\Users\mitra\Downloads\matlab analysis\s2322al_bayes_drt_matlab2011_b61_63.txt'
    total_available_temperatures: 63
               batch_start_index: 61
                 batch_end_index: 63
              total_temperatures: 3
                     lambda_grid: [21x1 double]
                 selected_lambda: [3x1 double]
                         real_cv: [3x1 double]
                         imag_cv: [3x1 double]
                        total_cv: [3x1 double]
                   mean_residual: [3x1 double]
                      peak_count: [3x1 double]

