Dataset S2322Al.xlsx temp 1/10: lambda=3.162e-01, total CV=1.297301e+07, mean resid=1.102124e+03, peaks=2
  lambda index 16 of 21
Dataset S2322Al.xlsx temp 2/10: lambda=1.000e-02, total CV=3.735638e+04, mean resid=9.493514e+01, peaks=2
  lambda index 13 of 21
Dataset S2322Al.xlsx temp 3/10: lambda=3.162e-04, total CV=2.652440e+04, mean resid=7.418726e+01, peaks=2
  lambda index 10 of 21
Dataset S2322Al.xlsx temp 4/10: lambda=1.000e-03, total CV=9.324940e+03, mean resid=5.979190e+01, peaks=2
  lambda index 11 of 21
Dataset S2322Al.xlsx temp 5/10: lambda=3.162e-05, total CV=1.459904e+04, mean resid=5.952602e+01, peaks=2
  lambda index 8 of 21
Dataset S2322Al.xlsx temp 6/10: lambda=1.000e-04, total CV=2.179629e+05, mean resid=1.955382e+02, peaks=2
  lambda index 9 of 21
Dataset S2322Al.xlsx temp 7/10: lambda=3.162e-05, total CV=1.766674e+05, mean resid=1.374311e+02, peaks=5
  lambda index 8 of 21
Dataset S2322Al.xlsx temp 8/10: lambda=3.162e-04, total CV=7.732864e+04, mean resid=1.064441e+02, peaks=3
  lambda index 10 of 21
Dataset S2322Al.xlsx temp 9/10: lambda=3.162e-05, total CV=5.321721e+03, mean resid=3.660976e+01, peaks=3
  lambda index 8 of 21
Dataset S2322Al.xlsx temp 10/10: lambda=3.162e-05, total CV=5.511468e+03, mean resid=3.754311e+01, peaks=3
  lambda index 8 of 21
Wrote Bayes-DRT workflow report: C:\Users\mitra\Downloads\matlab analysis\s2322al_bayes_drt_matlab2011_b51_60.txt

ans = 

  struct with fields:

                         dataset: 'S2322Al.xlsx'
                     output_file: 'C:\Users\mitra\Downloads\matlab analysis\s2322al_bayes_drt_matlab2011_b51_60.txt'
    total_available_temperatures: 63
               batch_start_index: 51
                 batch_end_index: 60
              total_temperatures: 10
                     lambda_grid: [21x1 double]
                 selected_lambda: [10x1 double]
                         real_cv: [10x1 double]
                         imag_cv: [10x1 double]
                        total_cv: [10x1 double]
                   mean_residual: [10x1 double]
                      peak_count: [10x1 double]

