Dataset S2322Al.xlsx temp 1/10: lambda=3.162e-05, total CV=5.014247e+03, mean resid=2.722706e+01, peaks=2
  lambda index 8 of 21
Dataset S2322Al.xlsx temp 2/10: lambda=3.162e-05, total CV=5.056942e+03, mean resid=2.730569e+01, peaks=2
  lambda index 8 of 21
Dataset S2322Al.xlsx temp 3/10: lambda=3.162e-05, total CV=5.079983e+03, mean resid=2.743286e+01, peaks=2
  lambda index 8 of 21
Dataset S2322Al.xlsx temp 4/10: lambda=3.162e-05, total CV=4.955806e+03, mean resid=2.683361e+01, peaks=2
  lambda index 8 of 21
Dataset S2322Al.xlsx temp 5/10: lambda=3.162e-05, total CV=5.012795e+03, mean resid=2.701287e+01, peaks=2
  lambda index 8 of 21
Dataset S2322Al.xlsx temp 6/10: lambda=1.000e-04, total CV=4.980076e+03, mean resid=2.683492e+01, peaks=2
  lambda index 9 of 21
Dataset S2322Al.xlsx temp 7/10: lambda=3.162e-05, total CV=4.810211e+03, mean resid=2.586699e+01, peaks=2
  lambda index 8 of 21
Dataset S2322Al.xlsx temp 8/10: lambda=3.162e-05, total CV=4.690021e+03, mean resid=2.538971e+01, peaks=2
  lambda index 8 of 21
Dataset S2322Al.xlsx temp 9/10: lambda=1.000e-04, total CV=4.742319e+03, mean resid=2.555116e+01, peaks=2
  lambda index 9 of 21
Dataset S2322Al.xlsx temp 10/10: lambda=1.000e-04, total CV=4.732305e+03, mean resid=2.523521e+01, peaks=2
  lambda index 9 of 21
Wrote Bayes-DRT workflow report: C:\Users\mitra\Downloads\matlab analysis\s2322al_bayes_drt_matlab2011_b31_40.txt

ans = 

  struct with fields:

                         dataset: 'S2322Al.xlsx'
                     output_file: 'C:\Users\mitra\Downloads\matlab analysis\s2322al_bayes_drt_matlab2011_b31_40.txt'
    total_available_temperatures: 63
               batch_start_index: 31
                 batch_end_index: 40
              total_temperatures: 10
                     lambda_grid: [21x1 double]
                 selected_lambda: [10x1 double]
                         real_cv: [10x1 double]
                         imag_cv: [10x1 double]
                        total_cv: [10x1 double]
                   mean_residual: [10x1 double]
                      peak_count: [10x1 double]

