Dataset S2322Al.xlsx temp 1/10: lambda=1.000e-04, total CV=4.609910e+03, mean resid=3.125573e+01, peaks=2
  lambda index 9 of 21
Dataset S2322Al.xlsx temp 2/10: lambda=3.162e-04, total CV=4.988215e+03, mean resid=2.903211e+01, peaks=2
  lambda index 10 of 21
Dataset S2322Al.xlsx temp 3/10: lambda=1.000e-04, total CV=4.485500e+03, mean resid=2.881537e+01, peaks=2
  lambda index 9 of 21
Dataset S2322Al.xlsx temp 4/10: lambda=1.000e-04, total CV=4.700629e+03, mean resid=2.709162e+01, peaks=2
  lambda index 9 of 21
Dataset S2322Al.xlsx temp 5/10: lambda=1.000e-04, total CV=4.503511e+03, mean resid=2.693688e+01, peaks=2
  lambda index 9 of 21
Dataset S2322Al.xlsx temp 6/10: lambda=1.000e-04, total CV=4.776477e+03, mean resid=2.757956e+01, peaks=2
  lambda index 9 of 21
Dataset S2322Al.xlsx temp 7/10: lambda=1.000e-04, total CV=4.556968e+03, mean resid=2.719036e+01, peaks=2
  lambda index 9 of 21
Dataset S2322Al.xlsx temp 8/10: lambda=1.000e-04, total CV=4.639573e+03, mean resid=2.680616e+01, peaks=2
  lambda index 9 of 21
Dataset S2322Al.xlsx temp 9/10: lambda=1.000e-04, total CV=4.800273e+03, mean resid=2.708400e+01, peaks=2
  lambda index 9 of 21
Dataset S2322Al.xlsx temp 10/10: lambda=1.000e-04, total CV=4.897662e+03, mean resid=2.663018e+01, peaks=2
  lambda index 9 of 21
Wrote Bayes-DRT workflow report: C:\Users\mitra\Downloads\matlab analysis\s2322al_bayes_drt_matlab2011_b11_20.txt

ans = 

  struct with fields:

                         dataset: 'S2322Al.xlsx'
                     output_file: 'C:\Users\mitra\Downloads\matlab analysis\s2322al_bayes_drt_matlab2011_b11_20.txt'
    total_available_temperatures: 63
               batch_start_index: 11
                 batch_end_index: 20
              total_temperatures: 10
                     lambda_grid: [21x1 double]
                 selected_lambda: [10x1 double]
                         real_cv: [10x1 double]
                         imag_cv: [10x1 double]
                        total_cv: [10x1 double]
                   mean_residual: [10x1 double]
                      peak_count: [10x1 double]

