Dataset S2322Sap.xlsx temp 1/10: lambda=1.000e-05, total CV=3.918432e+06, mean resid=9.398519e+02, peaks=3
  lambda index 7 of 21
Dataset S2322Sap.xlsx temp 2/10: lambda=1.000e-04, total CV=3.415299e+06, mean resid=8.605944e+02, peaks=2
  lambda index 9 of 21
Dataset S2322Sap.xlsx temp 3/10: lambda=1.000e-06, total CV=3.533349e+06, mean resid=8.896222e+02, peaks=3
  lambda index 5 of 21
Dataset S2322Sap.xlsx temp 4/10: lambda=1.000e-04, total CV=3.352205e+06, mean resid=8.724225e+02, peaks=2
  lambda index 9 of 21
Dataset S2322Sap.xlsx temp 5/10: lambda=3.162e-04, total CV=3.316231e+06, mean resid=8.912323e+02, peaks=2
  lambda index 10 of 21
Dataset S2322Sap.xlsx temp 6/10: lambda=1.000e-08, total CV=3.600428e+06, mean resid=8.376556e+02, peaks=2
  lambda index 1 of 21
Dataset S2322Sap.xlsx temp 7/10: lambda=1.000e-04, total CV=2.417545e+06, mean resid=7.696864e+02, peaks=2
  lambda index 9 of 21
Dataset S2322Sap.xlsx temp 8/10: lambda=1.000e-04, total CV=2.020414e+06, mean resid=7.399005e+02, peaks=2
  lambda index 9 of 21
Dataset S2322Sap.xlsx temp 9/10: lambda=1.000e-08, total CV=2.168886e+06, mean resid=7.520844e+02, peaks=3
  lambda index 1 of 21
Dataset S2322Sap.xlsx temp 10/10: lambda=1.000e-04, total CV=1.730397e+06, mean resid=6.927433e+02, peaks=1
  lambda index 9 of 21
Wrote Bayes-DRT workflow report: C:\Users\mitra\Downloads\matlab analysis\s2322sap_bayes_drt_matlab2011_b31_40.txt

ans = 

  struct with fields:

                         dataset: 'S2322Sap.xlsx'
                     output_file: 'C:\Users\mitra\Downloads\matlab analysis\s2322sap_bayes_drt_matlab2011_b31_40.txt'
    total_available_temperatures: 69
               batch_start_index: 31
                 batch_end_index: 40
              total_temperatures: 10
                     lambda_grid: [21x1 double]
                 selected_lambda: [10x1 double]
                         real_cv: [10x1 double]
                         imag_cv: [10x1 double]
                        total_cv: [10x1 double]
                   mean_residual: [10x1 double]
                      peak_count: [10x1 double]

