Dataset S2322Al.xlsx temp 1/10: lambda=1.000e-04, total CV=5.162374e+03, mean resid=2.934373e+01, peaks=2
  lambda index 9 of 21
Dataset S2322Al.xlsx temp 2/10: lambda=1.000e-04, total CV=4.964394e+03, mean resid=2.898390e+01, peaks=2
  lambda index 9 of 21
Dataset S2322Al.xlsx temp 3/10: lambda=1.000e-03, total CV=6.880532e+03, mean resid=3.565596e+01, peaks=2
  lambda index 11 of 21
Dataset S2322Al.xlsx temp 4/10: lambda=1.000e-04, total CV=1.333659e+04, mean resid=5.152124e+01, peaks=4
  lambda index 9 of 21
Dataset S2322Al.xlsx temp 5/10: lambda=1.000e-04, total CV=6.989577e+03, mean resid=4.732549e+01, peaks=2
  lambda index 9 of 21
Dataset S2322Al.xlsx temp 6/10: lambda=3.162e-04, total CV=7.005152e+03, mean resid=3.560027e+01, peaks=2
  lambda index 10 of 21
Dataset S2322Al.xlsx temp 7/10: lambda=1.000e-04, total CV=5.961816e+03, mean resid=3.286202e+01, peaks=2
  lambda index 9 of 21
Dataset S2322Al.xlsx temp 8/10: lambda=1.000e-04, total CV=5.770267e+03, mean resid=4.097567e+01, peaks=2
  lambda index 9 of 21
Dataset S2322Al.xlsx temp 9/10: lambda=1.000e-04, total CV=5.449004e+03, mean resid=3.065451e+01, peaks=2
  lambda index 9 of 21
Dataset S2322Al.xlsx temp 10/10: lambda=1.000e-04, total CV=5.286397e+03, mean resid=2.998406e+01, peaks=2
  lambda index 9 of 21
Wrote Bayes-DRT workflow report: C:\Users\mitra\Downloads\matlab analysis\s2322al_bayes_drt_matlab2011_b1_10.txt

ans = 

  struct with fields:

                         dataset: 'S2322Al.xlsx'
                     output_file: 'C:\Users\mitra\Downloads\matlab analysis\s2322al_bayes_drt_matlab2011_b1_10.txt'
    total_available_temperatures: 63
               batch_start_index: 1
                 batch_end_index: 10
              total_temperatures: 10
                     lambda_grid: [21x1 double]
                 selected_lambda: [10x1 double]
                         real_cv: [10x1 double]
                         imag_cv: [10x1 double]
                        total_cv: [10x1 double]
                   mean_residual: [10x1 double]
                      peak_count: [10x1 double]

