Dataset S2322Sap.xlsx temp 1/10: lambda=1.000e-08, total CV=9.352276e+07, mean resid=3.710112e+03, peaks=3
  lambda index 1 of 21
Dataset S2322Sap.xlsx temp 2/10: lambda=1.000e-08, total CV=1.077487e+08, mean resid=3.613969e+03, peaks=3
  lambda index 1 of 21
Dataset S2322Sap.xlsx temp 3/10: lambda=3.162e-04, total CV=4.870659e+07, mean resid=2.682786e+03, peaks=2
  lambda index 10 of 21
Dataset S2322Sap.xlsx temp 4/10: lambda=1.000e-04, total CV=4.566418e+07, mean resid=2.576743e+03, peaks=2
  lambda index 9 of 21
Dataset S2322Sap.xlsx temp 5/10: lambda=1.000e-08, total CV=2.213075e+07, mean resid=1.857575e+03, peaks=3
  lambda index 1 of 21
Dataset S2322Sap.xlsx temp 6/10: lambda=1.000e-08, total CV=1.453545e+07, mean resid=1.527991e+03, peaks=3
  lambda index 1 of 21
Dataset S2322Sap.xlsx temp 7/10: lambda=1.000e-04, total CV=9.004029e+06, mean resid=1.316040e+03, peaks=3
  lambda index 9 of 21
Dataset S2322Sap.xlsx temp 8/10: lambda=3.162e-05, total CV=7.357334e+06, mean resid=1.219058e+03, peaks=3
  lambda index 8 of 21
Dataset S2322Sap.xlsx temp 9/10: lambda=1.000e-05, total CV=8.622033e+06, mean resid=1.144040e+03, peaks=2
  lambda index 7 of 21
Dataset S2322Sap.xlsx temp 10/10: lambda=3.162e-05, total CV=6.373335e+06, mean resid=1.169843e+03, peaks=3
  lambda index 8 of 21
Wrote Bayes-DRT workflow report: C:\Users\mitra\Downloads\matlab analysis\s2322sap_bayes_drt_matlab2011_b11_20.txt

ans = 

  struct with fields:

                         dataset: 'S2322Sap.xlsx'
                     output_file: 'C:\Users\mitra\Downloads\matlab analysis\s2322sap_bayes_drt_matlab2011_b11_20.txt'
    total_available_temperatures: 69
               batch_start_index: 11
                 batch_end_index: 20
              total_temperatures: 10
                     lambda_grid: [21x1 double]
                 selected_lambda: [10x1 double]
                         real_cv: [10x1 double]
                         imag_cv: [10x1 double]
                        total_cv: [10x1 double]
                   mean_residual: [10x1 double]
                      peak_count: [10x1 double]

