Dataset S2322Al.xlsx temp 1/10: lambda=1.000e-04, total CV=4.763595e+03, mean resid=2.647965e+01, peaks=2
  lambda index 9 of 21
Dataset S2322Al.xlsx temp 2/10: lambda=1.000e-04, total CV=4.790691e+03, mean resid=2.631481e+01, peaks=2
  lambda index 9 of 21
Dataset S2322Al.xlsx temp 3/10: lambda=3.162e-05, total CV=4.800343e+03, mean resid=2.602216e+01, peaks=2
  lambda index 8 of 21
Dataset S2322Al.xlsx temp 4/10: lambda=3.162e-05, total CV=4.784745e+03, mean resid=2.624335e+01, peaks=2
  lambda index 8 of 21
Dataset S2322Al.xlsx temp 5/10: lambda=3.162e-05, total CV=4.839625e+03, mean resid=2.610793e+01, peaks=2
  lambda index 8 of 21
Dataset S2322Al.xlsx temp 6/10: lambda=3.162e-05, total CV=4.816473e+03, mean resid=2.628476e+01, peaks=2
  lambda index 8 of 21
Dataset S2322Al.xlsx temp 7/10: lambda=3.162e-05, total CV=4.726468e+03, mean resid=2.592997e+01, peaks=2
  lambda index 8 of 21
Dataset S2322Al.xlsx temp 8/10: lambda=3.162e-05, total CV=4.972694e+03, mean resid=2.720111e+01, peaks=2
  lambda index 8 of 21
Dataset S2322Al.xlsx temp 9/10: lambda=3.162e-05, total CV=4.954058e+03, mean resid=2.703283e+01, peaks=2
  lambda index 8 of 21
Dataset S2322Al.xlsx temp 10/10: lambda=3.162e-05, total CV=4.976792e+03, mean resid=2.685474e+01, peaks=2
  lambda index 8 of 21
Wrote Bayes-DRT workflow report: C:\Users\mitra\Downloads\matlab analysis\s2322al_bayes_drt_matlab2011_b21_30.txt

ans = 

  struct with fields:

                         dataset: 'S2322Al.xlsx'
                     output_file: 'C:\Users\mitra\Downloads\matlab analysis\s2322al_bayes_drt_matlab2011_b21_30.txt'
    total_available_temperatures: 63
               batch_start_index: 21
                 batch_end_index: 30
              total_temperatures: 10
                     lambda_grid: [21x1 double]
                 selected_lambda: [10x1 double]
                         real_cv: [10x1 double]
                         imag_cv: [10x1 double]
                        total_cv: [10x1 double]
                   mean_residual: [10x1 double]
                      peak_count: [10x1 double]

