Dataset S2322Sap.xlsx temp 1/10: lambda=3.162e-04, total CV=5.747010e+06, mean resid=1.097829e+03, peaks=2
  lambda index 10 of 21
Dataset S2322Sap.xlsx temp 2/10: lambda=1.000e-08, total CV=6.020475e+06, mean resid=1.079166e+03, peaks=3
  lambda index 1 of 21
Dataset S2322Sap.xlsx temp 3/10: lambda=1.000e-08, total CV=6.056809e+06, mean resid=1.046689e+03, peaks=2
  lambda index 1 of 21
Dataset S2322Sap.xlsx temp 4/10: lambda=3.162e-05, total CV=4.644035e+06, mean resid=1.007827e+03, peaks=3
  lambda index 8 of 21
Dataset S2322Sap.xlsx temp 5/10: lambda=1.000e-04, total CV=4.343308e+06, mean resid=9.921282e+02, peaks=2
  lambda index 9 of 21
Dataset S2322Sap.xlsx temp 6/10: lambda=3.162e-05, total CV=4.758101e+06, mean resid=9.822882e+02, peaks=3
  lambda index 8 of 21
Dataset S2322Sap.xlsx temp 7/10: lambda=1.000e-04, total CV=4.542590e+06, mean resid=9.965875e+02, peaks=4
  lambda index 9 of 21
Dataset S2322Sap.xlsx temp 8/10: lambda=3.162e-05, total CV=4.003513e+06, mean resid=9.594334e+02, peaks=2
  lambda index 8 of 21
Dataset S2322Sap.xlsx temp 9/10: lambda=3.162e-05, total CV=4.750573e+06, mean resid=9.235277e+02, peaks=2
  lambda index 8 of 21
Dataset S2322Sap.xlsx temp 10/10: lambda=1.000e-05, total CV=4.512295e+06, mean resid=9.491813e+02, peaks=2
  lambda index 7 of 21
Wrote Bayes-DRT workflow report: C:\Users\mitra\Downloads\matlab analysis\s2322sap_bayes_drt_matlab2011_b21_30.txt

ans = 

  struct with fields:

                         dataset: 'S2322Sap.xlsx'
                     output_file: 'C:\Users\mitra\Downloads\matlab analysis\s2322sap_bayes_drt_matlab2011_b21_30.txt'
    total_available_temperatures: 69
               batch_start_index: 21
                 batch_end_index: 30
              total_temperatures: 10
                     lambda_grid: [21x1 double]
                 selected_lambda: [10x1 double]
                         real_cv: [10x1 double]
                         imag_cv: [10x1 double]
                        total_cv: [10x1 double]
                   mean_residual: [10x1 double]
                      peak_count: [10x1 double]

