Dataset S2332Sap.xlsx temp 1/10: lambda=3.162e-06, total CV=1.357815e+05, mean resid=1.955202e+02, peaks=3
  lambda index 6 of 21
Dataset S2332Sap.xlsx temp 2/10: lambda=3.162e-06, total CV=1.357815e+05, mean resid=1.955202e+02, peaks=3
  lambda index 6 of 21
Dataset S2332Sap.xlsx temp 3/10: lambda=3.162e-05, total CV=2.654118e+06, mean resid=5.957334e+02, peaks=1
  lambda index 8 of 21
Dataset S2332Sap.xlsx temp 4/10: lambda=3.162e-05, total CV=2.654118e+06, mean resid=5.957334e+02, peaks=1
  lambda index 8 of 21
Dataset S2332Sap.xlsx temp 5/10: lambda=1.000e+00, total CV=1.122728e+08, mean resid=6.928642e+03, peaks=1
  lambda index 17 of 21
Dataset S2332Sap.xlsx temp 6/10: lambda=1.000e+00, total CV=1.122728e+08, mean resid=6.928642e+03, peaks=1
  lambda index 17 of 21
Dataset S2332Sap.xlsx temp 7/10: lambda=1.000e-03, total CV=4.669788e+06, mean resid=9.690867e+02, peaks=1
  lambda index 11 of 21
Dataset S2332Sap.xlsx temp 8/10: lambda=1.000e-03, total CV=4.669788e+06, mean resid=9.690867e+02, peaks=1
  lambda index 11 of 21
Dataset S2332Sap.xlsx temp 9/10: lambda=1.000e-08, total CV=8.502351e+04, mean resid=1.599203e+02, peaks=2
  lambda index 1 of 21
Dataset S2332Sap.xlsx temp 10/10: lambda=1.000e-08, total CV=8.502351e+04, mean resid=1.599203e+02, peaks=2
  lambda index 1 of 21
Wrote Bayes-DRT workflow report: C:\Users\mitra\Downloads\matlab analysis\s2332sap_bayes_drt_matlab2011_b91_100.txt

ans = 

  struct with fields:

                         dataset: 'S2332Sap.xlsx'
                     output_file: 'C:\Users\mitra\Downloads\matlab analysis\s2332sap_bayes_drt_matlab2011_b91_100.txt'
    total_available_temperatures: 220
               batch_start_index: 91
                 batch_end_index: 100
              total_temperatures: 10
                     lambda_grid: [21x1 double]
                 selected_lambda: [10x1 double]
                         real_cv: [10x1 double]
                         imag_cv: [10x1 double]
                        total_cv: [10x1 double]
                   mean_residual: [10x1 double]
                      peak_count: [10x1 double]

