Dataset S2332Sap.xlsx temp 1/10: lambda=1.000e-02, total CV=1.961218e+06, mean resid=5.271610e+02, peaks=2
  lambda index 13 of 21
Dataset S2332Sap.xlsx temp 2/10: lambda=1.000e-02, total CV=1.961218e+06, mean resid=5.271610e+02, peaks=2
  lambda index 13 of 21
Dataset S2332Sap.xlsx temp 3/10: lambda=3.162e-08, total CV=6.717902e+03, mean resid=4.717436e+01, peaks=5
  lambda index 2 of 21
Dataset S2332Sap.xlsx temp 4/10: lambda=3.162e-08, total CV=6.717902e+03, mean resid=4.717436e+01, peaks=5
  lambda index 2 of 21
Dataset S2332Sap.xlsx temp 5/10: lambda=1.000e-08, total CV=1.897131e+05, mean resid=1.927201e+02, peaks=4
  lambda index 1 of 21
Dataset S2332Sap.xlsx temp 6/10: lambda=1.000e-08, total CV=1.897131e+05, mean resid=1.927201e+02, peaks=4
  lambda index 1 of 21
Dataset S2332Sap.xlsx temp 7/10: lambda=3.162e-07, total CV=6.557504e+03, mean resid=4.543137e+01, peaks=4
  lambda index 4 of 21
Dataset S2332Sap.xlsx temp 8/10: lambda=3.162e-07, total CV=6.557504e+03, mean resid=4.543137e+01, peaks=4
  lambda index 4 of 21
Dataset S2332Sap.xlsx temp 9/10: lambda=1.000e-08, total CV=7.444814e+04, mean resid=1.331985e+02, peaks=4
  lambda index 1 of 21
Dataset S2332Sap.xlsx temp 10/10: lambda=1.000e-08, total CV=7.444814e+04, mean resid=1.331985e+02, peaks=4
  lambda index 1 of 21
Wrote Bayes-DRT workflow report: C:\Users\mitra\Downloads\matlab analysis\s2332sap_bayes_drt_matlab2011_b171_180.txt

ans = 

  struct with fields:

                         dataset: 'S2332Sap.xlsx'
                     output_file: 'C:\Users\mitra\Downloads\matlab analysis\s2332sap_bayes_drt_matlab2011_b171_180.txt'
    total_available_temperatures: 220
               batch_start_index: 171
                 batch_end_index: 180
              total_temperatures: 10
                     lambda_grid: [21x1 double]
                 selected_lambda: [10x1 double]
                         real_cv: [10x1 double]
                         imag_cv: [10x1 double]
                        total_cv: [10x1 double]
                   mean_residual: [10x1 double]
                      peak_count: [10x1 double]

