Dataset S2332Sap.xlsx temp 1/10: lambda=3.162e-05, total CV=1.759228e+04, mean resid=6.077530e+01, peaks=1
  lambda index 8 of 21
Dataset S2332Sap.xlsx temp 2/10: lambda=3.162e-05, total CV=1.759228e+04, mean resid=6.077530e+01, peaks=1
  lambda index 8 of 21
Dataset S2332Sap.xlsx temp 3/10: lambda=1.000e-07, total CV=7.540150e+03, mean resid=4.980920e+01, peaks=5
  lambda index 3 of 21
Dataset S2332Sap.xlsx temp 4/10: lambda=1.000e-07, total CV=7.540150e+03, mean resid=4.980920e+01, peaks=5
  lambda index 3 of 21
Dataset S2332Sap.xlsx temp 5/10: lambda=1.000e-05, total CV=7.108802e+03, mean resid=4.804286e+01, peaks=4
  lambda index 7 of 21
Dataset S2332Sap.xlsx temp 6/10: lambda=1.000e-05, total CV=7.108802e+03, mean resid=4.804286e+01, peaks=4
  lambda index 7 of 21
Dataset S2332Sap.xlsx temp 7/10: lambda=3.162e-04, total CV=7.661382e+05, mean resid=4.254414e+02, peaks=1
  lambda index 10 of 21
Dataset S2332Sap.xlsx temp 8/10: lambda=3.162e-04, total CV=7.661382e+05, mean resid=4.254414e+02, peaks=1
  lambda index 10 of 21
Dataset S2332Sap.xlsx temp 9/10: lambda=1.000e-05, total CV=6.967144e+03, mean resid=4.812607e+01, peaks=4
  lambda index 7 of 21
Dataset S2332Sap.xlsx temp 10/10: lambda=1.000e-05, total CV=6.967144e+03, mean resid=4.812607e+01, peaks=4
  lambda index 7 of 21
Wrote Bayes-DRT workflow report: C:\Users\mitra\Downloads\matlab analysis\s2332sap_bayes_drt_matlab2011_b161_170.txt

ans = 

  struct with fields:

                         dataset: 'S2332Sap.xlsx'
                     output_file: 'C:\Users\mitra\Downloads\matlab analysis\s2332sap_bayes_drt_matlab2011_b161_170.txt'
    total_available_temperatures: 220
               batch_start_index: 161
                 batch_end_index: 170
              total_temperatures: 10
                     lambda_grid: [21x1 double]
                 selected_lambda: [10x1 double]
                         real_cv: [10x1 double]
                         imag_cv: [10x1 double]
                        total_cv: [10x1 double]
                   mean_residual: [10x1 double]
                      peak_count: [10x1 double]

