Dataset S2332Sap.xlsx temp 1/10: lambda=1.000e-08, total CV=7.401253e+04, mean resid=1.448715e+02, peaks=3
  lambda index 1 of 21
Dataset S2332Sap.xlsx temp 2/10: lambda=1.000e-08, total CV=7.401253e+04, mean resid=1.448715e+02, peaks=3
  lambda index 1 of 21
Dataset S2332Sap.xlsx temp 3/10: lambda=1.000e-04, total CV=8.336601e+04, mean resid=1.518953e+02, peaks=1
  lambda index 9 of 21
Dataset S2332Sap.xlsx temp 4/10: lambda=1.000e-04, total CV=8.336601e+04, mean resid=1.518953e+02, peaks=1
  lambda index 9 of 21
Dataset S2332Sap.xlsx temp 5/10: lambda=1.000e-08, total CV=6.918680e+04, mean resid=1.447465e+02, peaks=2
  lambda index 1 of 21
Dataset S2332Sap.xlsx temp 6/10: lambda=1.000e-08, total CV=6.918680e+04, mean resid=1.447465e+02, peaks=2
  lambda index 1 of 21
Dataset S2332Sap.xlsx temp 7/10: lambda=1.000e-08, total CV=7.687777e+04, mean resid=1.482592e+02, peaks=2
  lambda index 1 of 21
Dataset S2332Sap.xlsx temp 8/10: lambda=1.000e-08, total CV=7.687777e+04, mean resid=1.482592e+02, peaks=2
  lambda index 1 of 21
Dataset S2332Sap.xlsx temp 9/10: lambda=1.000e+00, total CV=1.747701e+08, mean resid=7.479917e+03, peaks=1
  lambda index 17 of 21
Dataset S2332Sap.xlsx temp 10/10: lambda=1.000e+00, total CV=1.747701e+08, mean resid=7.479917e+03, peaks=1
  lambda index 17 of 21
Wrote Bayes-DRT workflow report: C:\Users\mitra\Downloads\matlab analysis\s2332sap_bayes_drt_matlab2011_b131_140.txt

ans = 

  struct with fields:

                         dataset: 'S2332Sap.xlsx'
                     output_file: 'C:\Users\mitra\Downloads\matlab analysis\s2332sap_bayes_drt_matlab2011_b131_140.txt'
    total_available_temperatures: 220
               batch_start_index: 131
                 batch_end_index: 140
              total_temperatures: 10
                     lambda_grid: [21x1 double]
                 selected_lambda: [10x1 double]
                         real_cv: [10x1 double]
                         imag_cv: [10x1 double]
                        total_cv: [10x1 double]
                   mean_residual: [10x1 double]
                      peak_count: [10x1 double]

