Dataset S2332Sap.xlsx temp 1/10: lambda=1.000e-04, total CV=6.552174e+05, mean resid=4.104399e+02, peaks=1
  lambda index 9 of 21
Dataset S2332Sap.xlsx temp 2/10: lambda=1.000e-04, total CV=6.552174e+05, mean resid=4.104399e+02, peaks=1
  lambda index 9 of 21
Dataset S2332Sap.xlsx temp 3/10: lambda=1.000e-02, total CV=6.502043e+07, mean resid=2.496453e+03, peaks=2
  lambda index 13 of 21
Dataset S2332Sap.xlsx temp 4/10: lambda=1.000e-02, total CV=6.502043e+07, mean resid=2.496453e+03, peaks=2
  lambda index 13 of 21
Dataset S2332Sap.xlsx temp 5/10: lambda=3.162e-05, total CV=8.180042e+04, mean resid=1.831584e+02, peaks=3
  lambda index 8 of 21
Dataset S2332Sap.xlsx temp 6/10: lambda=3.162e-05, total CV=8.180042e+04, mean resid=1.831584e+02, peaks=3
  lambda index 8 of 21
Dataset S2332Sap.xlsx temp 7/10: lambda=3.162e-01, total CV=9.361620e+07, mean resid=5.555492e+03, peaks=2
  lambda index 16 of 21
Dataset S2332Sap.xlsx temp 8/10: lambda=3.162e-01, total CV=9.361620e+07, mean resid=5.555492e+03, peaks=2
  lambda index 16 of 21
Dataset S2332Sap.xlsx temp 9/10: lambda=1.000e-04, total CV=1.807188e+05, mean resid=2.239856e+02, peaks=1
  lambda index 9 of 21
Dataset S2332Sap.xlsx temp 10/10: lambda=1.000e-04, total CV=1.807188e+05, mean resid=2.239856e+02, peaks=1
  lambda index 9 of 21
Wrote Bayes-DRT workflow report: C:\Users\mitra\Downloads\matlab analysis\s2332sap_bayes_drt_matlab2011_b151_160.txt

ans = 

  struct with fields:

                         dataset: 'S2332Sap.xlsx'
                     output_file: 'C:\Users\mitra\Downloads\matlab analysis\s2332sap_bayes_drt_matlab2011_b151_160.txt'
    total_available_temperatures: 220
               batch_start_index: 151
                 batch_end_index: 160
              total_temperatures: 10
                     lambda_grid: [21x1 double]
                 selected_lambda: [10x1 double]
                         real_cv: [10x1 double]
                         imag_cv: [10x1 double]
                        total_cv: [10x1 double]
                   mean_residual: [10x1 double]
                      peak_count: [10x1 double]

