Dataset S2332Sap.xlsx temp 1/10: lambda=1.000e-04, total CV=6.691626e+05, mean resid=3.092010e+02, peaks=1
  lambda index 9 of 21
Dataset S2332Sap.xlsx temp 2/10: lambda=1.000e-04, total CV=6.691626e+05, mean resid=3.092010e+02, peaks=1
  lambda index 9 of 21
Dataset S2332Sap.xlsx temp 3/10: lambda=1.000e-04, total CV=6.609286e+04, mean resid=1.319087e+02, peaks=1
  lambda index 9 of 21
Dataset S2332Sap.xlsx temp 4/10: lambda=1.000e-04, total CV=6.609286e+04, mean resid=1.319087e+02, peaks=1
  lambda index 9 of 21
Dataset S2332Sap.xlsx temp 5/10: lambda=1.000e-05, total CV=5.542238e+04, mean resid=1.208388e+02, peaks=2
  lambda index 7 of 21
Dataset S2332Sap.xlsx temp 6/10: lambda=1.000e-05, total CV=5.542238e+04, mean resid=1.208388e+02, peaks=2
  lambda index 7 of 21
Dataset S2332Sap.xlsx temp 7/10: lambda=1.000e-06, total CV=5.391995e+04, mean resid=1.243757e+02, peaks=2
  lambda index 5 of 21
Dataset S2332Sap.xlsx temp 8/10: lambda=1.000e-06, total CV=5.391995e+04, mean resid=1.243757e+02, peaks=2
  lambda index 5 of 21
Dataset S2332Sap.xlsx temp 9/10: lambda=1.000e-08, total CV=5.580091e+04, mean resid=1.140837e+02, peaks=5
  lambda index 1 of 21
Dataset S2332Sap.xlsx temp 10/10: lambda=1.000e-08, total CV=5.580091e+04, mean resid=1.140837e+02, peaks=5
  lambda index 1 of 21
Wrote Bayes-DRT workflow report: C:\Users\mitra\Downloads\matlab analysis\s2332sap_bayes_drt_matlab2011_b21_30.txt

ans = 

  struct with fields:

                         dataset: 'S2332Sap.xlsx'
                     output_file: 'C:\Users\mitra\Downloads\matlab analysis\s2332sap_bayes_drt_matlab2011_b21_30.txt'
    total_available_temperatures: 220
               batch_start_index: 21
                 batch_end_index: 30
              total_temperatures: 10
                     lambda_grid: [21x1 double]
                 selected_lambda: [10x1 double]
                         real_cv: [10x1 double]
                         imag_cv: [10x1 double]
                        total_cv: [10x1 double]
                   mean_residual: [10x1 double]
                      peak_count: [10x1 double]

