Dataset S2332Sap.xlsx temp 1/10: lambda=1.000e-08, total CV=1.857844e+06, mean resid=7.115030e+02, peaks=1
  lambda index 1 of 21
Dataset S2332Sap.xlsx temp 2/10: lambda=1.000e-08, total CV=1.857844e+06, mean resid=7.115030e+02, peaks=1
  lambda index 1 of 21
Dataset S2332Sap.xlsx temp 3/10: lambda=1.000e-08, total CV=8.636239e+04, mean resid=1.489374e+02, peaks=3
  lambda index 1 of 21
Dataset S2332Sap.xlsx temp 4/10: lambda=1.000e-08, total CV=8.636239e+04, mean resid=1.489374e+02, peaks=3
  lambda index 1 of 21
Dataset S2332Sap.xlsx temp 5/10: lambda=1.000e-04, total CV=2.952688e+05, mean resid=2.767618e+02, peaks=2
  lambda index 9 of 21
Dataset S2332Sap.xlsx temp 6/10: lambda=1.000e-04, total CV=2.952688e+05, mean resid=2.767618e+02, peaks=2
  lambda index 9 of 21
Dataset S2332Sap.xlsx temp 7/10: lambda=1.000e-06, total CV=8.157969e+06, mean resid=1.138172e+03, peaks=3
  lambda index 5 of 21
Dataset S2332Sap.xlsx temp 8/10: lambda=1.000e-06, total CV=8.157969e+06, mean resid=1.138172e+03, peaks=3
  lambda index 5 of 21
Dataset S2332Sap.xlsx temp 9/10: lambda=1.000e-08, total CV=8.986970e+04, mean resid=1.763503e+02, peaks=3
  lambda index 1 of 21
Dataset S2332Sap.xlsx temp 10/10: lambda=1.000e-08, total CV=8.986970e+04, mean resid=1.763503e+02, peaks=3
  lambda index 1 of 21
Wrote Bayes-DRT workflow report: C:\Users\mitra\Downloads\matlab analysis\s2332sap_bayes_drt_matlab2011_b111_120.txt

ans = 

  struct with fields:

                         dataset: 'S2332Sap.xlsx'
                     output_file: 'C:\Users\mitra\Downloads\matlab analysis\s2332sap_bayes_drt_matlab2011_b111_120.txt'
    total_available_temperatures: 220
               batch_start_index: 111
                 batch_end_index: 120
              total_temperatures: 10
                     lambda_grid: [21x1 double]
                 selected_lambda: [10x1 double]
                         real_cv: [10x1 double]
                         imag_cv: [10x1 double]
                        total_cv: [10x1 double]
                   mean_residual: [10x1 double]
                      peak_count: [10x1 double]

