Dataset S2332Sap.xlsx temp 1/10: lambda=1.000e-06, total CV=3.061472e+04, mean resid=9.664941e+01, peaks=4
  lambda index 5 of 21
Dataset S2332Sap.xlsx temp 2/10: lambda=1.000e-06, total CV=3.061472e+04, mean resid=9.664941e+01, peaks=4
  lambda index 5 of 21
Dataset S2332Sap.xlsx temp 3/10: lambda=3.162e-05, total CV=6.217715e+03, mean resid=4.383617e+01, peaks=2
  lambda index 8 of 21
Dataset S2332Sap.xlsx temp 4/10: lambda=3.162e-05, total CV=6.217715e+03, mean resid=4.383617e+01, peaks=2
  lambda index 8 of 21
Dataset S2332Sap.xlsx temp 5/10: lambda=3.162e-05, total CV=2.486176e+05, mean resid=2.435995e+02, peaks=4
  lambda index 8 of 21
Dataset S2332Sap.xlsx temp 6/10: lambda=3.162e-05, total CV=2.486176e+05, mean resid=2.435995e+02, peaks=4
  lambda index 8 of 21
Dataset S2332Sap.xlsx temp 7/10: lambda=3.162e-01, total CV=4.453903e+07, mean resid=2.167910e+03, peaks=2
  lambda index 16 of 21
Dataset S2332Sap.xlsx temp 8/10: lambda=3.162e-01, total CV=4.453903e+07, mean resid=2.167910e+03, peaks=2
  lambda index 16 of 21
Dataset S2332Sap.xlsx temp 9/10: lambda=3.162e-04, total CV=9.315816e+07, mean resid=2.891683e+03, peaks=4
  lambda index 10 of 21
Dataset S2332Sap.xlsx temp 10/10: lambda=3.162e-04, total CV=9.315816e+07, mean resid=2.891683e+03, peaks=4
  lambda index 10 of 21
Wrote Bayes-DRT workflow report: C:\Users\mitra\Downloads\matlab analysis\s2332sap_bayes_drt_matlab2011_b191_200.txt

ans = 

  struct with fields:

                         dataset: 'S2332Sap.xlsx'
                     output_file: 'C:\Users\mitra\Downloads\matlab analysis\s2332sap_bayes_drt_matlab2011_b191_200.txt'
    total_available_temperatures: 220
               batch_start_index: 191
                 batch_end_index: 200
              total_temperatures: 10
                     lambda_grid: [21x1 double]
                 selected_lambda: [10x1 double]
                         real_cv: [10x1 double]
                         imag_cv: [10x1 double]
                        total_cv: [10x1 double]
                   mean_residual: [10x1 double]
                      peak_count: [10x1 double]

