Dataset S2332Sap.xlsx temp 1/10: lambda=1.000e-08, total CV=3.052639e+05, mean resid=2.257724e+02, peaks=4
  lambda index 1 of 21
Dataset S2332Sap.xlsx temp 2/10: lambda=1.000e-08, total CV=3.052639e+05, mean resid=2.257724e+02, peaks=4
  lambda index 1 of 21
Dataset S2332Sap.xlsx temp 3/10: lambda=3.162e-04, total CV=8.808668e+04, mean resid=1.737512e+02, peaks=2
  lambda index 10 of 21
Dataset S2332Sap.xlsx temp 4/10: lambda=3.162e-04, total CV=8.808668e+04, mean resid=1.737512e+02, peaks=2
  lambda index 10 of 21
Dataset S2332Sap.xlsx temp 5/10: lambda=1.000e-04, total CV=2.648885e+05, mean resid=1.947519e+02, peaks=2
  lambda index 9 of 21
Dataset S2332Sap.xlsx temp 6/10: lambda=1.000e-04, total CV=2.648885e+05, mean resid=1.947519e+02, peaks=2
  lambda index 9 of 21
Dataset S2332Sap.xlsx temp 7/10: lambda=1.000e-07, total CV=6.320962e+03, mean resid=4.377545e+01, peaks=4
  lambda index 3 of 21
Dataset S2332Sap.xlsx temp 8/10: lambda=1.000e-07, total CV=6.320962e+03, mean resid=4.377545e+01, peaks=4
  lambda index 3 of 21
Dataset S2332Sap.xlsx temp 9/10: lambda=3.162e-05, total CV=6.151643e+03, mean resid=4.437640e+01, peaks=3
  lambda index 8 of 21
Dataset S2332Sap.xlsx temp 10/10: lambda=3.162e-05, total CV=6.151643e+03, mean resid=4.437640e+01, peaks=3
  lambda index 8 of 21
Wrote Bayes-DRT workflow report: C:\Users\mitra\Downloads\matlab analysis\s2332sap_bayes_drt_matlab2011_b181_190.txt

ans = 

  struct with fields:

                         dataset: 'S2332Sap.xlsx'
                     output_file: 'C:\Users\mitra\Downloads\matlab analysis\s2332sap_bayes_drt_matlab2011_b181_190.txt'
    total_available_temperatures: 220
               batch_start_index: 181
                 batch_end_index: 190
              total_temperatures: 10
                     lambda_grid: [21x1 double]
                 selected_lambda: [10x1 double]
                         real_cv: [10x1 double]
                         imag_cv: [10x1 double]
                        total_cv: [10x1 double]
                   mean_residual: [10x1 double]
                      peak_count: [10x1 double]

