Dataset S2332Sap.xlsx temp 1/10: lambda=1.000e-04, total CV=2.117977e+05, mean resid=2.041785e+02, peaks=3
  lambda index 9 of 21
Dataset S2332Sap.xlsx temp 2/10: lambda=1.000e-04, total CV=2.117977e+05, mean resid=2.041785e+02, peaks=3
  lambda index 9 of 21
Dataset S2332Sap.xlsx temp 3/10: lambda=1.000e-08, total CV=1.792537e+13, mean resid=1.150304e+06, peaks=2
  lambda index 1 of 21
Dataset S2332Sap.xlsx temp 4/10: lambda=1.000e-08, total CV=1.792537e+13, mean resid=1.150304e+06, peaks=2
  lambda index 1 of 21
Dataset S2332Sap.xlsx temp 5/10: lambda=1.000e+00, total CV=5.539407e+07, mean resid=4.636286e+03, peaks=1
  lambda index 17 of 21
Dataset S2332Sap.xlsx temp 6/10: lambda=1.000e+00, total CV=5.539407e+07, mean resid=4.636286e+03, peaks=1
  lambda index 17 of 21
Dataset S2332Sap.xlsx temp 7/10: lambda=1.000e-02, total CV=2.007917e+13, mean resid=1.195032e+06, peaks=2
  lambda index 13 of 21
Dataset S2332Sap.xlsx temp 8/10: lambda=1.000e-02, total CV=2.007917e+13, mean resid=1.195032e+06, peaks=2
  lambda index 13 of 21
Dataset S2332Sap.xlsx temp 9/10: lambda=3.162e-03, total CV=2.007769e+05, mean resid=1.923691e+02, peaks=2
  lambda index 12 of 21
Dataset S2332Sap.xlsx temp 10/10: lambda=3.162e-03, total CV=2.007769e+05, mean resid=1.923691e+02, peaks=2
  lambda index 12 of 21
Wrote Bayes-DRT workflow report: C:\Users\mitra\Downloads\matlab analysis\s2332sap_bayes_drt_matlab2011_b201_210.txt

ans = 

  struct with fields:

                         dataset: 'S2332Sap.xlsx'
                     output_file: 'C:\Users\mitra\Downloads\matlab analysis\s2332sap_bayes_drt_matlab2011_b201_210.txt'
    total_available_temperatures: 220
               batch_start_index: 201
                 batch_end_index: 210
              total_temperatures: 10
                     lambda_grid: [21x1 double]
                 selected_lambda: [10x1 double]
                         real_cv: [10x1 double]
                         imag_cv: [10x1 double]
                        total_cv: [10x1 double]
                   mean_residual: [10x1 double]
                      peak_count: [10x1 double]

