Dataset S2332Sap.xlsx temp 1/10: lambda=1.000e-05, total CV=1.963577e+05, mean resid=2.523810e+02, peaks=4
  lambda index 7 of 21
Dataset S2332Sap.xlsx temp 2/10: lambda=1.000e-05, total CV=1.963577e+05, mean resid=2.523810e+02, peaks=4
  lambda index 7 of 21
Dataset S2332Sap.xlsx temp 3/10: lambda=3.162e-07, total CV=9.139594e+06, mean resid=1.079148e+03, peaks=2
  lambda index 4 of 21
Dataset S2332Sap.xlsx temp 4/10: lambda=3.162e-07, total CV=9.139594e+06, mean resid=1.079148e+03, peaks=2
  lambda index 4 of 21
Dataset S2332Sap.xlsx temp 5/10: lambda=1.000e-08, total CV=1.170194e+04, mean resid=6.435148e+01, peaks=5
  lambda index 1 of 21
Dataset S2332Sap.xlsx temp 6/10: lambda=1.000e-08, total CV=1.170194e+04, mean resid=6.435148e+01, peaks=5
  lambda index 1 of 21
Dataset S2332Sap.xlsx temp 7/10: lambda=1.000e-08, total CV=1.468040e+04, mean resid=7.193701e+01, peaks=5
  lambda index 1 of 21
Dataset S2332Sap.xlsx temp 8/10: lambda=1.000e-08, total CV=1.468040e+04, mean resid=7.193701e+01, peaks=5
  lambda index 1 of 21
Dataset S2332Sap.xlsx temp 9/10: lambda=1.000e-08, total CV=1.496571e+04, mean resid=7.704253e+01, peaks=4
  lambda index 1 of 21
Dataset S2332Sap.xlsx temp 10/10: lambda=1.000e-08, total CV=1.496571e+04, mean resid=7.704253e+01, peaks=4
  lambda index 1 of 21
Wrote Bayes-DRT workflow report: C:\Users\mitra\Downloads\matlab analysis\s2332sap_bayes_drt_matlab2011_b61_70.txt

ans = 

  struct with fields:

                         dataset: 'S2332Sap.xlsx'
                     output_file: 'C:\Users\mitra\Downloads\matlab analysis\s2332sap_bayes_drt_matlab2011_b61_70.txt'
    total_available_temperatures: 220
               batch_start_index: 61
                 batch_end_index: 70
              total_temperatures: 10
                     lambda_grid: [21x1 double]
                 selected_lambda: [10x1 double]
                         real_cv: [10x1 double]
                         imag_cv: [10x1 double]
                        total_cv: [10x1 double]
                   mean_residual: [10x1 double]
                      peak_count: [10x1 double]

