Dataset S2332Sap.xlsx temp 1/10: lambda=1.000e+02, total CV=4.542048e+10, mean resid=8.388434e+04, peaks=1
  lambda index 21 of 21
Dataset S2332Sap.xlsx temp 2/10: lambda=1.000e+02, total CV=4.542048e+10, mean resid=8.388434e+04, peaks=1
  lambda index 21 of 21
Dataset S2332Sap.xlsx temp 3/10: lambda=1.000e-08, total CV=1.917355e+05, mean resid=1.896966e+02, peaks=3
  lambda index 1 of 21
Dataset S2332Sap.xlsx temp 4/10: lambda=1.000e-08, total CV=1.917355e+05, mean resid=1.896966e+02, peaks=3
  lambda index 1 of 21
Dataset S2332Sap.xlsx temp 5/10: lambda=3.162e-06, total CV=2.611900e+05, mean resid=2.493661e+02, peaks=4
  lambda index 6 of 21
Dataset S2332Sap.xlsx temp 6/10: lambda=3.162e-06, total CV=2.611900e+05, mean resid=2.493661e+02, peaks=4
  lambda index 6 of 21
Dataset S2332Sap.xlsx temp 7/10: lambda=3.162e-03, total CV=2.749237e+05, mean resid=2.628134e+02, peaks=2
  lambda index 12 of 21
Dataset S2332Sap.xlsx temp 8/10: lambda=3.162e-03, total CV=2.749237e+05, mean resid=2.628134e+02, peaks=2
  lambda index 12 of 21
Dataset S2332Sap.xlsx temp 9/10: lambda=1.000e-03, total CV=2.523249e+05, mean resid=2.623371e+02, peaks=3
  lambda index 11 of 21
Dataset S2332Sap.xlsx temp 10/10: lambda=1.000e-03, total CV=2.523249e+05, mean resid=2.623371e+02, peaks=3
  lambda index 11 of 21
Wrote Bayes-DRT workflow report: C:\Users\mitra\Downloads\matlab analysis\s2332sap_bayes_drt_matlab2011_b211_220.txt

ans = 

  struct with fields:

                         dataset: 'S2332Sap.xlsx'
                     output_file: 'C:\Users\mitra\Downloads\matlab analysis\s2332sap_bayes_drt_matlab2011_b211_220.txt'
    total_available_temperatures: 220
               batch_start_index: 211
                 batch_end_index: 220
              total_temperatures: 10
                     lambda_grid: [21x1 double]
                 selected_lambda: [10x1 double]
                         real_cv: [10x1 double]
                         imag_cv: [10x1 double]
                        total_cv: [10x1 double]
                   mean_residual: [10x1 double]
                      peak_count: [10x1 double]

