Dataset S2332Sap.xlsx temp 1/10: lambda=1.000e-03, total CV=7.364419e+04, mean resid=1.752512e+02, peaks=1
  lambda index 11 of 21
Dataset S2332Sap.xlsx temp 2/10: lambda=1.000e-03, total CV=7.364419e+04, mean resid=1.752512e+02, peaks=1
  lambda index 11 of 21
Dataset S2332Sap.xlsx temp 3/10: lambda=3.162e-07, total CV=3.140938e+05, mean resid=2.533160e+02, peaks=4
  lambda index 4 of 21
Dataset S2332Sap.xlsx temp 4/10: lambda=3.162e-07, total CV=3.140938e+05, mean resid=2.533160e+02, peaks=4
  lambda index 4 of 21
Dataset S2332Sap.xlsx temp 5/10: lambda=3.162e-06, total CV=3.012784e+05, mean resid=2.560479e+02, peaks=2
  lambda index 6 of 21
Dataset S2332Sap.xlsx temp 6/10: lambda=3.162e-06, total CV=3.012784e+05, mean resid=2.560479e+02, peaks=2
  lambda index 6 of 21
Dataset S2332Sap.xlsx temp 7/10: lambda=3.162e-06, total CV=3.096007e+05, mean resid=2.444495e+02, peaks=3
  lambda index 6 of 21
Dataset S2332Sap.xlsx temp 8/10: lambda=3.162e-06, total CV=3.096007e+05, mean resid=2.444495e+02, peaks=3
  lambda index 6 of 21
Dataset S2332Sap.xlsx temp 9/10: lambda=3.162e-06, total CV=2.926644e+05, mean resid=2.451788e+02, peaks=3
  lambda index 6 of 21
Dataset S2332Sap.xlsx temp 10/10: lambda=3.162e-06, total CV=2.926644e+05, mean resid=2.451788e+02, peaks=3
  lambda index 6 of 21
Wrote Bayes-DRT workflow report: C:\Users\mitra\Downloads\matlab analysis\s2332sap_bayes_drt_matlab2011_b1_10.txt

ans = 

  struct with fields:

                         dataset: 'S2332Sap.xlsx'
                     output_file: 'C:\Users\mitra\Downloads\matlab analysis\s2332sap_bayes_drt_matlab2011_b1_10.txt'
    total_available_temperatures: 220
               batch_start_index: 1
                 batch_end_index: 10
              total_temperatures: 10
                     lambda_grid: [21x1 double]
                 selected_lambda: [10x1 double]
                         real_cv: [10x1 double]
                         imag_cv: [10x1 double]
                        total_cv: [10x1 double]
                   mean_residual: [10x1 double]
                      peak_count: [10x1 double]

