Dataset S2422Sap.xlsx temp 1/10: lambda=1.000e-07, total CV=5.749035e+04, mean resid=7.068899e+01, peaks=3
  lambda index 3 of 21
Dataset S2422Sap.xlsx temp 2/10: lambda=1.000e-08, total CV=5.796585e+04, mean resid=7.097660e+01, peaks=3
  lambda index 1 of 21
Dataset S2422Sap.xlsx temp 3/10: lambda=1.000e-04, total CV=5.766865e+04, mean resid=7.186031e+01, peaks=3
  lambda index 9 of 21
Dataset S2422Sap.xlsx temp 4/10: lambda=1.000e-04, total CV=5.752410e+04, mean resid=7.040233e+01, peaks=3
  lambda index 9 of 21
Dataset S2422Sap.xlsx temp 5/10: lambda=3.162e-07, total CV=5.755749e+04, mean resid=7.084701e+01, peaks=3
  lambda index 4 of 21
Dataset S2422Sap.xlsx temp 6/10: lambda=1.000e-04, total CV=5.835021e+04, mean resid=7.203232e+01, peaks=3
  lambda index 9 of 21
Dataset S2422Sap.xlsx temp 7/10: lambda=1.000e-07, total CV=5.793057e+04, mean resid=7.104759e+01, peaks=3
  lambda index 3 of 21
Dataset S2422Sap.xlsx temp 8/10: lambda=1.000e-04, total CV=5.761730e+04, mean resid=7.054274e+01, peaks=3
  lambda index 9 of 21
Dataset S2422Sap.xlsx temp 9/10: lambda=1.000e-04, total CV=5.795665e+04, mean resid=7.061606e+01, peaks=3
  lambda index 9 of 21
Dataset S2422Sap.xlsx temp 10/10: lambda=1.000e-07, total CV=5.800455e+04, mean resid=7.113111e+01, peaks=3
  lambda index 3 of 21
Wrote Bayes-DRT workflow report: C:\Users\mitra\Downloads\matlab analysis\s2422sap_bayes_drt_matlab2011_b81_90.txt

ans = 

  struct with fields:

                         dataset: 'S2422Sap.xlsx'
                     output_file: 'C:\Users\mitra\Downloads\matlab analysis\s2422sap_bayes_drt_matlab2011_b81_90.txt'
    total_available_temperatures: 114
               batch_start_index: 81
                 batch_end_index: 90
              total_temperatures: 10
                     lambda_grid: [21x1 double]
                 selected_lambda: [10x1 double]
                         real_cv: [10x1 double]
                         imag_cv: [10x1 double]
                        total_cv: [10x1 double]
                   mean_residual: [10x1 double]
                      peak_count: [10x1 double]

