Dataset S2422Sap.xlsx temp 1/10: lambda=1.000e-07, total CV=5.809165e+04, mean resid=7.149239e+01, peaks=3
  lambda index 3 of 21
Dataset S2422Sap.xlsx temp 2/10: lambda=1.000e-04, total CV=5.803597e+04, mean resid=7.221600e+01, peaks=3
  lambda index 9 of 21
Dataset S2422Sap.xlsx temp 3/10: lambda=1.000e-06, total CV=5.801028e+04, mean resid=7.135177e+01, peaks=3
  lambda index 5 of 21
Dataset S2422Sap.xlsx temp 4/10: lambda=3.162e-08, total CV=5.788417e+04, mean resid=7.077877e+01, peaks=3
  lambda index 2 of 21
Dataset S2422Sap.xlsx temp 5/10: lambda=3.162e-05, total CV=5.789740e+04, mean resid=7.110425e+01, peaks=3
  lambda index 8 of 21
Dataset S2422Sap.xlsx temp 6/10: lambda=3.162e-05, total CV=5.776918e+04, mean resid=7.087860e+01, peaks=3
  lambda index 8 of 21
Dataset S2422Sap.xlsx temp 7/10: lambda=1.000e-08, total CV=5.566293e+04, mean resid=7.005317e+01, peaks=3
  lambda index 1 of 21
Dataset S2422Sap.xlsx temp 8/10: lambda=1.000e-04, total CV=5.807097e+04, mean resid=7.181933e+01, peaks=3
  lambda index 9 of 21
Dataset S2422Sap.xlsx temp 9/10: lambda=3.162e-08, total CV=5.856515e+04, mean resid=7.132444e+01, peaks=3
  lambda index 2 of 21
Dataset S2422Sap.xlsx temp 10/10: lambda=1.000e-04, total CV=5.733811e+04, mean resid=7.011118e+01, peaks=3
  lambda index 9 of 21
Wrote Bayes-DRT workflow report: C:\Users\mitra\Downloads\matlab analysis\s2422sap_bayes_drt_matlab2011_b91_100.txt

ans = 

  struct with fields:

                         dataset: 'S2422Sap.xlsx'
                     output_file: 'C:\Users\mitra\Downloads\matlab analysis\s2422sap_bayes_drt_matlab2011_b91_100.txt'
    total_available_temperatures: 114
               batch_start_index: 91
                 batch_end_index: 100
              total_temperatures: 10
                     lambda_grid: [21x1 double]
                 selected_lambda: [10x1 double]
                         real_cv: [10x1 double]
                         imag_cv: [10x1 double]
                        total_cv: [10x1 double]
                   mean_residual: [10x1 double]
                      peak_count: [10x1 double]

