Dataset S2422Sap.xlsx temp 1/10: lambda=1.000e-07, total CV=5.122724e+04, mean resid=7.096242e+01, peaks=4
  lambda index 3 of 21
Dataset S2422Sap.xlsx temp 2/10: lambda=1.000e-03, total CV=5.131622e+04, mean resid=7.084696e+01, peaks=2
  lambda index 11 of 21
Dataset S2422Sap.xlsx temp 3/10: lambda=3.162e-04, total CV=5.112450e+04, mean resid=7.076411e+01, peaks=2
  lambda index 10 of 21
Dataset S2422Sap.xlsx temp 4/10: lambda=3.162e-04, total CV=5.018655e+04, mean resid=7.081736e+01, peaks=2
  lambda index 10 of 21
Dataset S2422Sap.xlsx temp 5/10: lambda=3.162e-08, total CV=5.401484e+04, mean resid=7.311422e+01, peaks=4
  lambda index 2 of 21
Dataset S2422Sap.xlsx temp 6/10: lambda=1.000e-03, total CV=5.172574e+04, mean resid=7.099045e+01, peaks=2
  lambda index 11 of 21
Dataset S2422Sap.xlsx temp 7/10: lambda=1.000e-08, total CV=5.330606e+04, mean resid=7.480826e+01, peaks=4
  lambda index 1 of 21
Dataset S2422Sap.xlsx temp 8/10: lambda=1.000e-08, total CV=5.354499e+04, mean resid=7.557669e+01, peaks=4
  lambda index 1 of 21
Dataset S2422Sap.xlsx temp 9/10: lambda=3.162e-08, total CV=5.473663e+04, mean resid=7.559918e+01, peaks=4
  lambda index 2 of 21
Dataset S2422Sap.xlsx temp 10/10: lambda=3.162e-04, total CV=5.909189e+04, mean resid=7.425746e+01, peaks=2
  lambda index 10 of 21
Wrote Bayes-DRT workflow report: C:\Users\mitra\Downloads\matlab analysis\s2422sap_bayes_drt_matlab2011_b41_50.txt

ans = 

  struct with fields:

                         dataset: 'S2422Sap.xlsx'
                     output_file: 'C:\Users\mitra\Downloads\matlab analysis\s2422sap_bayes_drt_matlab2011_b41_50.txt'
    total_available_temperatures: 114
               batch_start_index: 41
                 batch_end_index: 50
              total_temperatures: 10
                     lambda_grid: [21x1 double]
                 selected_lambda: [10x1 double]
                         real_cv: [10x1 double]
                         imag_cv: [10x1 double]
                        total_cv: [10x1 double]
                   mean_residual: [10x1 double]
                      peak_count: [10x1 double]

