Dataset S2422Al.xlsx temp 1/10: lambda=1.000e-01, total CV=1.658622e+07, mean resid=1.903741e+03, peaks=3
  lambda index 15 of 21
Dataset S2422Al.xlsx temp 2/10: lambda=1.000e-04, total CV=2.752330e+06, mean resid=8.410854e+02, peaks=3
  lambda index 9 of 21
Dataset S2422Al.xlsx temp 3/10: lambda=3.162e-03, total CV=8.482662e+05, mean resid=4.241944e+02, peaks=3
  lambda index 12 of 21
Dataset S2422Al.xlsx temp 4/10: lambda=3.162e-07, total CV=8.745804e+05, mean resid=4.738937e+02, peaks=5
  lambda index 4 of 21
Dataset S2422Al.xlsx temp 5/10: lambda=1.000e-02, total CV=8.744145e+05, mean resid=5.653443e+02, peaks=2
  lambda index 13 of 21
Dataset S2422Al.xlsx temp 6/10: lambda=1.000e-01, total CV=4.219283e+06, mean resid=1.100887e+03, peaks=2
  lambda index 15 of 21
Dataset S2422Al.xlsx temp 7/10: lambda=3.162e-03, total CV=1.542165e+06, mean resid=4.952678e+02, peaks=3
  lambda index 12 of 21
Dataset S2422Al.xlsx temp 8/10: lambda=3.162e-05, total CV=8.872448e+05, mean resid=4.838185e+02, peaks=5
  lambda index 8 of 21
Dataset S2422Al.xlsx temp 9/10: lambda=3.162e-01, total CV=7.776706e+06, mean resid=1.743805e+03, peaks=2
  lambda index 16 of 21
Dataset S2422Al.xlsx temp 10/10: lambda=3.162e-02, total CV=4.672043e+06, mean resid=7.577588e+02, peaks=3
  lambda index 14 of 21
Wrote Bayes-DRT workflow report: C:\Users\mitra\Downloads\matlab analysis\s2422al_bayes_drt_matlab2011_b81_90.txt

ans = 

  struct with fields:

                         dataset: 'S2422Al.xlsx'
                     output_file: 'C:\Users\mitra\Downloads\matlab analysis\s2422al_bayes_drt_matlab2011_b81_90.txt'
    total_available_temperatures: 100
               batch_start_index: 81
                 batch_end_index: 90
              total_temperatures: 10
                     lambda_grid: [21x1 double]
                 selected_lambda: [10x1 double]
                         real_cv: [10x1 double]
                         imag_cv: [10x1 double]
                        total_cv: [10x1 double]
                   mean_residual: [10x1 double]
                      peak_count: [10x1 double]

