Dataset S2422Sap.xlsx temp 1/10: lambda=1.000e-08, total CV=5.418505e+04, mean resid=7.339452e+01, peaks=4
  lambda index 1 of 21
Dataset S2422Sap.xlsx temp 2/10: lambda=1.000e-08, total CV=5.133364e+04, mean resid=7.351970e+01, peaks=4
  lambda index 1 of 21
Dataset S2422Sap.xlsx temp 3/10: lambda=3.162e-04, total CV=5.063778e+04, mean resid=7.088887e+01, peaks=2
  lambda index 10 of 21
Dataset S2422Sap.xlsx temp 4/10: lambda=1.000e-03, total CV=5.032253e+04, mean resid=7.083767e+01, peaks=2
  lambda index 11 of 21
Dataset S2422Sap.xlsx temp 5/10: lambda=3.162e-04, total CV=5.024361e+04, mean resid=7.088608e+01, peaks=2
  lambda index 10 of 21
Dataset S2422Sap.xlsx temp 6/10: lambda=3.162e-04, total CV=5.103034e+04, mean resid=7.146945e+01, peaks=2
  lambda index 10 of 21
Dataset S2422Sap.xlsx temp 7/10: lambda=1.000e-03, total CV=5.076470e+04, mean resid=7.147750e+01, peaks=2
  lambda index 11 of 21
Dataset S2422Sap.xlsx temp 8/10: lambda=1.000e-08, total CV=5.115353e+04, mean resid=7.134904e+01, peaks=4
  lambda index 1 of 21
Dataset S2422Sap.xlsx temp 9/10: lambda=3.162e-04, total CV=5.094029e+04, mean resid=7.099412e+01, peaks=2
  lambda index 10 of 21
Dataset S2422Sap.xlsx temp 10/10: lambda=1.000e-07, total CV=5.036426e+04, mean resid=7.129600e+01, peaks=4
  lambda index 3 of 21
Wrote Bayes-DRT workflow report: C:\Users\mitra\Downloads\matlab analysis\s2422sap_bayes_drt_matlab2011_b11_20.txt

ans = 

  struct with fields:

                         dataset: 'S2422Sap.xlsx'
                     output_file: 'C:\Users\mitra\Downloads\matlab analysis\s2422sap_bayes_drt_matlab2011_b11_20.txt'
    total_available_temperatures: 114
               batch_start_index: 11
                 batch_end_index: 20
              total_temperatures: 10
                     lambda_grid: [21x1 double]
                 selected_lambda: [10x1 double]
                         real_cv: [10x1 double]
                         imag_cv: [10x1 double]
                        total_cv: [10x1 double]
                   mean_residual: [10x1 double]
                      peak_count: [10x1 double]

