Dataset S2422Al.xlsx temp 1/10: lambda=1.000e-08, total CV=1.732177e+07, mean resid=1.868236e+03, peaks=5
  lambda index 1 of 21
Dataset S2422Al.xlsx temp 2/10: lambda=3.162e-04, total CV=2.799326e+07, mean resid=1.956383e+03, peaks=3
  lambda index 10 of 21
Dataset S2422Al.xlsx temp 3/10: lambda=3.162e-02, total CV=1.528959e+07, mean resid=1.563297e+03, peaks=2
  lambda index 14 of 21
Dataset S2422Al.xlsx temp 4/10: lambda=1.000e-04, total CV=1.074186e+07, mean resid=1.257293e+03, peaks=4
  lambda index 9 of 21
Dataset S2422Al.xlsx temp 5/10: lambda=1.000e-03, total CV=3.039050e+07, mean resid=1.973715e+03, peaks=2
  lambda index 11 of 21
Dataset S2422Al.xlsx temp 6/10: lambda=3.162e-01, total CV=4.449676e+07, mean resid=3.146273e+03, peaks=1
  lambda index 16 of 21
Dataset S2422Al.xlsx temp 7/10: lambda=3.162e-03, total CV=6.794157e+06, mean resid=1.068961e+03, peaks=2
  lambda index 12 of 21
Dataset S2422Al.xlsx temp 8/10: lambda=3.162e-01, total CV=2.079685e+08, mean resid=6.392335e+03, peaks=1
  lambda index 16 of 21
Dataset S2422Al.xlsx temp 9/10: lambda=3.162e-01, total CV=9.901976e+07, mean resid=5.329946e+03, peaks=2
  lambda index 16 of 21
Dataset S2422Al.xlsx temp 10/10: lambda=1.000e+00, total CV=4.994856e+08, mean resid=1.176379e+04, peaks=2
  lambda index 17 of 21
Wrote Bayes-DRT workflow report: C:\Users\mitra\Downloads\matlab analysis\s2422al_bayes_drt_matlab2011_b41_50.txt

ans = 

  struct with fields:

                         dataset: 'S2422Al.xlsx'
                     output_file: 'C:\Users\mitra\Downloads\matlab analysis\s2422al_bayes_drt_matlab2011_b41_50.txt'
    total_available_temperatures: 100
               batch_start_index: 41
                 batch_end_index: 50
              total_temperatures: 10
                     lambda_grid: [21x1 double]
                 selected_lambda: [10x1 double]
                         real_cv: [10x1 double]
                         imag_cv: [10x1 double]
                        total_cv: [10x1 double]
                   mean_residual: [10x1 double]
                      peak_count: [10x1 double]

