Dataset S2422Sap.xlsx temp 1/10: lambda=3.162e-08, total CV=5.488737e+04, mean resid=7.248234e+01, peaks=4
  lambda index 2 of 21
Dataset S2422Sap.xlsx temp 2/10: lambda=1.000e-08, total CV=5.465691e+04, mean resid=7.216809e+01, peaks=4
  lambda index 1 of 21
Dataset S2422Sap.xlsx temp 3/10: lambda=1.000e-08, total CV=5.485074e+04, mean resid=7.208069e+01, peaks=4
  lambda index 1 of 21
Dataset S2422Sap.xlsx temp 4/10: lambda=1.000e-08, total CV=5.504180e+04, mean resid=7.219850e+01, peaks=4
  lambda index 1 of 21
Dataset S2422Sap.xlsx temp 5/10: lambda=3.162e-07, total CV=5.696147e+04, mean resid=7.315082e+01, peaks=4
  lambda index 4 of 21
Dataset S2422Sap.xlsx temp 6/10: lambda=1.000e-07, total CV=5.831204e+04, mean resid=7.402784e+01, peaks=4
  lambda index 3 of 21
Dataset S2422Sap.xlsx temp 7/10: lambda=3.162e-04, total CV=5.561530e+04, mean resid=7.206984e+01, peaks=2
  lambda index 10 of 21
Dataset S2422Sap.xlsx temp 8/10: lambda=1.000e-08, total CV=5.703109e+04, mean resid=7.447701e+01, peaks=3
  lambda index 1 of 21
Dataset S2422Sap.xlsx temp 9/10: lambda=1.000e-08, total CV=5.545000e+04, mean resid=7.114263e+01, peaks=4
  lambda index 1 of 21
Dataset S2422Sap.xlsx temp 10/10: lambda=1.000e-07, total CV=5.634613e+04, mean resid=7.164877e+01, peaks=3
  lambda index 3 of 21
Wrote Bayes-DRT workflow report: C:\Users\mitra\Downloads\matlab analysis\s2422sap_bayes_drt_matlab2011_b61_70.txt

ans = 

  struct with fields:

                         dataset: 'S2422Sap.xlsx'
                     output_file: 'C:\Users\mitra\Downloads\matlab analysis\s2422sap_bayes_drt_matlab2011_b61_70.txt'
    total_available_temperatures: 114
               batch_start_index: 61
                 batch_end_index: 70
              total_temperatures: 10
                     lambda_grid: [21x1 double]
                 selected_lambda: [10x1 double]
                         real_cv: [10x1 double]
                         imag_cv: [10x1 double]
                        total_cv: [10x1 double]
                   mean_residual: [10x1 double]
                      peak_count: [10x1 double]

