Dataset S2422Al.xlsx temp 1/10: lambda=3.162e-07, total CV=2.312756e+08, mean resid=6.677555e+03, peaks=3
  lambda index 4 of 21
Dataset S2422Al.xlsx temp 2/10: lambda=3.162e-01, total CV=6.094208e+08, mean resid=7.281279e+03, peaks=2
  lambda index 16 of 21
Dataset S2422Al.xlsx temp 3/10: lambda=1.000e-03, total CV=8.511513e+06, mean resid=1.072877e+03, peaks=3
  lambda index 11 of 21
Dataset S2422Al.xlsx temp 4/10: lambda=1.000e-03, total CV=4.340800e+06, mean resid=1.080659e+03, peaks=4
  lambda index 11 of 21
Dataset S2422Al.xlsx temp 5/10: lambda=3.162e-03, total CV=1.053016e+06, mean resid=4.404574e+02, peaks=2
  lambda index 12 of 21
Dataset S2422Al.xlsx temp 6/10: lambda=3.162e-04, total CV=3.116267e+06, mean resid=8.169234e+02, peaks=3
  lambda index 10 of 21
Dataset S2422Al.xlsx temp 7/10: lambda=3.162e-07, total CV=5.217126e+05, mean resid=3.063940e+02, peaks=6
  lambda index 4 of 21
Dataset S2422Al.xlsx temp 8/10: lambda=3.162e-01, total CV=6.243408e+07, mean resid=3.572555e+03, peaks=1
  lambda index 16 of 21
Dataset S2422Al.xlsx temp 9/10: lambda=3.162e-03, total CV=8.828664e+06, mean resid=1.200798e+03, peaks=3
  lambda index 12 of 21
Dataset S2422Al.xlsx temp 10/10: lambda=1.000e-07, total CV=9.138150e+06, mean resid=1.459196e+03, peaks=5
  lambda index 3 of 21
Wrote Bayes-DRT workflow report: C:\Users\mitra\Downloads\matlab analysis\s2422al_bayes_drt_matlab2011_b61_70.txt

ans = 

  struct with fields:

                         dataset: 'S2422Al.xlsx'
                     output_file: 'C:\Users\mitra\Downloads\matlab analysis\s2422al_bayes_drt_matlab2011_b61_70.txt'
    total_available_temperatures: 100
               batch_start_index: 61
                 batch_end_index: 70
              total_temperatures: 10
                     lambda_grid: [21x1 double]
                 selected_lambda: [10x1 double]
                         real_cv: [10x1 double]
                         imag_cv: [10x1 double]
                        total_cv: [10x1 double]
                   mean_residual: [10x1 double]
                      peak_count: [10x1 double]

