Dataset S2422Sap.xlsx temp 1/10: lambda=1.000e-05, total CV=5.757080e+04, mean resid=7.010939e+01, peaks=3
  lambda index 7 of 21
Dataset S2422Sap.xlsx temp 2/10: lambda=1.000e-08, total CV=5.742293e+04, mean resid=7.056129e+01, peaks=3
  lambda index 1 of 21
Dataset S2422Sap.xlsx temp 3/10: lambda=1.000e-08, total CV=5.803255e+04, mean resid=7.079412e+01, peaks=3
  lambda index 1 of 21
Dataset S2422Sap.xlsx temp 4/10: lambda=1.000e-07, total CV=5.702223e+04, mean resid=6.946377e+01, peaks=3
  lambda index 3 of 21
Dataset S2422Sap.xlsx temp 5/10: lambda=1.000e-04, total CV=5.722704e+04, mean resid=6.946756e+01, peaks=3
  lambda index 9 of 21
Dataset S2422Sap.xlsx temp 6/10: lambda=3.162e-05, total CV=5.776239e+04, mean resid=6.990748e+01, peaks=3
  lambda index 8 of 21
Dataset S2422Sap.xlsx temp 7/10: lambda=1.000e-04, total CV=5.671474e+04, mean resid=7.257508e+01, peaks=3
  lambda index 9 of 21
Dataset S2422Sap.xlsx temp 8/10: lambda=1.000e-04, total CV=5.731779e+04, mean resid=7.065842e+01, peaks=3
  lambda index 9 of 21
Dataset S2422Sap.xlsx temp 9/10: lambda=3.162e-04, total CV=5.724977e+04, mean resid=7.034741e+01, peaks=2
  lambda index 10 of 21
Dataset S2422Sap.xlsx temp 10/10: lambda=3.162e-04, total CV=7.215427e+04, mean resid=1.161935e+02, peaks=3
  lambda index 10 of 21
Wrote Bayes-DRT workflow report: C:\Users\mitra\Downloads\matlab analysis\s2422sap_bayes_drt_matlab2011_b101_110.txt

ans = 

  struct with fields:

                         dataset: 'S2422Sap.xlsx'
                     output_file: 'C:\Users\mitra\Downloads\matlab analysis\s2422sap_bayes_drt_matlab2011_b101_110.txt'
    total_available_temperatures: 114
               batch_start_index: 101
                 batch_end_index: 110
              total_temperatures: 10
                     lambda_grid: [21x1 double]
                 selected_lambda: [10x1 double]
                         real_cv: [10x1 double]
                         imag_cv: [10x1 double]
                        total_cv: [10x1 double]
                   mean_residual: [10x1 double]
                      peak_count: [10x1 double]

