Running MATLAB 2011-compatible DRT workflow from: C:\Users\mitra\Downloads\matlab analysis
Removing 2 zero/negative frequency points
Loaded 198 frequency points (sorted by increasing frequency)
Frequency range: 24.4 - 10000000.0 Hz
Magnitude range: 47.8 - 67694.5 Ohm
Phase range: -98.84 - 96.68 deg

Testing different lambda values...
lambda = 1.0e-04: R_inf =   62.400, Mean residual =  161.504
lambda = 1.0e-03: R_inf =   64.881, Mean residual =  166.695
lambda = 1.0e-02: R_inf =   62.208, Mean residual =  183.846
lambda = 1.0e-01: R_inf =   32.372, Mean residual =  346.087
lambda = 1.0e+00: R_inf =  157.837, Mean residual = 1564.368

Selected lambda = 1.0e-04 (best fit)
Recovered R_inf = 62.400387
DRT vector length = 198

Mean absolute residual: 161.503601
Max absolute residual : 1473.511343
Threshold 0.01: Found 4 peaks
  Peak 1: gamma = 23113.7
  Peak 2: gamma = 21800.2
  Peak 3: gamma = 19563.7
  Peak 4: gamma = 2432.3
Threshold 0.05: Found 4 peaks
  Peak 1: gamma = 23113.7
  Peak 2: gamma = 21800.2
  Peak 3: gamma = 19563.7
  Peak 4: gamma = 2432.3
Threshold 0.10: Found 4 peaks
  Peak 1: gamma = 23113.7
  Peak 2: gamma = 21800.2
  Peak 3: gamma = 19563.7
  Peak 4: gamma = 2432.3
Threshold 0.15: Found 3 peaks
  Peak 1: gamma = 23113.7
  Peak 2: gamma = 21800.2
  Peak 3: gamma = 19563.7

Using height threshold: 1155.7

Found 4 peaks in original data DRT
Peak 1: tau = 1.73e-05 s (f = 9212.29 Hz), gamma = 23113.6762
Peak 2: tau = 4.05e-06 s (f = 39301.09 Hz), gamma = 21800.1614
Peak 3: tau = 1.01e-06 s (f = 156965.23 Hz), gamma = 19563.7237
Peak 4: tau = 2.54e-07 s (f = 626905.83 Hz), gamma = 2432.3172

Fitted Original Data Circuit Parameters:
Peak | tau (s) | gamma (1/Ohm) | R (Ohm) | C (F) | n
----------------------------------------------------------
   1 | 1.79e-05 | 2.32e+04 | 1.54e+03 | 1.12e-08 | 0.716
   2 | 1.78e-05 | 2.32e+04 | 1.44e+03 | 2.81e-09 | 0.584
   3 | 3.90e-06 | 2.18e+04 | 1.29e+03 | 7.83e-10 | 0.619
   4 | 1.04e-06 | 1.95e+04 | 1.67e+02 | 1.52e-09 | 0.763

Total series resistance: 4503.73 Ohm
High-frequency resistance (R_inf): 62.40 Ohm
Exiting: Iteration count is exceeded, exiting LSQNONNEG.
Try raising the tolerance (OPTIONS.TolX).

Kramers-Kronig consistency test:
  Real residual  : 0.38 %
  Imag residual  : 1.78 %
  Total residual : 0.59 %
  Status         : pass

Sensitivity analysis (24 bootstrap runs):
  Mean std. band : 2.3108e+03
  Max std. band  : 3.7250e+03
  Mean CV        : 30.39 %
  Max CV         : 152.70 %
Run complete at 2026-07-09 03:54:30
Running MATLAB 2011-compatible DRT workflow from: C:\Users\mitra\Downloads\matlab analysis
Removing 2 zero/negative frequency points
Loaded 198 frequency points (sorted by increasing frequency)
Frequency range: 24.4 - 10000000.0 Hz
Magnitude range: 47.9 - 66904.8 Ohm
Phase range: -98.42 - 96.83 deg

Testing different lambda values...
lambda = 1.0e-04: R_inf =   79.827, Mean residual =  368.704
lambda = 1.0e-03: R_inf =   82.029, Mean residual =  369.761
lambda = 1.0e-02: R_inf =   81.018, Mean residual =  374.956
lambda = 1.0e-01: R_inf =   53.272, Mean residual =  458.402
lambda = 1.0e+00: R_inf =  174.001, Mean residual = 1561.982

Selected lambda = 1.0e-04 (best fit)
Recovered R_inf = 79.827351
DRT vector length = 198

Mean absolute residual: 368.703908
Max absolute residual : 1949.646312
Threshold 0.01: Found 5 peaks
  Peak 1: gamma = 10769.3
  Peak 2: gamma = 23807.1
  Peak 3: gamma = 20943.1
  Peak 4: gamma = 18044.0
  Peak 5: gamma = 1878.6
Threshold 0.05: Found 5 peaks
  Peak 1: gamma = 10769.3
  Peak 2: gamma = 23807.1
  Peak 3: gamma = 20943.1
  Peak 4: gamma = 18044.0
  Peak 5: gamma = 1878.6
Threshold 0.10: Found 4 peaks
  Peak 1: gamma = 10769.3
  Peak 2: gamma = 23807.1
  Peak 3: gamma = 20943.1
  Peak 4: gamma = 18044.0
Threshold 0.15: Found 4 peaks
  Peak 1: gamma = 10769.3
  Peak 2: gamma = 23807.1
  Peak 3: gamma = 20943.1
  Peak 4: gamma = 18044.0

Using height threshold: 1190.4

Found 5 peaks in original data DRT
Peak 1: tau = 2.58e-04 s (f = 616.89 Hz), gamma = 10769.2679
Peak 2: tau = 1.73e-05 s (f = 9212.29 Hz), gamma = 23807.1186
Peak 3: tau = 3.79e-06 s (f = 41980.02 Hz), gamma = 20943.0944
Peak 4: tau = 9.49e-07 s (f = 167664.65 Hz), gamma = 18044.0177
Peak 5: tau = 2.23e-07 s (f = 715283.80 Hz), gamma = 1878.6169

Fitted Original Data Circuit Parameters:
Peak | tau (s) | gamma (1/Ohm) | R (Ohm) | C (F) | n
----------------------------------------------------------
   1 | 2.50e-04 | 1.26e+04 | 1.04e+03 | 2.48e-07 | 0.763
   2 | 1.67e-05 | 2.38e+04 | 1.59e+03 | 1.09e-08 | 0.716
   3 | 1.66e-05 | 2.38e+04 | 1.39e+03 | 2.73e-09 | 0.584
   4 | 3.65e-06 | 2.09e+04 | 1.19e+03 | 7.95e-10 | 0.654
   5 | 9.76e-07 | 1.80e+04 | 1.30e+02 | 1.71e-09 | 0.782

Total series resistance: 5419.15 Ohm
High-frequency resistance (R_inf): 79.83 Ohm
Exiting: Iteration count is exceeded, exiting LSQNONNEG.
Try raising the tolerance (OPTIONS.TolX).

Kramers-Kronig consistency test:
  Real residual  : 0.91 %
  Imag residual  : 3.47 %
  Total residual : 1.25 %
  Status         : pass

Sensitivity analysis (24 bootstrap runs):
  Mean std. band : 3.8985e+03
  Max std. band  : 5.4171e+03
  Mean CV        : 53.99 %
  Max CV         : 209.28 %
Run complete at 2026-07-09 03:54:37
Running MATLAB 2011-compatible DRT workflow from: C:\Users\mitra\Downloads\matlab analysis
Removing 2 zero/negative frequency points
Loaded 198 frequency points (sorted by increasing frequency)
Frequency range: 24.4 - 10000000.0 Hz
Magnitude range: 48.1 - 60657.1 Ohm
Phase range: -98.59 - 96.98 deg

Testing different lambda values...
lambda = 1.0e-04: R_inf =   73.930, Mean residual =  226.959
lambda = 1.0e-03: R_inf =   76.053, Mean residual =  227.955
lambda = 1.0e-02: R_inf =   73.326, Mean residual =  234.540
lambda = 1.0e-01: R_inf =   46.611, Mean residual =  336.734
lambda = 1.0e+00: R_inf =  162.194, Mean residual = 1385.285

Selected lambda = 1.0e-04 (best fit)
Recovered R_inf = 73.930266
DRT vector length = 198

Mean absolute residual: 226.959424
Max absolute residual : 1449.873066
Threshold 0.01: Found 5 peaks
  Peak 1: gamma = 3029.7
  Peak 2: gamma = 19140.5
  Peak 3: gamma = 18210.1
  Peak 4: gamma = 16412.7
  Peak 5: gamma = 2042.5
Threshold 0.05: Found 5 peaks
  Peak 1: gamma = 3029.7
  Peak 2: gamma = 19140.5
  Peak 3: gamma = 18210.1
  Peak 4: gamma = 16412.7
  Peak 5: gamma = 2042.5
Threshold 0.10: Found 5 peaks
  Peak 1: gamma = 3029.7
  Peak 2: gamma = 19140.5
  Peak 3: gamma = 18210.1
  Peak 4: gamma = 16412.7
  Peak 5: gamma = 2042.5
Threshold 0.15: Found 4 peaks
  Peak 1: gamma = 3029.7
  Peak 2: gamma = 19140.5
  Peak 3: gamma = 18210.1
  Peak 4: gamma = 16412.7

Using height threshold: 957.0

Found 5 peaks in original data DRT
Peak 1: tau = 2.76e-04 s (f = 577.52 Hz), gamma = 3029.7452
Peak 2: tau = 1.51e-05 s (f = 10511.00 Hz), gamma = 19140.5289
Peak 3: tau = 3.32e-06 s (f = 47898.15 Hz), gamma = 18210.0570
Peak 4: tau = 8.89e-07 s (f = 179093.39 Hz), gamma = 16412.7168
Peak 5: tau = 2.23e-07 s (f = 715283.80 Hz), gamma = 2042.4571

Fitted Original Data Circuit Parameters:
Peak | tau (s) | gamma (1/Ohm) | R (Ohm) | C (F) | n
----------------------------------------------------------
   1 | 2.85e-04 | 3.22e+03 | 2.14e+02 | 1.29e-06 | 1.055
   2 | 1.56e-05 | 1.91e+04 | 1.27e+03 | 1.19e-08 | 0.700
   3 | 1.56e-05 | 1.91e+04 | 1.20e+03 | 2.76e-09 | 0.584
   4 | 3.20e-06 | 1.82e+04 | 1.09e+03 | 8.19e-10 | 0.624
   5 | 8.55e-07 | 1.64e+04 | 1.42e+02 | 1.56e-09 | 0.754

Total series resistance: 3991.15 Ohm
High-frequency resistance (R_inf): 73.93 Ohm
Exiting: Iteration count is exceeded, exiting LSQNONNEG.
Try raising the tolerance (OPTIONS.TolX).

Kramers-Kronig consistency test:
  Real residual  : 0.53 %
  Imag residual  : 2.86 %
  Total residual : 0.90 %
  Status         : pass

Sensitivity analysis (24 bootstrap runs):
  Mean std. band : 2.0447e+03
  Max std. band  : 2.7795e+03
  Mean CV        : 37.40 %
  Max CV         : 185.90 %
Run complete at 2026-07-09 03:54:42
Running MATLAB 2011-compatible DRT workflow from: C:\Users\mitra\Downloads\matlab analysis
Removing 2 zero/negative frequency points
Loaded 198 frequency points (sorted by increasing frequency)
Frequency range: 24.4 - 10000000.0 Hz
Magnitude range: 49.0 - 45395.3 Ohm
Phase range: -98.11 - 96.67 deg

Testing different lambda values...
lambda = 1.0e-04: R_inf =   77.298, Mean residual =  234.178
lambda = 1.0e-03: R_inf =   77.561, Mean residual =  235.033
lambda = 1.0e-02: R_inf =   71.808, Mean residual =  239.778
lambda = 1.0e-01: R_inf =   48.021, Mean residual =  312.600
lambda = 1.0e+00: R_inf =  145.460, Mean residual = 1030.836

Selected lambda = 1.0e-04 (best fit)
Recovered R_inf = 77.298184
DRT vector length = 198

Mean absolute residual: 234.178168
Max absolute residual : 1451.132697
Threshold 0.01: Found 4 peaks
  Peak 1: gamma = 4525.7
  Peak 2: gamma = 17171.4
  Peak 3: gamma = 13010.5
  Peak 4: gamma = 12150.8
Threshold 0.05: Found 4 peaks
  Peak 1: gamma = 4525.7
  Peak 2: gamma = 17171.4
  Peak 3: gamma = 13010.5
  Peak 4: gamma = 12150.8
Threshold 0.10: Found 4 peaks
  Peak 1: gamma = 4525.7
  Peak 2: gamma = 17171.4
  Peak 3: gamma = 13010.5
  Peak 4: gamma = 12150.8
Threshold 0.15: Found 4 peaks
  Peak 1: gamma = 4525.7
  Peak 2: gamma = 17171.4
  Peak 3: gamma = 13010.5
  Peak 4: gamma = 12150.8

Using height threshold: 858.6

Found 4 peaks in original data DRT
Peak 1: tau = 2.42e-04 s (f = 658.94 Hz), gamma = 4525.6745
Peak 2: tau = 1.16e-05 s (f = 13683.46 Hz), gamma = 17171.4094
Peak 3: tau = 2.39e-06 s (f = 66605.32 Hz), gamma = 13010.5231
Peak 4: tau = 6.39e-07 s (f = 249040.37 Hz), gamma = 12150.7639

Fitted Original Data Circuit Parameters:
Peak | tau (s) | gamma (1/Ohm) | R (Ohm) | C (F) | n
----------------------------------------------------------
   1 | 2.50e-04 | 4.53e+03 | 3.07e+02 | 7.86e-07 | 1.055
   2 | 1.20e-05 | 1.72e+04 | 1.14e+03 | 1.02e-08 | 0.708
   3 | 1.19e-05 | 1.72e+04 | 8.61e+02 | 2.77e-09 | 0.584
   4 | 2.46e-06 | 1.30e+04 | 8.04e+02 | 7.95e-10 | 0.620

Total series resistance: 3191.23 Ohm
High-frequency resistance (R_inf): 77.30 Ohm
Exiting: Iteration count is exceeded, exiting LSQNONNEG.
Try raising the tolerance (OPTIONS.TolX).

Kramers-Kronig consistency test:
  Real residual  : 0.61 %
  Imag residual  : 3.96 %
  Total residual : 1.15 %
  Status         : pass

Sensitivity analysis (24 bootstrap runs):
  Mean std. band : 2.0798e+03
  Max std. band  : 2.8622e+03
  Mean CV        : 40.62 %
  Max CV         : 220.48 %
Run complete at 2026-07-09 03:54:49
Running MATLAB 2011-compatible DRT workflow from: C:\Users\mitra\Downloads\matlab analysis
Removing 2 zero/negative frequency points
Loaded 198 frequency points (sorted by increasing frequency)
Frequency range: 24.4 - 10000000.0 Hz
Magnitude range: 50.8 - 36053.0 Ohm
Phase range: -96.90 - 96.05 deg

Testing different lambda values...
lambda = 1.0e-04: R_inf =   71.571, Mean residual =  118.394
lambda = 1.0e-03: R_inf =   70.008, Mean residual =  120.124
lambda = 1.0e-02: R_inf =   63.565, Mean residual =  132.720
lambda = 1.0e-01: R_inf =   41.184, Mean residual =  226.072
lambda = 1.0e+00: R_inf =  129.219, Mean residual =  818.474

Selected lambda = 1.0e-04 (best fit)
Recovered R_inf = 71.571250
DRT vector length = 198

Mean absolute residual: 118.394402
Max absolute residual : 1441.908914
Threshold 0.01: Found 4 peaks
  Peak 1: gamma = 1260.4
  Peak 2: gamma = 14207.4
  Peak 3: gamma = 10332.9
  Peak 4: gamma = 9850.8
Threshold 0.05: Found 4 peaks
  Peak 1: gamma = 1260.4
  Peak 2: gamma = 14207.4
  Peak 3: gamma = 10332.9
  Peak 4: gamma = 9850.8
Threshold 0.10: Found 3 peaks
  Peak 1: gamma = 14207.4
  Peak 2: gamma = 10332.9
  Peak 3: gamma = 9850.8
Threshold 0.15: Found 3 peaks
  Peak 1: gamma = 14207.4
  Peak 2: gamma = 10332.9
  Peak 3: gamma = 9850.8

Using height threshold: 710.4

Found 4 peaks in original data DRT
Peak 1: tau = 2.76e-04 s (f = 577.52 Hz), gamma = 1260.3952
Peak 2: tau = 8.93e-06 s (f = 17813.45 Hz), gamma = 14207.3815
Peak 3: tau = 1.96e-06 s (f = 81175.14 Hz), gamma = 10332.9442
Peak 4: tau = 5.60e-07 s (f = 284148.80 Hz), gamma = 9850.7874

Fitted Original Data Circuit Parameters:
Peak | tau (s) | gamma (1/Ohm) | R (Ohm) | C (F) | n
----------------------------------------------------------
   1 | 2.85e-04 | 1.28e+03 | 8.07e+01 | 3.42e-06 | 1.055
   2 | 9.23e-06 | 1.42e+04 | 9.44e+02 | 9.47e-09 | 0.700
   3 | 9.18e-06 | 1.42e+04 | 6.85e+02 | 2.86e-09 | 0.584
   4 | 1.89e-06 | 1.03e+04 | 6.52e+02 | 8.59e-10 | 0.633

Total series resistance: 2432.50 Ohm
High-frequency resistance (R_inf): 71.57 Ohm
Exiting: Iteration count is exceeded, exiting LSQNONNEG.
Try raising the tolerance (OPTIONS.TolX).

Kramers-Kronig consistency test:
  Real residual  : 0.36 %
  Imag residual  : 3.67 %
  Total residual : 0.97 %
  Status         : pass

Sensitivity analysis (24 bootstrap runs):
  Mean std. band : 1.6820e+03
  Max std. band  : 2.2358e+03
  Mean CV        : 39.46 %
  Max CV         : 250.17 %
Run complete at 2026-07-09 03:54:56
Running MATLAB 2011-compatible DRT workflow from: C:\Users\mitra\Downloads\matlab analysis
Removing 2 zero/negative frequency points
Loaded 198 frequency points (sorted by increasing frequency)
Frequency range: 24.4 - 10000000.0 Hz
Magnitude range: 51.4 - 34677.6 Ohm
Phase range: -96.69 - 95.84 deg

Testing different lambda values...
lambda = 1.0e-04: R_inf =   72.595, Mean residual =  108.342
lambda = 1.0e-03: R_inf =   71.097, Mean residual =  110.886
lambda = 1.0e-02: R_inf =   65.110, Mean residual =  126.134
lambda = 1.0e-01: R_inf =   43.193, Mean residual =  218.802
lambda = 1.0e+00: R_inf =  129.307, Mean residual =  789.005

Selected lambda = 1.0e-04 (best fit)
Recovered R_inf = 72.595041
DRT vector length = 198

Mean absolute residual: 108.341549
Max absolute residual : 1436.881962
Threshold 0.01: Found 4 peaks
  Peak 1: gamma = 964.3
  Peak 2: gamma = 13946.6
  Peak 3: gamma = 9819.0
  Peak 4: gamma = 9366.3
Threshold 0.05: Found 4 peaks
  Peak 1: gamma = 964.3
  Peak 2: gamma = 13946.6
  Peak 3: gamma = 9819.0
  Peak 4: gamma = 9366.3
Threshold 0.10: Found 3 peaks
  Peak 1: gamma = 13946.6
  Peak 2: gamma = 9819.0
  Peak 3: gamma = 9366.3
Threshold 0.15: Found 3 peaks
  Peak 1: gamma = 13946.6
  Peak 2: gamma = 9819.0
  Peak 3: gamma = 9366.3

Using height threshold: 697.3

Found 4 peaks in original data DRT
Peak 1: tau = 3.14e-04 s (f = 506.17 Hz), gamma = 964.2570
Peak 2: tau = 8.93e-06 s (f = 17813.45 Hz), gamma = 13946.5683
Peak 3: tau = 1.72e-06 s (f = 92618.80 Hz), gamma = 9819.0032
Peak 4: tau = 5.24e-07 s (f = 303517.59 Hz), gamma = 9366.3329

Fitted Original Data Circuit Parameters:
Peak | tau (s) | gamma (1/Ohm) | R (Ohm) | C (F) | n
----------------------------------------------------------
   1 | 3.04e-04 | 1.01e+03 | 7.89e+01 | 3.99e-06 | 1.055
   2 | 8.65e-06 | 1.39e+04 | 9.27e+02 | 9.64e-09 | 0.708
   3 | 8.59e-06 | 1.39e+04 | 6.50e+02 | 2.64e-09 | 0.584
   4 | 1.77e-06 | 9.83e+03 | 6.20e+02 | 8.46e-10 | 0.633

Total series resistance: 2347.93 Ohm
High-frequency resistance (R_inf): 72.60 Ohm
Exiting: Iteration count is exceeded, exiting LSQNONNEG.
Try raising the tolerance (OPTIONS.TolX).

Kramers-Kronig consistency test:
  Real residual  : 0.31 %
  Imag residual  : 1.57 %
  Total residual : 0.49 %
  Status         : pass

Sensitivity analysis (24 bootstrap runs):
  Mean std. band : 1.7523e+03
  Max std. band  : 2.4485e+03
  Mean CV        : 40.64 %
  Max CV         : 225.87 %
Run complete at 2026-07-09 03:55:02
Running MATLAB 2011-compatible DRT workflow from: C:\Users\mitra\Downloads\matlab analysis
Removing 2 zero/negative frequency points
Loaded 198 frequency points (sorted by increasing frequency)
Frequency range: 24.4 - 10000000.0 Hz
Magnitude range: 52.1 - 33488.3 Ohm
Phase range: -96.64 - 95.03 deg

Testing different lambda values...
lambda = 1.0e-04: R_inf =   74.762, Mean residual =  104.020
lambda = 1.0e-03: R_inf =   73.219, Mean residual =  107.011
lambda = 1.0e-02: R_inf =   67.214, Mean residual =  122.415
lambda = 1.0e-01: R_inf =   45.696, Mean residual =  211.991
lambda = 1.0e+00: R_inf =  130.353, Mean residual =  762.743

Selected lambda = 1.0e-04 (best fit)
Recovered R_inf = 74.761876
DRT vector length = 198

Mean absolute residual: 104.020143
Max absolute residual : 1435.334534
Threshold 0.01: Found 4 peaks
  Peak 1: gamma = 778.9
  Peak 2: gamma = 14280.0
  Peak 3: gamma = 9554.5
  Peak 4: gamma = 9131.2
Threshold 0.05: Found 4 peaks
  Peak 1: gamma = 778.9
  Peak 2: gamma = 14280.0
  Peak 3: gamma = 9554.5
  Peak 4: gamma = 9131.2
Threshold 0.10: Found 3 peaks
  Peak 1: gamma = 14280.0
  Peak 2: gamma = 9554.5
  Peak 3: gamma = 9131.2
Threshold 0.15: Found 3 peaks
  Peak 1: gamma = 14280.0
  Peak 2: gamma = 9554.5
  Peak 3: gamma = 9131.2

Using height threshold: 714.0

Found 4 peaks in original data DRT
Peak 1: tau = 1.43e-04 s (f = 1116.74 Hz), gamma = 778.9219
Peak 2: tau = 8.36e-06 s (f = 19027.69 Hz), gamma = 14279.9724
Peak 3: tau = 1.84e-06 s (f = 86708.39 Hz), gamma = 9554.4808
Peak 4: tau = 5.24e-07 s (f = 303517.59 Hz), gamma = 9131.2390

Fitted Original Data Circuit Parameters:
Peak | tau (s) | gamma (1/Ohm) | R (Ohm) | C (F) | n
----------------------------------------------------------
   1 | 1.38e-04 | 7.85e+02 | 8.41e+01 | 1.69e-06 | 0.763
   2 | 8.64e-06 | 1.43e+04 | 9.49e+02 | 8.81e-09 | 0.708
   3 | 8.59e-06 | 1.43e+04 | 6.33e+02 | 2.90e-09 | 0.584
   4 | 1.77e-06 | 9.56e+03 | 6.04e+02 | 8.68e-10 | 0.633

Total series resistance: 2345.59 Ohm
High-frequency resistance (R_inf): 74.76 Ohm
Exiting: Iteration count is exceeded, exiting LSQNONNEG.
Try raising the tolerance (OPTIONS.TolX).

Kramers-Kronig consistency test:
  Real residual  : 0.35 %
  Imag residual  : 3.91 %
  Total residual : 1.02 %
  Status         : pass

Sensitivity analysis (24 bootstrap runs):
  Mean std. band : 1.6509e+03
  Max std. band  : 2.5251e+03
  Mean CV        : 36.40 %
  Max CV         : 258.34 %
Run complete at 2026-07-09 03:55:09
Running MATLAB 2011-compatible DRT workflow from: C:\Users\mitra\Downloads\matlab analysis
Removing 2 zero/negative frequency points
Loaded 198 frequency points (sorted by increasing frequency)
Frequency range: 24.4 - 10000000.0 Hz
Magnitude range: 52.6 - 32570.4 Ohm
Phase range: -95.86 - 94.91 deg

Testing different lambda values...
lambda = 1.0e-04: R_inf =   74.600, Mean residual =  101.817
lambda = 1.0e-03: R_inf =   73.042, Mean residual =  104.692
lambda = 1.0e-02: R_inf =   67.179, Mean residual =  119.747
lambda = 1.0e-01: R_inf =   45.732, Mean residual =  208.335
lambda = 1.0e+00: R_inf =  129.336, Mean residual =  742.565

Selected lambda = 1.0e-04 (best fit)
Recovered R_inf = 74.600421
DRT vector length = 198

Mean absolute residual: 101.816736
Max absolute residual : 1424.855040
Threshold 0.01: Found 4 peaks
  Peak 1: gamma = 913.2
  Peak 2: gamma = 14145.3
  Peak 3: gamma = 9083.8
  Peak 4: gamma = 8825.3
Threshold 0.05: Found 4 peaks
  Peak 1: gamma = 913.2
  Peak 2: gamma = 14145.3
  Peak 3: gamma = 9083.8
  Peak 4: gamma = 8825.3
Threshold 0.10: Found 3 peaks
  Peak 1: gamma = 14145.3
  Peak 2: gamma = 9083.8
  Peak 3: gamma = 8825.3
Threshold 0.15: Found 3 peaks
  Peak 1: gamma = 14145.3
  Peak 2: gamma = 9083.8
  Peak 3: gamma = 8825.3

Using height threshold: 707.3

Found 4 peaks in original data DRT
Peak 1: tau = 1.25e-04 s (f = 1274.17 Hz), gamma = 913.2218
Peak 2: tau = 8.36e-06 s (f = 19027.69 Hz), gamma = 14145.3111
Peak 3: tau = 1.72e-06 s (f = 92618.80 Hz), gamma = 9083.8270
Peak 4: tau = 5.24e-07 s (f = 303517.59 Hz), gamma = 8825.2672

Fitted Original Data Circuit Parameters:
Peak | tau (s) | gamma (1/Ohm) | R (Ohm) | C (F) | n
----------------------------------------------------------
   1 | 1.21e-04 | 9.94e+02 | 1.03e+02 | 1.21e-06 | 0.763
   2 | 8.09e-06 | 1.41e+04 | 9.41e+02 | 8.89e-09 | 0.708
   3 | 8.59e-06 | 1.41e+04 | 6.01e+02 | 2.86e-09 | 0.584
   4 | 1.66e-06 | 9.07e+03 | 5.84e+02 | 8.98e-10 | 0.633

Total series resistance: 2304.04 Ohm
High-frequency resistance (R_inf): 74.60 Ohm
Exiting: Iteration count is exceeded, exiting LSQNONNEG.
Try raising the tolerance (OPTIONS.TolX).

Kramers-Kronig consistency test:
  Real residual  : 0.28 %
  Imag residual  : 1.63 %
  Total residual : 0.48 %
  Status         : pass

Sensitivity analysis (24 bootstrap runs):
  Mean std. band : 1.6766e+03
  Max std. band  : 2.2982e+03
  Mean CV        : 36.21 %
  Max CV         : 234.50 %
Run complete at 2026-07-09 03:55:15
Running MATLAB 2011-compatible DRT workflow from: C:\Users\mitra\Downloads\matlab analysis
Removing 2 zero/negative frequency points
Loaded 198 frequency points (sorted by increasing frequency)
Frequency range: 24.4 - 10000000.0 Hz
Magnitude range: 53.4 - 29442.1 Ohm
Phase range: -95.77 - 94.93 deg

Testing different lambda values...
lambda = 1.0e-04: R_inf =   77.136, Mean residual =   93.516
lambda = 1.0e-03: R_inf =   75.251, Mean residual =   96.826
lambda = 1.0e-02: R_inf =   69.172, Mean residual =  111.560
lambda = 1.0e-01: R_inf =   48.582, Mean residual =  195.186
lambda = 1.0e+00: R_inf =  128.501, Mean residual =  674.563

Selected lambda = 1.0e-04 (best fit)
Recovered R_inf = 77.136326
DRT vector length = 198

Mean absolute residual: 93.516473
Max absolute residual : 1418.382637
Threshold 0.01: Found 5 peaks
  Peak 1: gamma = 374.3
  Peak 2: gamma = 146.6
  Peak 3: gamma = 12924.3
  Peak 4: gamma = 8046.7
  Peak 5: gamma = 7892.5
Threshold 0.05: Found 3 peaks
  Peak 1: gamma = 12924.3
  Peak 2: gamma = 8046.7
  Peak 3: gamma = 7892.5
Threshold 0.10: Found 3 peaks
  Peak 1: gamma = 12924.3
  Peak 2: gamma = 8046.7
  Peak 3: gamma = 7892.5
Threshold 0.15: Found 3 peaks
  Peak 1: gamma = 12924.3
  Peak 2: gamma = 8046.7
  Peak 3: gamma = 7892.5

Using height threshold: 646.2

Found 3 peaks in original data DRT
Peak 1: tau = 7.33e-06 s (f = 21710.12 Hz), gamma = 12924.3229
Peak 2: tau = 1.61e-06 s (f = 98932.09 Hz), gamma = 8046.6930
Peak 3: tau = 4.91e-07 s (f = 324206.64 Hz), gamma = 7892.5397

Fitted Original Data Circuit Parameters:
Peak | tau (s) | gamma (1/Ohm) | R (Ohm) | C (F) | n
----------------------------------------------------------
   1 | 7.58e-06 | 1.30e+04 | 8.59e+02 | 8.53e-09 | 0.708
   2 | 7.53e-06 | 1.30e+04 | 5.33e+02 | 3.02e-09 | 0.584
   3 | 1.55e-06 | 8.05e+03 | 5.22e+02 | 9.40e-10 | 0.633

Total series resistance: 1991.41 Ohm
High-frequency resistance (R_inf): 77.14 Ohm
Exiting: Iteration count is exceeded, exiting LSQNONNEG.
Try raising the tolerance (OPTIONS.TolX).

Kramers-Kronig consistency test:
  Real residual  : 0.32 %
  Imag residual  : 4.38 %
  Total residual : 1.11 %
  Status         : pass

Sensitivity analysis (24 bootstrap runs):
  Mean std. band : 1.7747e+03
  Max std. band  : 2.4602e+03
  Mean CV        : 32.72 %
  Max CV         : 97.80 %
Run complete at 2026-07-09 03:55:22
Running MATLAB 2011-compatible DRT workflow from: C:\Users\mitra\Downloads\matlab analysis
Removing 2 zero/negative frequency points
Loaded 198 frequency points (sorted by increasing frequency)
Frequency range: 24.4 - 10000000.0 Hz
Magnitude range: 53.4 - 29001.1 Ohm
Phase range: -95.33 - 94.60 deg

Testing different lambda values...
lambda = 1.0e-04: R_inf =   77.508, Mean residual =   92.243
lambda = 1.0e-03: R_inf =   75.144, Mean residual =   95.285
lambda = 1.0e-02: R_inf =   68.815, Mean residual =  110.144
lambda = 1.0e-01: R_inf =   48.334, Mean residual =  193.284
lambda = 1.0e+00: R_inf =  127.666, Mean residual =  664.574

Selected lambda = 1.0e-04 (best fit)
Recovered R_inf = 77.507918
DRT vector length = 198

Mean absolute residual: 92.242923
Max absolute residual : 1417.047018
Threshold 0.01: Found 4 peaks
  Peak 1: gamma = 502.3
  Peak 2: gamma = 12917.6
  Peak 3: gamma = 8060.3
  Peak 4: gamma = 7262.5
Threshold 0.05: Found 3 peaks
  Peak 1: gamma = 12917.6
  Peak 2: gamma = 8060.3
  Peak 3: gamma = 7262.5
Threshold 0.10: Found 3 peaks
  Peak 1: gamma = 12917.6
  Peak 2: gamma = 8060.3
  Peak 3: gamma = 7262.5
Threshold 0.15: Found 3 peaks
  Peak 1: gamma = 12917.6
  Peak 2: gamma = 8060.3
  Peak 3: gamma = 7262.5

Using height threshold: 645.9

Found 3 peaks in original data DRT
Peak 1: tau = 7.33e-06 s (f = 21710.12 Hz), gamma = 12917.6021
Peak 2: tau = 1.41e-06 s (f = 112879.03 Hz), gamma = 8060.2716
Peak 3: tau = 4.60e-07 s (f = 346305.95 Hz), gamma = 7262.5127

Fitted Original Data Circuit Parameters:
Peak | tau (s) | gamma (1/Ohm) | R (Ohm) | C (F) | n
----------------------------------------------------------
   1 | 7.58e-06 | 1.29e+04 | 8.59e+02 | 8.53e-09 | 0.708
   2 | 7.05e-06 | 1.28e+04 | 5.33e+02 | 2.64e-09 | 0.584
   3 | 1.45e-06 | 8.07e+03 | 4.80e+02 | 9.58e-10 | 0.640

Total series resistance: 1949.87 Ohm
High-frequency resistance (R_inf): 77.51 Ohm
Exiting: Iteration count is exceeded, exiting LSQNONNEG.
Try raising the tolerance (OPTIONS.TolX).

Kramers-Kronig consistency test:
  Real residual  : 0.34 %
  Imag residual  : 4.44 %
  Total residual : 1.13 %
  Status         : pass

Sensitivity analysis (24 bootstrap runs):
  Mean std. band : 1.7010e+03
  Max std. band  : 2.4728e+03
  Mean CV        : 33.70 %
  Max CV         : 133.76 %
Run complete at 2026-07-09 03:55:28
Running MATLAB 2011-compatible DRT workflow from: C:\Users\mitra\Downloads\matlab analysis
Removing 2 zero/negative frequency points
Loaded 198 frequency points (sorted by increasing frequency)
Frequency range: 24.4 - 10000000.0 Hz
Magnitude range: 53.5 - 27183.5 Ohm
Phase range: -95.02 - 95.08 deg

Testing different lambda values...
lambda = 1.0e-04: R_inf =   79.778, Mean residual =   89.871
lambda = 1.0e-03: R_inf =   77.294, Mean residual =   92.780
lambda = 1.0e-02: R_inf =   70.888, Mean residual =  107.362
lambda = 1.0e-01: R_inf =   50.835, Mean residual =  186.711
lambda = 1.0e+00: R_inf =  127.419, Mean residual =  624.482

Selected lambda = 1.0e-04 (best fit)
Recovered R_inf = 79.777984
DRT vector length = 198

Mean absolute residual: 89.870684
Max absolute residual : 1415.147949
Threshold 0.01: Found 4 peaks
  Peak 1: gamma = 498.4
  Peak 2: gamma = 12248.2
  Peak 3: gamma = 7585.5
  Peak 4: gamma = 6676.5
Threshold 0.05: Found 3 peaks
  Peak 1: gamma = 12248.2
  Peak 2: gamma = 7585.5
  Peak 3: gamma = 6676.5
Threshold 0.10: Found 3 peaks
  Peak 1: gamma = 12248.2
  Peak 2: gamma = 7585.5
  Peak 3: gamma = 6676.5
Threshold 0.15: Found 3 peaks
  Peak 1: gamma = 12248.2
  Peak 2: gamma = 7585.5
  Peak 3: gamma = 6676.5

Using height threshold: 612.4

Found 3 peaks in original data DRT
Peak 1: tau = 6.86e-06 s (f = 23189.98 Hz), gamma = 12248.2368
Peak 2: tau = 1.32e-06 s (f = 120573.34 Hz), gamma = 7585.5195
Peak 3: tau = 4.30e-07 s (f = 369911.63 Hz), gamma = 6676.5315

Fitted Original Data Circuit Parameters:
Peak | tau (s) | gamma (1/Ohm) | R (Ohm) | C (F) | n
----------------------------------------------------------
   1 | 6.64e-06 | 1.22e+04 | 8.15e+02 | 8.42e-09 | 0.708
   2 | 6.60e-06 | 1.22e+04 | 5.02e+02 | 2.63e-09 | 0.584
   3 | 1.36e-06 | 7.58e+03 | 4.41e+02 | 9.76e-10 | 0.647

Total series resistance: 1837.34 Ohm
High-frequency resistance (R_inf): 79.78 Ohm
Exiting: Iteration count is exceeded, exiting LSQNONNEG.
Try raising the tolerance (OPTIONS.TolX).

Kramers-Kronig consistency test:
  Real residual  : 0.39 %
  Imag residual  : 4.63 %
  Total residual : 1.18 %
  Status         : pass

Sensitivity analysis (24 bootstrap runs):
  Mean std. band : 1.5361e+03
  Max std. band  : 2.0861e+03
  Mean CV        : 39.03 %
  Max CV         : 211.63 %
Run complete at 2026-07-09 03:55:34
Running MATLAB 2011-compatible DRT workflow from: C:\Users\mitra\Downloads\matlab analysis
Removing 2 zero/negative frequency points
Loaded 198 frequency points (sorted by increasing frequency)
Frequency range: 24.4 - 10000000.0 Hz
Magnitude range: 53.5 - 26777.4 Ohm
Phase range: -95.68 - 95.24 deg

Testing different lambda values...
lambda = 1.0e-04: R_inf =   76.843, Mean residual =   89.091
lambda = 1.0e-03: R_inf =   74.297, Mean residual =   91.952
lambda = 1.0e-02: R_inf =   67.652, Mean residual =  106.628
lambda = 1.0e-01: R_inf =   47.588, Mean residual =  184.619
lambda = 1.0e+00: R_inf =  124.014, Mean residual =  615.869

Selected lambda = 1.0e-04 (best fit)
Recovered R_inf = 76.843166
DRT vector length = 198

Mean absolute residual: 89.091217
Max absolute residual : 1413.706790
Threshold 0.01: Found 4 peaks
  Peak 1: gamma = 433.8
  Peak 2: gamma = 12008.2
  Peak 3: gamma = 7564.5
  Peak 4: gamma = 6765.0
Threshold 0.05: Found 3 peaks
  Peak 1: gamma = 12008.2
  Peak 2: gamma = 7564.5
  Peak 3: gamma = 6765.0
Threshold 0.10: Found 3 peaks
  Peak 1: gamma = 12008.2
  Peak 2: gamma = 7564.5
  Peak 3: gamma = 6765.0
Threshold 0.15: Found 3 peaks
  Peak 1: gamma = 12008.2
  Peak 2: gamma = 7564.5
  Peak 3: gamma = 6765.0

Using height threshold: 600.4

Found 3 peaks in original data DRT
Peak 1: tau = 6.86e-06 s (f = 23189.98 Hz), gamma = 12008.1758
Peak 2: tau = 1.32e-06 s (f = 120573.34 Hz), gamma = 7564.5380
Peak 3: tau = 4.03e-07 s (f = 395126.38 Hz), gamma = 6764.9822

Fitted Original Data Circuit Parameters:
Peak | tau (s) | gamma (1/Ohm) | R (Ohm) | C (F) | n
----------------------------------------------------------
   1 | 6.64e-06 | 1.20e+04 | 7.99e+02 | 8.59e-09 | 0.708
   2 | 6.60e-06 | 1.20e+04 | 5.01e+02 | 2.64e-09 | 0.584
   3 | 1.36e-06 | 7.56e+03 | 4.47e+02 | 9.01e-10 | 0.654

Total series resistance: 1823.35 Ohm
High-frequency resistance (R_inf): 76.84 Ohm
Exiting: Iteration count is exceeded, exiting LSQNONNEG.
Try raising the tolerance (OPTIONS.TolX).

Kramers-Kronig consistency test:
  Real residual  : 0.32 %
  Imag residual  : 4.79 %
  Total residual : 1.20 %
  Status         : pass

Sensitivity analysis (24 bootstrap runs):
  Mean std. band : 1.5740e+03
  Max std. band  : 2.2664e+03
  Mean CV        : 37.13 %
  Max CV         : 181.28 %
Run complete at 2026-07-09 03:55:41
Running MATLAB 2011-compatible DRT workflow from: C:\Users\mitra\Downloads\matlab analysis
Removing 2 zero/negative frequency points
Loaded 198 frequency points (sorted by increasing frequency)
Frequency range: 24.4 - 10000000.0 Hz
Magnitude range: 51.2 - 24143.3 Ohm
Phase range: -96.25 - 96.81 deg

Testing different lambda values...
lambda = 1.0e-04: R_inf =   72.966, Mean residual =   85.818
lambda = 1.0e-03: R_inf =   70.579, Mean residual =   88.714
lambda = 1.0e-02: R_inf =   64.439, Mean residual =  102.393
lambda = 1.0e-01: R_inf =   45.291, Mean residual =  174.551
lambda = 1.0e+00: R_inf =  117.401, Mean residual =  559.868

Selected lambda = 1.0e-04 (best fit)
Recovered R_inf = 72.966118
DRT vector length = 198

Mean absolute residual: 85.817924
Max absolute residual : 1434.849657
Threshold 0.01: Found 4 peaks
  Peak 1: gamma = 368.2
  Peak 2: gamma = 10784.7
  Peak 3: gamma = 6690.1
  Peak 4: gamma = 5955.2
Threshold 0.05: Found 3 peaks
  Peak 1: gamma = 10784.7
  Peak 2: gamma = 6690.1
  Peak 3: gamma = 5955.2
Threshold 0.10: Found 3 peaks
  Peak 1: gamma = 10784.7
  Peak 2: gamma = 6690.1
  Peak 3: gamma = 5955.2
Threshold 0.15: Found 3 peaks
  Peak 1: gamma = 10784.7
  Peak 2: gamma = 6690.1
  Peak 3: gamma = 5955.2

Using height threshold: 539.2

Found 3 peaks in original data DRT
Peak 1: tau = 6.02e-06 s (f = 26459.18 Hz), gamma = 10784.6987
Peak 2: tau = 1.16e-06 s (f = 137571.16 Hz), gamma = 6690.0802
Peak 3: tau = 3.77e-07 s (f = 422059.88 Hz), gamma = 5955.2121

Fitted Original Data Circuit Parameters:
Peak | tau (s) | gamma (1/Ohm) | R (Ohm) | C (F) | n
----------------------------------------------------------
   1 | 6.22e-06 | 1.08e+04 | 7.17e+02 | 8.39e-09 | 0.708
   2 | 5.78e-06 | 1.07e+04 | 4.43e+02 | 2.61e-09 | 0.584
   3 | 1.11e-06 | 6.69e+03 | 3.93e+02 | 9.59e-10 | 0.647

Total series resistance: 1625.83 Ohm
High-frequency resistance (R_inf): 72.97 Ohm
Exiting: Iteration count is exceeded, exiting LSQNONNEG.
Try raising the tolerance (OPTIONS.TolX).

Kramers-Kronig consistency test:
  Real residual  : 0.40 %
  Imag residual  : 5.39 %
  Total residual : 1.35 %
  Status         : pass

Sensitivity analysis (24 bootstrap runs):
  Mean std. band : 1.6386e+03
  Max std. band  : 2.0408e+03
  Mean CV        : 43.05 %
  Max CV         : 268.59 %
Run complete at 2026-07-09 03:55:47
Running MATLAB 2011-compatible DRT workflow from: C:\Users\mitra\Downloads\matlab analysis
Removing 2 zero/negative frequency points
Loaded 198 frequency points (sorted by increasing frequency)
Frequency range: 24.4 - 10000000.0 Hz
Magnitude range: 51.1 - 23856.2 Ohm
Phase range: -96.26 - 96.92 deg

Testing different lambda values...
lambda = 1.0e-04: R_inf =   70.995, Mean residual =   84.210
lambda = 1.0e-03: R_inf =   68.412, Mean residual =   87.367
lambda = 1.0e-02: R_inf =   61.699, Mean residual =  100.457
lambda = 1.0e-01: R_inf =   42.237, Mean residual =  172.257
lambda = 1.0e+00: R_inf =  114.037, Mean residual =  554.787

Selected lambda = 1.0e-04 (best fit)
Recovered R_inf = 70.994518
DRT vector length = 198

Mean absolute residual: 84.210113
Max absolute residual : 1432.808592
Threshold 0.01: Found 4 peaks
  Peak 1: gamma = 164.7
  Peak 2: gamma = 11020.3
  Peak 3: gamma = 6748.4
  Peak 4: gamma = 6324.8
Threshold 0.05: Found 3 peaks
  Peak 1: gamma = 11020.3
  Peak 2: gamma = 6748.4
  Peak 3: gamma = 6324.8
Threshold 0.10: Found 3 peaks
  Peak 1: gamma = 11020.3
  Peak 2: gamma = 6748.4
  Peak 3: gamma = 6324.8
Threshold 0.15: Found 3 peaks
  Peak 1: gamma = 11020.3
  Peak 2: gamma = 6748.4
  Peak 3: gamma = 6324.8

Using height threshold: 551.0

Found 3 peaks in original data DRT
Peak 1: tau = 6.02e-06 s (f = 26459.18 Hz), gamma = 11020.2926
Peak 2: tau = 1.24e-06 s (f = 128792.14 Hz), gamma = 6748.3917
Peak 3: tau = 3.30e-07 s (f = 481559.72 Hz), gamma = 6324.8423

Fitted Original Data Circuit Parameters:
Peak | tau (s) | gamma (1/Ohm) | R (Ohm) | C (F) | n
----------------------------------------------------------
   1 | 6.22e-06 | 1.10e+04 | 7.33e+02 | 8.20e-09 | 0.708
   2 | 6.18e-06 | 1.10e+04 | 4.47e+02 | 2.76e-09 | 0.584
   3 | 1.19e-06 | 6.75e+03 | 4.18e+02 | 7.91e-10 | 0.661

Total series resistance: 1669.07 Ohm
High-frequency resistance (R_inf): 70.99 Ohm
Exiting: Iteration count is exceeded, exiting LSQNONNEG.
Try raising the tolerance (OPTIONS.TolX).

Kramers-Kronig consistency test:
  Real residual  : 0.41 %
  Imag residual  : 5.41 %
  Total residual : 1.36 %
  Status         : pass

Sensitivity analysis (24 bootstrap runs):
  Mean std. band : 1.4570e+03
  Max std. band  : 2.3456e+03
  Mean CV        : 39.27 %
  Max CV         : 209.05 %
Run complete at 2026-07-09 03:55:54
Running MATLAB 2011-compatible DRT workflow from: C:\Users\mitra\Downloads\matlab analysis
Removing 2 zero/negative frequency points
Loaded 198 frequency points (sorted by increasing frequency)
Frequency range: 24.4 - 10000000.0 Hz
Magnitude range: 50.9 - 22079.1 Ohm
Phase range: -96.73 - 97.54 deg

Testing different lambda values...
lambda = 1.0e-04: R_inf =   72.064, Mean residual =   83.537
lambda = 1.0e-03: R_inf =   69.865, Mean residual =   86.498
lambda = 1.0e-02: R_inf =   63.923, Mean residual =   98.721
lambda = 1.0e-01: R_inf =   45.780, Mean residual =  164.772
lambda = 1.0e+00: R_inf =  114.482, Mean residual =  515.043

Selected lambda = 1.0e-04 (best fit)
Recovered R_inf = 72.063737
DRT vector length = 198

Mean absolute residual: 83.536836
Max absolute residual : 1429.635711
Threshold 0.01: Found 5 peaks
  Peak 1: gamma = 355.1
  Peak 2: gamma = 10208.4
  Peak 3: gamma = 5996.7
  Peak 4: gamma = 5585.8
  Peak 5: gamma = 5239.0
Threshold 0.05: Found 4 peaks
  Peak 1: gamma = 10208.4
  Peak 2: gamma = 5996.7
  Peak 3: gamma = 5585.8
  Peak 4: gamma = 5239.0
Threshold 0.10: Found 4 peaks
  Peak 1: gamma = 10208.4
  Peak 2: gamma = 5996.7
  Peak 3: gamma = 5585.8
  Peak 4: gamma = 5239.0
Threshold 0.15: Found 4 peaks
  Peak 1: gamma = 10208.4
  Peak 2: gamma = 5996.7
  Peak 3: gamma = 5585.8
  Peak 4: gamma = 5239.0

Using height threshold: 510.4

Found 4 peaks in original data DRT
Peak 1: tau = 5.63e-06 s (f = 28262.75 Hz), gamma = 10208.3931
Peak 2: tau = 1.08e-06 s (f = 146948.59 Hz), gamma = 5996.6676
Peak 3: tau = 3.77e-07 s (f = 422059.88 Hz), gamma = 5585.8426
Peak 4: tau = 1.95e-07 s (f = 816120.85 Hz), gamma = 5239.0163

Fitted Original Data Circuit Parameters:
Peak | tau (s) | gamma (1/Ohm) | R (Ohm) | C (F) | n
----------------------------------------------------------
   1 | 5.45e-06 | 1.02e+04 | 6.79e+02 | 8.29e-09 | 0.716
   2 | 5.42e-06 | 1.02e+04 | 3.97e+02 | 2.73e-09 | 0.584
   3 | 1.11e-06 | 6.00e+03 | 3.69e+02 | 1.02e-09 | 0.640
   4 | 9.75e-07 | 5.86e+03 | 3.47e+02 | 5.63e-10 | 0.716

Total series resistance: 1863.82 Ohm
High-frequency resistance (R_inf): 72.06 Ohm
Exiting: Iteration count is exceeded, exiting LSQNONNEG.
Try raising the tolerance (OPTIONS.TolX).

Kramers-Kronig consistency test:
  Real residual  : 0.40 %
  Imag residual  : 5.83 %
  Total residual : 1.44 %
  Status         : pass

Sensitivity analysis (24 bootstrap runs):
  Mean std. band : 1.6129e+03
  Max std. band  : 2.0456e+03
  Mean CV        : 41.80 %
  Max CV         : 118.49 %
Run complete at 2026-07-09 03:56:00
Running MATLAB 2011-compatible DRT workflow from: C:\Users\mitra\Downloads\matlab analysis
Removing 2 zero/negative frequency points
Loaded 198 frequency points (sorted by increasing frequency)
Frequency range: 24.4 - 10000000.0 Hz
Magnitude range: 50.8 - 21669.8 Ohm
Phase range: -96.30 - 97.47 deg

Testing different lambda values...
lambda = 1.0e-04: R_inf =   70.631, Mean residual =   80.930
lambda = 1.0e-03: R_inf =   68.365, Mean residual =   83.941
lambda = 1.0e-02: R_inf =   62.499, Mean residual =   95.970
lambda = 1.0e-01: R_inf =   45.271, Mean residual =  160.410
lambda = 1.0e+00: R_inf =  113.765, Mean residual =  505.458

Selected lambda = 1.0e-04 (best fit)
Recovered R_inf = 70.631007
DRT vector length = 198

Mean absolute residual: 80.930358
Max absolute residual : 1426.427738
Threshold 0.01: Found 5 peaks
  Peak 1: gamma = 214.7
  Peak 2: gamma = 9981.9
  Peak 3: gamma = 6018.9
  Peak 4: gamma = 5326.0
  Peak 5: gamma = 5225.8
Threshold 0.05: Found 4 peaks
  Peak 1: gamma = 9981.9
  Peak 2: gamma = 6018.9
  Peak 3: gamma = 5326.0
  Peak 4: gamma = 5225.8
Threshold 0.10: Found 4 peaks
  Peak 1: gamma = 9981.9
  Peak 2: gamma = 6018.9
  Peak 3: gamma = 5326.0
  Peak 4: gamma = 5225.8
Threshold 0.15: Found 4 peaks
  Peak 1: gamma = 9981.9
  Peak 2: gamma = 6018.9
  Peak 3: gamma = 5326.0
  Peak 4: gamma = 5225.8

Using height threshold: 499.1

Found 4 peaks in original data DRT
Peak 1: tau = 5.63e-06 s (f = 28262.75 Hz), gamma = 9981.8976
Peak 2: tau = 1.08e-06 s (f = 146948.59 Hz), gamma = 6018.8969
Peak 3: tau = 3.77e-07 s (f = 422059.88 Hz), gamma = 5326.0063
Peak 4: tau = 1.95e-07 s (f = 816120.85 Hz), gamma = 5225.8476

Fitted Original Data Circuit Parameters:
Peak | tau (s) | gamma (1/Ohm) | R (Ohm) | C (F) | n
----------------------------------------------------------
   1 | 5.45e-06 | 9.98e+03 | 6.64e+02 | 8.48e-09 | 0.716
   2 | 5.42e-06 | 9.97e+03 | 3.98e+02 | 2.72e-09 | 0.584
   3 | 1.11e-06 | 6.02e+03 | 3.52e+02 | 1.07e-09 | 0.640
   4 | 9.75e-07 | 5.89e+03 | 3.45e+02 | 5.65e-10 | 0.716

Total series resistance: 1830.39 Ohm
High-frequency resistance (R_inf): 70.63 Ohm
Exiting: Iteration count is exceeded, exiting LSQNONNEG.
Try raising the tolerance (OPTIONS.TolX).

Kramers-Kronig consistency test:
  Real residual  : 0.40 %
  Imag residual  : 5.90 %
  Total residual : 1.45 %
  Status         : pass

Sensitivity analysis (24 bootstrap runs):
  Mean std. band : 1.6537e+03
  Max std. band  : 2.3338e+03
  Mean CV        : 44.94 %
  Max CV         : 159.10 %
Run complete at 2026-07-09 03:56:07
Running MATLAB 2011-compatible DRT workflow from: C:\Users\mitra\Downloads\matlab analysis
Removing 2 zero/negative frequency points
Loaded 198 frequency points (sorted by increasing frequency)
Frequency range: 24.4 - 10000000.0 Hz
Magnitude range: 51.0 - 20497.0 Ohm
Phase range: -96.30 - 97.44 deg

Testing different lambda values...
